<?xml version="1.0" encoding="UTF-8"?>
<robot generator="Robot 4.1.1 (Python 3.6.9 on linux)" generated="20211024 05:12:47.693" rpa="false" schemaversion="2">
<suite id="s1" name="FeatureTests" source="/home/ming/110-1_Database-System_Project/tests/RobotTests/FeatureTests.robot">
<kw name="Run Keywords" library="BuiltIn" type="SETUP">
<arg>Open Browser</arg>
<arg>${webSiteURL}</arg>
<arg>${browser}</arg>
<arg>AND</arg>
<arg>Maximize Browser Window</arg>
<doc>Executes all the given keywords in a sequence.</doc>
<kw name="Open Browser" library="Selenium2Library">
<arg>${webSiteURL}</arg>
<arg>${browser}</arg>
<doc>Opens a new browser instance to the optional ``url``.</doc>
<msg timestamp="20211024 05:12:47.829" level="INFO">Opening browser 'firefox' to base url 'http://192.168.0.158:5000'.</msg>
<msg timestamp="20211024 05:12:47.829" level="INFO">Firefox driver log is always forced to to: /home/ming/110-1_Database-System_Project/geckodriver-1.log</msg>
<status status="PASS" starttime="20211024 05:12:47.829" endtime="20211024 05:12:51.739"/>
</kw>
<kw name="Maximize Browser Window" library="Selenium2Library">
<doc>Maximizes current browser window.</doc>
<status status="PASS" starttime="20211024 05:12:51.739" endtime="20211024 05:12:52.118"/>
</kw>
<status status="PASS" starttime="20211024 05:12:47.828" endtime="20211024 05:12:52.118"/>
</kw>
<test id="s1-t1" name="Login Page">
<kw name="Go to Login Page" library="common" type="SETUP">
<kw name="Common::Click Navbar Button" library="common">
<arg>Login</arg>
<kw name="Common::Wait Until Navbar Button Is Visible" library="common">
<var>${button}</var>
<arg>${buttonName}</arg>
<kw name="Set Variable" library="BuiltIn">
<var>${button}</var>
<arg>//*[contains(@class, 'navbar')]//*[contains(@class, 'nav-link') and normalize-space()='${buttonName}']</arg>
<doc>Returns the given values which can then be assigned to a variables.</doc>
<msg timestamp="20211024 05:12:52.123" level="INFO">${button} = //*[contains(@class, 'navbar')]//*[contains(@class, 'nav-link') and normalize-space()='Login']</msg>
<status status="PASS" starttime="20211024 05:12:52.123" endtime="20211024 05:12:52.123"/>
</kw>
<kw name="Wait Until Element Is Visible" library="Selenium2Library">
<arg>${button}</arg>
<arg>${shortPeriodOfTime}</arg>
<arg>'${buttonName} Button Should Be Visible'</arg>
<doc>Waits until the element ``locator`` is visible.</doc>
<status status="PASS" starttime="20211024 05:12:52.123" endtime="20211024 05:12:52.169"/>
</kw>
<msg timestamp="20211024 05:12:52.169" level="INFO">${button} = //*[contains(@class, 'navbar')]//*[contains(@class, 'nav-link') and normalize-space()='Login']</msg>
<status status="PASS" starttime="20211024 05:12:52.123" endtime="20211024 05:12:52.169"/>
</kw>
<kw name="Click Element" library="Selenium2Library">
<arg>${button}</arg>
<doc>Click the element identified by ``locator``.</doc>
<msg timestamp="20211024 05:12:52.170" level="INFO">Clicking element '//*[contains(@class, 'navbar')]//*[contains(@class, 'nav-link') and normalize-space()='Login']'.</msg>
<status status="PASS" starttime="20211024 05:12:52.169" endtime="20211024 05:12:52.380"/>
</kw>
<status status="PASS" starttime="20211024 05:12:52.122" endtime="20211024 05:12:52.380"/>
</kw>
<kw name="Common::Wait Until Navbar Contains" library="common">
<arg>Home</arg>
<arg>Products</arg>
<arg>Login</arg>
<arg>Sign-up</arg>
<for flavor="IN">
<var>${buttonName}</var>
<value>@{buttonNames}</value>
<iter>
<var name="${buttonName}">Home</var>
<kw name="Common::Wait Until Navbar Button Is Visible" library="common">
<arg>${buttonName}</arg>
<kw name="Set Variable" library="BuiltIn">
<var>${button}</var>
<arg>//*[contains(@class, 'navbar')]//*[contains(@class, 'nav-link') and normalize-space()='${buttonName}']</arg>
<doc>Returns the given values which can then be assigned to a variables.</doc>
<msg timestamp="20211024 05:12:52.384" level="INFO">${button} = //*[contains(@class, 'navbar')]//*[contains(@class, 'nav-link') and normalize-space()='Home']</msg>
<status status="PASS" starttime="20211024 05:12:52.383" endtime="20211024 05:12:52.384"/>
</kw>
<kw name="Wait Until Element Is Visible" library="Selenium2Library">
<arg>${button}</arg>
<arg>${shortPeriodOfTime}</arg>
<arg>'${buttonName} Button Should Be Visible'</arg>
<doc>Waits until the element ``locator`` is visible.</doc>
<status status="PASS" starttime="20211024 05:12:52.384" endtime="20211024 05:12:52.453"/>
</kw>
<status status="PASS" starttime="20211024 05:12:52.383" endtime="20211024 05:12:52.454"/>
</kw>
<status status="PASS" starttime="20211024 05:12:52.383" endtime="20211024 05:12:52.454"/>
</iter>
<iter>
<var name="${buttonName}">Products</var>
<kw name="Common::Wait Until Navbar Button Is Visible" library="common">
<arg>${buttonName}</arg>
<kw name="Set Variable" library="BuiltIn">
<var>${button}</var>
<arg>//*[contains(@class, 'navbar')]//*[contains(@class, 'nav-link') and normalize-space()='${buttonName}']</arg>
<doc>Returns the given values which can then be assigned to a variables.</doc>
<msg timestamp="20211024 05:12:52.455" level="INFO">${button} = //*[contains(@class, 'navbar')]//*[contains(@class, 'nav-link') and normalize-space()='Products']</msg>
<status status="PASS" starttime="20211024 05:12:52.455" endtime="20211024 05:12:52.455"/>
</kw>
<kw name="Wait Until Element Is Visible" library="Selenium2Library">
<arg>${button}</arg>
<arg>${shortPeriodOfTime}</arg>
<arg>'${buttonName} Button Should Be Visible'</arg>
<doc>Waits until the element ``locator`` is visible.</doc>
<status status="PASS" starttime="20211024 05:12:52.455" endtime="20211024 05:12:52.487"/>
</kw>
<status status="PASS" starttime="20211024 05:12:52.454" endtime="20211024 05:12:52.487"/>
</kw>
<status status="PASS" starttime="20211024 05:12:52.454" endtime="20211024 05:12:52.487"/>
</iter>
<iter>
<var name="${buttonName}">Login</var>
<kw name="Common::Wait Until Navbar Button Is Visible" library="common">
<arg>${buttonName}</arg>
<kw name="Set Variable" library="BuiltIn">
<var>${button}</var>
<arg>//*[contains(@class, 'navbar')]//*[contains(@class, 'nav-link') and normalize-space()='${buttonName}']</arg>
<doc>Returns the given values which can then be assigned to a variables.</doc>
<msg timestamp="20211024 05:12:52.488" level="INFO">${button} = //*[contains(@class, 'navbar')]//*[contains(@class, 'nav-link') and normalize-space()='Login']</msg>
<status status="PASS" starttime="20211024 05:12:52.488" endtime="20211024 05:12:52.488"/>
</kw>
<kw name="Wait Until Element Is Visible" library="Selenium2Library">
<arg>${button}</arg>
<arg>${shortPeriodOfTime}</arg>
<arg>'${buttonName} Button Should Be Visible'</arg>
<doc>Waits until the element ``locator`` is visible.</doc>
<status status="PASS" starttime="20211024 05:12:52.488" endtime="20211024 05:12:52.515"/>
</kw>
<status status="PASS" starttime="20211024 05:12:52.487" endtime="20211024 05:12:52.515"/>
</kw>
<status status="PASS" starttime="20211024 05:12:52.487" endtime="20211024 05:12:52.515"/>
</iter>
<iter>
<var name="${buttonName}">Sign-up</var>
<kw name="Common::Wait Until Navbar Button Is Visible" library="common">
<arg>${buttonName}</arg>
<kw name="Set Variable" library="BuiltIn">
<var>${button}</var>
<arg>//*[contains(@class, 'navbar')]//*[contains(@class, 'nav-link') and normalize-space()='${buttonName}']</arg>
<doc>Returns the given values which can then be assigned to a variables.</doc>
<msg timestamp="20211024 05:12:52.516" level="INFO">${button} = //*[contains(@class, 'navbar')]//*[contains(@class, 'nav-link') and normalize-space()='Sign-up']</msg>
<status status="PASS" starttime="20211024 05:12:52.516" endtime="20211024 05:12:52.516"/>
</kw>
<kw name="Wait Until Element Is Visible" library="Selenium2Library">
<arg>${button}</arg>
<arg>${shortPeriodOfTime}</arg>
<arg>'${buttonName} Button Should Be Visible'</arg>
<doc>Waits until the element ``locator`` is visible.</doc>
<status status="PASS" starttime="20211024 05:12:52.517" endtime="20211024 05:12:52.549"/>
</kw>
<status status="PASS" starttime="20211024 05:12:52.516" endtime="20211024 05:12:52.549"/>
</kw>
<status status="PASS" starttime="20211024 05:12:52.516" endtime="20211024 05:12:52.549"/>
</iter>
<status status="PASS" starttime="20211024 05:12:52.382" endtime="20211024 05:12:52.550"/>
</for>
<status status="PASS" starttime="20211024 05:12:52.381" endtime="20211024 05:12:52.550"/>
</kw>
<status status="PASS" starttime="20211024 05:12:52.122" endtime="20211024 05:12:52.550"/>
</kw>
<kw name="Verify Login As Customer" library="UIR-03_Login">
<kw name="Login Page::Wait Until Login Form Is Visible" library="UIR-03_Login">
<kw name="Set Variable" library="BuiltIn">
<var>${usernameField}</var>
<arg>//form//*[@id='username']</arg>
<doc>Returns the given values which can then be assigned to a variables.</doc>
<msg timestamp="20211024 05:12:52.551" level="INFO">${usernameField} = //form//*[@id='username']</msg>
<status status="PASS" starttime="20211024 05:12:52.551" endtime="20211024 05:12:52.551"/>
</kw>
<kw name="Set Variable" library="BuiltIn">
<var>${passwordField}</var>
<arg>//form//*[@id='password']</arg>
<doc>Returns the given values which can then be assigned to a variables.</doc>
<msg timestamp="20211024 05:12:52.552" level="INFO">${passwordField} = //form//*[@id='password']</msg>
<status status="PASS" starttime="20211024 05:12:52.551" endtime="20211024 05:12:52.552"/>
</kw>
<kw name="Set Variable" library="BuiltIn">
<var>${rememberMeCheckBox}</var>
<arg>//form//*[@id='remember_me']</arg>
<doc>Returns the given values which can then be assigned to a variables.</doc>
<msg timestamp="20211024 05:12:52.552" level="INFO">${rememberMeCheckBox} = //form//*[@id='remember_me']</msg>
<status status="PASS" starttime="20211024 05:12:52.552" endtime="20211024 05:12:52.552"/>
</kw>
<kw name="Set Variable" library="BuiltIn">
<var>${loginButton}</var>
<arg>//form//*[@id='submit']</arg>
<doc>Returns the given values which can then be assigned to a variables.</doc>
<msg timestamp="20211024 05:12:52.552" level="INFO">${loginButton} = //form//*[@id='submit']</msg>
<status status="PASS" starttime="20211024 05:12:52.552" endtime="20211024 05:12:52.552"/>
</kw>
<kw name="Wait Until Element Is Visible" library="Selenium2Library">
<arg>${usernameField}</arg>
<arg>${shortPeriodOfTime}</arg>
<arg>'Username Field Should Be Visible'</arg>
<doc>Waits until the element ``locator`` is visible.</doc>
<status status="PASS" starttime="20211024 05:12:52.552" endtime="20211024 05:12:52.586"/>
</kw>
<kw name="Wait Until Element Is Visible" library="Selenium2Library">
<arg>${passwordField}</arg>
<arg>${shortPeriodOfTime}</arg>
<arg>'Password Field Should Be Visible'</arg>
<doc>Waits until the element ``locator`` is visible.</doc>
<status status="PASS" starttime="20211024 05:12:52.587" endtime="20211024 05:12:52.617"/>
</kw>
<kw name="Wait Until Element Is Visible" library="Selenium2Library">
<arg>${rememberMeCheckBox}</arg>
<arg>${shortPeriodOfTime}</arg>
<arg>'Remember Me Check Box Should Be Visible'</arg>
<doc>Waits until the element ``locator`` is visible.</doc>
<status status="PASS" starttime="20211024 05:12:52.617" endtime="20211024 05:12:52.660"/>
</kw>
<kw name="Wait Until Element Is Visible" library="Selenium2Library">
<arg>${loginButton}</arg>
<arg>${shortPeriodOfTime}</arg>
<arg>'Login Button Should Be Visible'</arg>
<doc>Waits until the element ``locator`` is visible.</doc>
<status status="PASS" starttime="20211024 05:12:52.660" endtime="20211024 05:12:52.700"/>
</kw>
<kw name="Do Not Have An Account Button Should Be Visible" library="UIR-03_Login">
<kw name="Set Variable" library="BuiltIn">
<var>${doNotHaveAnAccountButton}</var>
<arg>//*[contains(@class, 'card-footer')]//*[normalize-space()='Do not have an account?']</arg>
<doc>Returns the given values which can then be assigned to a variables.</doc>
<msg timestamp="20211024 05:12:52.701" level="INFO">${doNotHaveAnAccountButton} = //*[contains(@class, 'card-footer')]//*[normalize-space()='Do not have an account?']</msg>
<status status="PASS" starttime="20211024 05:12:52.701" endtime="20211024 05:12:52.701"/>
</kw>
<kw name="Wait Until Element Is Visible" library="Selenium2Library">
<arg>${doNotHaveAnAccountButton}</arg>
<arg>${shortPeriodOfTime}</arg>
<arg>'Do Not Have An Account Button Should Be Visible'</arg>
<doc>Waits until the element ``locator`` is visible.</doc>
<status status="PASS" starttime="20211024 05:12:52.701" endtime="20211024 05:12:52.766"/>
</kw>
<status status="PASS" starttime="20211024 05:12:52.701" endtime="20211024 05:12:52.767"/>
</kw>
<kw name="Forgot Password Button Should Be Visible" library="UIR-03_Login">
<kw name="Set Variable" library="BuiltIn">
<var>${forgotPasswordButton}</var>
<arg>//*[contains(@class, 'card-footer')]//*[normalize-space()='Forgot Your Password?']</arg>
<doc>Returns the given values which can then be assigned to a variables.</doc>
<msg timestamp="20211024 05:12:52.768" level="INFO">${forgotPasswordButton} = //*[contains(@class, 'card-footer')]//*[normalize-space()='Forgot Your Password?']</msg>
<status status="PASS" starttime="20211024 05:12:52.768" endtime="20211024 05:12:52.768"/>
</kw>
<kw name="Wait Until Element Is Visible" library="Selenium2Library">
<arg>${forgotPasswordButton}</arg>
<arg>${shortPeriodOfTime}</arg>
<arg>'Forgot Password Button Should Be Visible'</arg>
<doc>Waits until the element ``locator`` is visible.</doc>
<status status="PASS" starttime="20211024 05:12:52.769" endtime="20211024 05:12:52.828"/>
</kw>
<status status="PASS" starttime="20211024 05:12:52.767" endtime="20211024 05:12:52.828"/>
</kw>
<status status="PASS" starttime="20211024 05:12:52.551" endtime="20211024 05:12:52.828"/>
</kw>
<kw name="Login Page::Login As" library="UIR-03_Login">
<arg>${customer}</arg>
<kw name="Input Text" library="Selenium2Library">
<arg>//form//*[@id='username']</arg>
<arg>${user}[username]</arg>
<doc>Types the given ``text`` into the text field identified by ``locator``.</doc>
<msg timestamp="20211024 05:12:52.829" level="INFO">Typing text 'user' into text field '//form//*[@id='username']'.</msg>
<status status="PASS" starttime="20211024 05:12:52.829" endtime="20211024 05:12:52.878"/>
</kw>
<kw name="Input Text" library="Selenium2Library">
<arg>//form//*[@id='password']</arg>
<arg>${user}[password]</arg>
<doc>Types the given ``text`` into the text field identified by ``locator``.</doc>
<msg timestamp="20211024 05:12:52.879" level="INFO">Typing text 'user' into text field '//form//*[@id='password']'.</msg>
<status status="PASS" starttime="20211024 05:12:52.878" endtime="20211024 05:12:52.932"/>
</kw>
<kw name="Run Keyword If" library="BuiltIn">
<arg>'${rememberMe}'=='${True}'</arg>
<arg>Click Element</arg>
<arg>//form//*[@id='remember_me']</arg>
<doc>Runs the given keyword with the given arguments, if ``condition`` is true.</doc>
<status status="PASS" starttime="20211024 05:12:52.932" endtime="20211024 05:12:52.932"/>
</kw>
<kw name="Click Element" library="Selenium2Library">
<arg>//form//*[@id='submit']</arg>
<doc>Click the element identified by ``locator``.</doc>
<msg timestamp="20211024 05:12:52.933" level="INFO">Clicking element '//form//*[@id='submit']'.</msg>
<status status="PASS" starttime="20211024 05:12:52.933" endtime="20211024 05:12:53.396"/>
</kw>
<status status="PASS" starttime="20211024 05:12:52.828" endtime="20211024 05:12:53.396"/>
</kw>
<kw name="Flash::Wait Until Flash Message With Category Is Visible" library="flash">
<arg>Login successful!</arg>
<arg>success</arg>
<kw name="Set Variable" library="BuiltIn">
<var>${flaskBox}</var>
<arg>//*[contains(@class, 'alert-${category}')]//*[contains(@class, 'flash')]</arg>
<doc>Returns the given values which can then be assigned to a variables.</doc>
<msg timestamp="20211024 05:12:53.397" level="INFO">${flaskBox} = //*[contains(@class, 'alert-success')]//*[contains(@class, 'flash')]</msg>
<status status="PASS" starttime="20211024 05:12:53.397" endtime="20211024 05:12:53.397"/>
</kw>
<kw name="Set Variable" library="BuiltIn">
<var>${flaskMessage}</var>
<arg>//*[contains(@class, 'alert')]//*[contains(@class, 'flash') and normalize-space()='${message}']</arg>
<doc>Returns the given values which can then be assigned to a variables.</doc>
<msg timestamp="20211024 05:12:53.398" level="INFO">${flaskMessage} = //*[contains(@class, 'alert')]//*[contains(@class, 'flash') and normalize-space()='Login successful!']</msg>
<status status="PASS" starttime="20211024 05:12:53.397" endtime="20211024 05:12:53.398"/>
</kw>
<kw name="Set Variable" library="BuiltIn">
<var>${flaskCloseButton}</var>
<arg>//*[contains(@class, 'alert')]//*[contains(@class, 'flash')]//button[contains(@class, 'btn-close')]</arg>
<doc>Returns the given values which can then be assigned to a variables.</doc>
<msg timestamp="20211024 05:12:53.400" level="INFO">${flaskCloseButton} = //*[contains(@class, 'alert')]//*[contains(@class, 'flash')]//button[contains(@class, 'btn-close')]</msg>
<status status="PASS" starttime="20211024 05:12:53.398" endtime="20211024 05:12:53.401"/>
</kw>
<kw name="Wait Until Element Is Visible" library="Selenium2Library">
<arg>${flaskBox}</arg>
<arg>${shortPeriodOfTime}</arg>
<arg>'Flash Box Should Be Visible'</arg>
<doc>Waits until the element ``locator`` is visible.</doc>
<status status="PASS" starttime="20211024 05:12:53.401" endtime="20211024 05:12:53.454"/>
</kw>
<kw name="Wait Until Element Is Visible" library="Selenium2Library">
<arg>${flaskMessage}</arg>
<arg>${shortPeriodOfTime}</arg>
<arg>'Flash Message Should Be Visible'</arg>
<doc>Waits until the element ``locator`` is visible.</doc>
<status status="PASS" starttime="20211024 05:12:53.454" endtime="20211024 05:12:53.483"/>
</kw>
<kw name="Wait Until Element Is Visible" library="Selenium2Library">
<arg>${flaskCloseButton}</arg>
<arg>${shortPeriodOfTime}</arg>
<arg>'Flash Close Button Should Be Visible'</arg>
<doc>Waits until the element ``locator`` is visible.</doc>
<status status="PASS" starttime="20211024 05:12:53.483" endtime="20211024 05:12:53.513"/>
</kw>
<status status="PASS" starttime="20211024 05:12:53.397" endtime="20211024 05:12:53.514"/>
</kw>
<kw name="Common::Wait Until Navbar Contains" library="common">
<arg>Home</arg>
<arg>Products</arg>
<arg>Shopping Cart</arg>
<arg>${customer}[username]</arg>
<arg>Logout</arg>
<for flavor="IN">
<var>${buttonName}</var>
<value>@{buttonNames}</value>
<iter>
<var name="${buttonName}">Home</var>
<kw name="Common::Wait Until Navbar Button Is Visible" library="common">
<arg>${buttonName}</arg>
<kw name="Set Variable" library="BuiltIn">
<var>${button}</var>
<arg>//*[contains(@class, 'navbar')]//*[contains(@class, 'nav-link') and normalize-space()='${buttonName}']</arg>
<doc>Returns the given values which can then be assigned to a variables.</doc>
<msg timestamp="20211024 05:12:53.518" level="INFO">${button} = //*[contains(@class, 'navbar')]//*[contains(@class, 'nav-link') and normalize-space()='Home']</msg>
<status status="PASS" starttime="20211024 05:12:53.516" endtime="20211024 05:12:53.518"/>
</kw>
<kw name="Wait Until Element Is Visible" library="Selenium2Library">
<arg>${button}</arg>
<arg>${shortPeriodOfTime}</arg>
<arg>'${buttonName} Button Should Be Visible'</arg>
<doc>Waits until the element ``locator`` is visible.</doc>
<status status="PASS" starttime="20211024 05:12:53.518" endtime="20211024 05:12:53.549"/>
</kw>
<status status="PASS" starttime="20211024 05:12:53.515" endtime="20211024 05:12:53.549"/>
</kw>
<status status="PASS" starttime="20211024 05:12:53.515" endtime="20211024 05:12:53.549"/>
</iter>
<iter>
<var name="${buttonName}">Products</var>
<kw name="Common::Wait Until Navbar Button Is Visible" library="common">
<arg>${buttonName}</arg>
<kw name="Set Variable" library="BuiltIn">
<var>${button}</var>
<arg>//*[contains(@class, 'navbar')]//*[contains(@class, 'nav-link') and normalize-space()='${buttonName}']</arg>
<doc>Returns the given values which can then be assigned to a variables.</doc>
<msg timestamp="20211024 05:12:53.552" level="INFO">${button} = //*[contains(@class, 'navbar')]//*[contains(@class, 'nav-link') and normalize-space()='Products']</msg>
<status status="PASS" starttime="20211024 05:12:53.551" endtime="20211024 05:12:53.552"/>
</kw>
<kw name="Wait Until Element Is Visible" library="Selenium2Library">
<arg>${button}</arg>
<arg>${shortPeriodOfTime}</arg>
<arg>'${buttonName} Button Should Be Visible'</arg>
<doc>Waits until the element ``locator`` is visible.</doc>
<status status="PASS" starttime="20211024 05:12:53.552" endtime="20211024 05:12:53.596"/>
</kw>
<status status="PASS" starttime="20211024 05:12:53.551" endtime="20211024 05:12:53.597"/>
</kw>
<status status="PASS" starttime="20211024 05:12:53.549" endtime="20211024 05:12:53.597"/>
</iter>
<iter>
<var name="${buttonName}">Shopping Cart</var>
<kw name="Common::Wait Until Navbar Button Is Visible" library="common">
<arg>${buttonName}</arg>
<kw name="Set Variable" library="BuiltIn">
<var>${button}</var>
<arg>//*[contains(@class, 'navbar')]//*[contains(@class, 'nav-link') and normalize-space()='${buttonName}']</arg>
<doc>Returns the given values which can then be assigned to a variables.</doc>
<msg timestamp="20211024 05:12:53.598" level="INFO">${button} = //*[contains(@class, 'navbar')]//*[contains(@class, 'nav-link') and normalize-space()='Shopping Cart']</msg>
<status status="PASS" starttime="20211024 05:12:53.598" endtime="20211024 05:12:53.598"/>
</kw>
<kw name="Wait Until Element Is Visible" library="Selenium2Library">
<arg>${button}</arg>
<arg>${shortPeriodOfTime}</arg>
<arg>'${buttonName} Button Should Be Visible'</arg>
<doc>Waits until the element ``locator`` is visible.</doc>
<status status="PASS" starttime="20211024 05:12:53.598" endtime="20211024 05:12:53.649"/>
</kw>
<status status="PASS" starttime="20211024 05:12:53.597" endtime="20211024 05:12:53.649"/>
</kw>
<status status="PASS" starttime="20211024 05:12:53.597" endtime="20211024 05:12:53.649"/>
</iter>
<iter>
<var name="${buttonName}">user</var>
<kw name="Common::Wait Until Navbar Button Is Visible" library="common">
<arg>${buttonName}</arg>
<kw name="Set Variable" library="BuiltIn">
<var>${button}</var>
<arg>//*[contains(@class, 'navbar')]//*[contains(@class, 'nav-link') and normalize-space()='${buttonName}']</arg>
<doc>Returns the given values which can then be assigned to a variables.</doc>
<msg timestamp="20211024 05:12:53.650" level="INFO">${button} = //*[contains(@class, 'navbar')]//*[contains(@class, 'nav-link') and normalize-space()='user']</msg>
<status status="PASS" starttime="20211024 05:12:53.650" endtime="20211024 05:12:53.650"/>
</kw>
<kw name="Wait Until Element Is Visible" library="Selenium2Library">
<arg>${button}</arg>
<arg>${shortPeriodOfTime}</arg>
<arg>'${buttonName} Button Should Be Visible'</arg>
<doc>Waits until the element ``locator`` is visible.</doc>
<status status="PASS" starttime="20211024 05:12:53.650" endtime="20211024 05:12:53.694"/>
</kw>
<status status="PASS" starttime="20211024 05:12:53.649" endtime="20211024 05:12:53.695"/>
</kw>
<status status="PASS" starttime="20211024 05:12:53.649" endtime="20211024 05:12:53.695"/>
</iter>
<iter>
<var name="${buttonName}">Logout</var>
<kw name="Common::Wait Until Navbar Button Is Visible" library="common">
<arg>${buttonName}</arg>
<kw name="Set Variable" library="BuiltIn">
<var>${button}</var>
<arg>//*[contains(@class, 'navbar')]//*[contains(@class, 'nav-link') and normalize-space()='${buttonName}']</arg>
<doc>Returns the given values which can then be assigned to a variables.</doc>
<msg timestamp="20211024 05:12:53.696" level="INFO">${button} = //*[contains(@class, 'navbar')]//*[contains(@class, 'nav-link') and normalize-space()='Logout']</msg>
<status status="PASS" starttime="20211024 05:12:53.696" endtime="20211024 05:12:53.696"/>
</kw>
<kw name="Wait Until Element Is Visible" library="Selenium2Library">
<arg>${button}</arg>
<arg>${shortPeriodOfTime}</arg>
<arg>'${buttonName} Button Should Be Visible'</arg>
<doc>Waits until the element ``locator`` is visible.</doc>
<status status="PASS" starttime="20211024 05:12:53.696" endtime="20211024 05:12:53.732"/>
</kw>
<status status="PASS" starttime="20211024 05:12:53.695" endtime="20211024 05:12:53.732"/>
</kw>
<status status="PASS" starttime="20211024 05:12:53.695" endtime="20211024 05:12:53.732"/>
</iter>
<status status="PASS" starttime="20211024 05:12:53.515" endtime="20211024 05:12:53.732"/>
</for>
<status status="PASS" starttime="20211024 05:12:53.514" endtime="20211024 05:12:53.733"/>
</kw>
<kw name="Run Keywords" library="BuiltIn" type="TEARDOWN">
<arg>Logout</arg>
<arg>AND</arg>
<arg>Go to Login Page</arg>
<doc>Executes all the given keywords in a sequence.</doc>
<kw name="Logout" library="common">
<kw name="Common::Click Navbar Button" library="common">
<arg>Logout</arg>
<kw name="Common::Wait Until Navbar Button Is Visible" library="common">
<var>${button}</var>
<arg>${buttonName}</arg>
<kw name="Set Variable" library="BuiltIn">
<var>${button}</var>
<arg>//*[contains(@class, 'navbar')]//*[contains(@class, 'nav-link') and normalize-space()='${buttonName}']</arg>
<doc>Returns the given values which can then be assigned to a variables.</doc>
<msg timestamp="20211024 05:12:53.735" level="INFO">${button} = //*[contains(@class, 'navbar')]//*[contains(@class, 'nav-link') and normalize-space()='Logout']</msg>
<status status="PASS" starttime="20211024 05:12:53.734" endtime="20211024 05:12:53.735"/>
</kw>
<kw name="Wait Until Element Is Visible" library="Selenium2Library">
<arg>${button}</arg>
<arg>${shortPeriodOfTime}</arg>
<arg>'${buttonName} Button Should Be Visible'</arg>
<doc>Waits until the element ``locator`` is visible.</doc>
<status status="PASS" starttime="20211024 05:12:53.735" endtime="20211024 05:12:53.774"/>
</kw>
<msg timestamp="20211024 05:12:53.775" level="INFO">${button} = //*[contains(@class, 'navbar')]//*[contains(@class, 'nav-link') and normalize-space()='Logout']</msg>
<status status="PASS" starttime="20211024 05:12:53.734" endtime="20211024 05:12:53.775"/>
</kw>
<kw name="Click Element" library="Selenium2Library">
<arg>${button}</arg>
<doc>Click the element identified by ``locator``.</doc>
<msg timestamp="20211024 05:12:53.776" level="INFO">Clicking element '//*[contains(@class, 'navbar')]//*[contains(@class, 'nav-link') and normalize-space()='Logout']'.</msg>
<status status="PASS" starttime="20211024 05:12:53.775" endtime="20211024 05:12:53.985"/>
</kw>
<status status="PASS" starttime="20211024 05:12:53.733" endtime="20211024 05:12:53.985"/>
</kw>
<kw name="Flash::Wait Until Flash Message With Category Is Visible" library="flash">
<arg>Logout successful!</arg>
<arg>success</arg>
<kw name="Set Variable" library="BuiltIn">
<var>${flaskBox}</var>
<arg>//*[contains(@class, 'alert-${category}')]//*[contains(@class, 'flash')]</arg>
<doc>Returns the given values which can then be assigned to a variables.</doc>
<msg timestamp="20211024 05:12:53.986" level="INFO">${flaskBox} = //*[contains(@class, 'alert-success')]//*[contains(@class, 'flash')]</msg>
<status status="PASS" starttime="20211024 05:12:53.986" endtime="20211024 05:12:53.986"/>
</kw>
<kw name="Set Variable" library="BuiltIn">
<var>${flaskMessage}</var>
<arg>//*[contains(@class, 'alert')]//*[contains(@class, 'flash') and normalize-space()='${message}']</arg>
<doc>Returns the given values which can then be assigned to a variables.</doc>
<msg timestamp="20211024 05:12:53.987" level="INFO">${flaskMessage} = //*[contains(@class, 'alert')]//*[contains(@class, 'flash') and normalize-space()='Logout successful!']</msg>
<status status="PASS" starttime="20211024 05:12:53.986" endtime="20211024 05:12:53.987"/>
</kw>
<kw name="Set Variable" library="BuiltIn">
<var>${flaskCloseButton}</var>
<arg>//*[contains(@class, 'alert')]//*[contains(@class, 'flash')]//button[contains(@class, 'btn-close')]</arg>
<doc>Returns the given values which can then be assigned to a variables.</doc>
<msg timestamp="20211024 05:12:53.987" level="INFO">${flaskCloseButton} = //*[contains(@class, 'alert')]//*[contains(@class, 'flash')]//button[contains(@class, 'btn-close')]</msg>
<status status="PASS" starttime="20211024 05:12:53.987" endtime="20211024 05:12:53.987"/>
</kw>
<kw name="Wait Until Element Is Visible" library="Selenium2Library">
<arg>${flaskBox}</arg>
<arg>${shortPeriodOfTime}</arg>
<arg>'Flash Box Should Be Visible'</arg>
<doc>Waits until the element ``locator`` is visible.</doc>
<status status="PASS" starttime="20211024 05:12:53.987" endtime="20211024 05:12:54.034"/>
</kw>
<kw name="Wait Until Element Is Visible" library="Selenium2Library">
<arg>${flaskMessage}</arg>
<arg>${shortPeriodOfTime}</arg>
<arg>'Flash Message Should Be Visible'</arg>
<doc>Waits until the element ``locator`` is visible.</doc>
<status status="PASS" starttime="20211024 05:12:54.034" endtime="20211024 05:12:54.065"/>
</kw>
<kw name="Wait Until Element Is Visible" library="Selenium2Library">
<arg>${flaskCloseButton}</arg>
<arg>${shortPeriodOfTime}</arg>
<arg>'Flash Close Button Should Be Visible'</arg>
<doc>Waits until the element ``locator`` is visible.</doc>
<status status="PASS" starttime="20211024 05:12:54.065" endtime="20211024 05:12:54.095"/>
</kw>
<status status="PASS" starttime="20211024 05:12:53.986" endtime="20211024 05:12:54.095"/>
</kw>
<kw name="Common::Wait Until Navbar Contains" library="common">
<arg>Home</arg>
<arg>Products</arg>
<arg>Login</arg>
<arg>Sign-up</arg>
<for flavor="IN">
<var>${buttonName}</var>
<value>@{buttonNames}</value>
<iter>
<var name="${buttonName}">Home</var>
<kw name="Common::Wait Until Navbar Button Is Visible" library="common">
<arg>${buttonName}</arg>
<kw name="Set Variable" library="BuiltIn">
<var>${button}</var>
<arg>//*[contains(@class, 'navbar')]//*[contains(@class, 'nav-link') and normalize-space()='${buttonName}']</arg>
<doc>Returns the given values which can then be assigned to a variables.</doc>
<msg timestamp="20211024 05:12:54.096" level="INFO">${button} = //*[contains(@class, 'navbar')]//*[contains(@class, 'nav-link') and normalize-space()='Home']</msg>
<status status="PASS" starttime="20211024 05:12:54.096" endtime="20211024 05:12:54.097"/>
</kw>
<kw name="Wait Until Element Is Visible" library="Selenium2Library">
<arg>${button}</arg>
<arg>${shortPeriodOfTime}</arg>
<arg>'${buttonName} Button Should Be Visible'</arg>
<doc>Waits until the element ``locator`` is visible.</doc>
<status status="PASS" starttime="20211024 05:12:54.097" endtime="20211024 05:12:54.124"/>
</kw>
<status status="PASS" starttime="20211024 05:12:54.096" endtime="20211024 05:12:54.124"/>
</kw>
<status status="PASS" starttime="20211024 05:12:54.096" endtime="20211024 05:12:54.125"/>
</iter>
<iter>
<var name="${buttonName}">Products</var>
<kw name="Common::Wait Until Navbar Button Is Visible" library="common">
<arg>${buttonName}</arg>
<kw name="Set Variable" library="BuiltIn">
<var>${button}</var>
<arg>//*[contains(@class, 'navbar')]//*[contains(@class, 'nav-link') and normalize-space()='${buttonName}']</arg>
<doc>Returns the given values which can then be assigned to a variables.</doc>
<msg timestamp="20211024 05:12:54.126" level="INFO">${button} = //*[contains(@class, 'navbar')]//*[contains(@class, 'nav-link') and normalize-space()='Products']</msg>
<status status="PASS" starttime="20211024 05:12:54.126" endtime="20211024 05:12:54.127"/>
</kw>
<kw name="Wait Until Element Is Visible" library="Selenium2Library">
<arg>${button}</arg>
<arg>${shortPeriodOfTime}</arg>
<arg>'${buttonName} Button Should Be Visible'</arg>
<doc>Waits until the element ``locator`` is visible.</doc>
<status status="PASS" starttime="20211024 05:12:54.127" endtime="20211024 05:12:54.155"/>
</kw>
<status status="PASS" starttime="20211024 05:12:54.125" endtime="20211024 05:12:54.156"/>
</kw>
<status status="PASS" starttime="20211024 05:12:54.125" endtime="20211024 05:12:54.156"/>
</iter>
<iter>
<var name="${buttonName}">Login</var>
<kw name="Common::Wait Until Navbar Button Is Visible" library="common">
<arg>${buttonName}</arg>
<kw name="Set Variable" library="BuiltIn">
<var>${button}</var>
<arg>//*[contains(@class, 'navbar')]//*[contains(@class, 'nav-link') and normalize-space()='${buttonName}']</arg>
<doc>Returns the given values which can then be assigned to a variables.</doc>
<msg timestamp="20211024 05:12:54.157" level="INFO">${button} = //*[contains(@class, 'navbar')]//*[contains(@class, 'nav-link') and normalize-space()='Login']</msg>
<status status="PASS" starttime="20211024 05:12:54.157" endtime="20211024 05:12:54.157"/>
</kw>
<kw name="Wait Until Element Is Visible" library="Selenium2Library">
<arg>${button}</arg>
<arg>${shortPeriodOfTime}</arg>
<arg>'${buttonName} Button Should Be Visible'</arg>
<doc>Waits until the element ``locator`` is visible.</doc>
<status status="PASS" starttime="20211024 05:12:54.157" endtime="20211024 05:12:54.188"/>
</kw>
<status status="PASS" starttime="20211024 05:12:54.156" endtime="20211024 05:12:54.188"/>
</kw>
<status status="PASS" starttime="20211024 05:12:54.156" endtime="20211024 05:12:54.189"/>
</iter>
<iter>
<var name="${buttonName}">Sign-up</var>
<kw name="Common::Wait Until Navbar Button Is Visible" library="common">
<arg>${buttonName}</arg>
<kw name="Set Variable" library="BuiltIn">
<var>${button}</var>
<arg>//*[contains(@class, 'navbar')]//*[contains(@class, 'nav-link') and normalize-space()='${buttonName}']</arg>
<doc>Returns the given values which can then be assigned to a variables.</doc>
<msg timestamp="20211024 05:12:54.189" level="INFO">${button} = //*[contains(@class, 'navbar')]//*[contains(@class, 'nav-link') and normalize-space()='Sign-up']</msg>
<status status="PASS" starttime="20211024 05:12:54.189" endtime="20211024 05:12:54.189"/>
</kw>
<kw name="Wait Until Element Is Visible" library="Selenium2Library">
<arg>${button}</arg>
<arg>${shortPeriodOfTime}</arg>
<arg>'${buttonName} Button Should Be Visible'</arg>
<doc>Waits until the element ``locator`` is visible.</doc>
<status status="PASS" starttime="20211024 05:12:54.190" endtime="20211024 05:12:54.218"/>
</kw>
<status status="PASS" starttime="20211024 05:12:54.189" endtime="20211024 05:12:54.219"/>
</kw>
<status status="PASS" starttime="20211024 05:12:54.189" endtime="20211024 05:12:54.219"/>
</iter>
<status status="PASS" starttime="20211024 05:12:54.096" endtime="20211024 05:12:54.219"/>
</for>
<status status="PASS" starttime="20211024 05:12:54.095" endtime="20211024 05:12:54.219"/>
</kw>
<status status="PASS" starttime="20211024 05:12:53.733" endtime="20211024 05:12:54.219"/>
</kw>
<kw name="Go to Login Page" library="common">
<kw name="Common::Click Navbar Button" library="common">
<arg>Login</arg>
<kw name="Common::Wait Until Navbar Button Is Visible" library="common">
<var>${button}</var>
<arg>${buttonName}</arg>
<kw name="Set Variable" library="BuiltIn">
<var>${button}</var>
<arg>//*[contains(@class, 'navbar')]//*[contains(@class, 'nav-link') and normalize-space()='${buttonName}']</arg>
<doc>Returns the given values which can then be assigned to a variables.</doc>
<msg timestamp="20211024 05:12:54.221" level="INFO">${button} = //*[contains(@class, 'navbar')]//*[contains(@class, 'nav-link') and normalize-space()='Login']</msg>
<status status="PASS" starttime="20211024 05:12:54.220" endtime="20211024 05:12:54.221"/>
</kw>
<kw name="Wait Until Element Is Visible" library="Selenium2Library">
<arg>${button}</arg>
<arg>${shortPeriodOfTime}</arg>
<arg>'${buttonName} Button Should Be Visible'</arg>
<doc>Waits until the element ``locator`` is visible.</doc>
<status status="PASS" starttime="20211024 05:12:54.221" endtime="20211024 05:12:54.253"/>
</kw>
<msg timestamp="20211024 05:12:54.254" level="INFO">${button} = //*[contains(@class, 'navbar')]//*[contains(@class, 'nav-link') and normalize-space()='Login']</msg>
<status status="PASS" starttime="20211024 05:12:54.220" endtime="20211024 05:12:54.254"/>
</kw>
<kw name="Click Element" library="Selenium2Library">
<arg>${button}</arg>
<doc>Click the element identified by ``locator``.</doc>
<msg timestamp="20211024 05:12:54.254" level="INFO">Clicking element '//*[contains(@class, 'navbar')]//*[contains(@class, 'nav-link') and normalize-space()='Login']'.</msg>
<status status="PASS" starttime="20211024 05:12:54.254" endtime="20211024 05:12:54.484"/>
</kw>
<status status="PASS" starttime="20211024 05:12:54.220" endtime="20211024 05:12:54.485"/>
</kw>
<kw name="Common::Wait Until Navbar Contains" library="common">
<arg>Home</arg>
<arg>Products</arg>
<arg>Login</arg>
<arg>Sign-up</arg>
<for flavor="IN">
<var>${buttonName}</var>
<value>@{buttonNames}</value>
<iter>
<var name="${buttonName}">Home</var>
<kw name="Common::Wait Until Navbar Button Is Visible" library="common">
<arg>${buttonName}</arg>
<kw name="Set Variable" library="BuiltIn">
<var>${button}</var>
<arg>//*[contains(@class, 'navbar')]//*[contains(@class, 'nav-link') and normalize-space()='${buttonName}']</arg>
<doc>Returns the given values which can then be assigned to a variables.</doc>
<msg timestamp="20211024 05:12:54.486" level="INFO">${button} = //*[contains(@class, 'navbar')]//*[contains(@class, 'nav-link') and normalize-space()='Home']</msg>
<status status="PASS" starttime="20211024 05:12:54.486" endtime="20211024 05:12:54.486"/>
</kw>
<kw name="Wait Until Element Is Visible" library="Selenium2Library">
<arg>${button}</arg>
<arg>${shortPeriodOfTime}</arg>
<arg>'${buttonName} Button Should Be Visible'</arg>
<doc>Waits until the element ``locator`` is visible.</doc>
<status status="PASS" starttime="20211024 05:12:54.486" endtime="20211024 05:12:54.543"/>
</kw>
<status status="PASS" starttime="20211024 05:12:54.485" endtime="20211024 05:12:54.543"/>
</kw>
<status status="PASS" starttime="20211024 05:12:54.485" endtime="20211024 05:12:54.543"/>
</iter>
<iter>
<var name="${buttonName}">Products</var>
<kw name="Common::Wait Until Navbar Button Is Visible" library="common">
<arg>${buttonName}</arg>
<kw name="Set Variable" library="BuiltIn">
<var>${button}</var>
<arg>//*[contains(@class, 'navbar')]//*[contains(@class, 'nav-link') and normalize-space()='${buttonName}']</arg>
<doc>Returns the given values which can then be assigned to a variables.</doc>
<msg timestamp="20211024 05:12:54.544" level="INFO">${button} = //*[contains(@class, 'navbar')]//*[contains(@class, 'nav-link') and normalize-space()='Products']</msg>
<status status="PASS" starttime="20211024 05:12:54.544" endtime="20211024 05:12:54.544"/>
</kw>
<kw name="Wait Until Element Is Visible" library="Selenium2Library">
<arg>${button}</arg>
<arg>${shortPeriodOfTime}</arg>
<arg>'${buttonName} Button Should Be Visible'</arg>
<doc>Waits until the element ``locator`` is visible.</doc>
<status status="PASS" starttime="20211024 05:12:54.544" endtime="20211024 05:12:54.572"/>
</kw>
<status status="PASS" starttime="20211024 05:12:54.543" endtime="20211024 05:12:54.573"/>
</kw>
<status status="PASS" starttime="20211024 05:12:54.543" endtime="20211024 05:12:54.573"/>
</iter>
<iter>
<var name="${buttonName}">Login</var>
<kw name="Common::Wait Until Navbar Button Is Visible" library="common">
<arg>${buttonName}</arg>
<kw name="Set Variable" library="BuiltIn">
<var>${button}</var>
<arg>//*[contains(@class, 'navbar')]//*[contains(@class, 'nav-link') and normalize-space()='${buttonName}']</arg>
<doc>Returns the given values which can then be assigned to a variables.</doc>
<msg timestamp="20211024 05:12:54.575" level="INFO">${button} = //*[contains(@class, 'navbar')]//*[contains(@class, 'nav-link') and normalize-space()='Login']</msg>
<status status="PASS" starttime="20211024 05:12:54.574" endtime="20211024 05:12:54.575"/>
</kw>
<kw name="Wait Until Element Is Visible" library="Selenium2Library">
<arg>${button}</arg>
<arg>${shortPeriodOfTime}</arg>
<arg>'${buttonName} Button Should Be Visible'</arg>
<doc>Waits until the element ``locator`` is visible.</doc>
<status status="PASS" starttime="20211024 05:12:54.575" endtime="20211024 05:12:54.607"/>
</kw>
<status status="PASS" starttime="20211024 05:12:54.574" endtime="20211024 05:12:54.607"/>
</kw>
<status status="PASS" starttime="20211024 05:12:54.574" endtime="20211024 05:12:54.607"/>
</iter>
<iter>
<var name="${buttonName}">Sign-up</var>
<kw name="Common::Wait Until Navbar Button Is Visible" library="common">
<arg>${buttonName}</arg>
<kw name="Set Variable" library="BuiltIn">
<var>${button}</var>
<arg>//*[contains(@class, 'navbar')]//*[contains(@class, 'nav-link') and normalize-space()='${buttonName}']</arg>
<doc>Returns the given values which can then be assigned to a variables.</doc>
<msg timestamp="20211024 05:12:54.608" level="INFO">${button} = //*[contains(@class, 'navbar')]//*[contains(@class, 'nav-link') and normalize-space()='Sign-up']</msg>
<status status="PASS" starttime="20211024 05:12:54.608" endtime="20211024 05:12:54.608"/>
</kw>
<kw name="Wait Until Element Is Visible" library="Selenium2Library">
<arg>${button}</arg>
<arg>${shortPeriodOfTime}</arg>
<arg>'${buttonName} Button Should Be Visible'</arg>
<doc>Waits until the element ``locator`` is visible.</doc>
<status status="PASS" starttime="20211024 05:12:54.609" endtime="20211024 05:12:54.642"/>
</kw>
<status status="PASS" starttime="20211024 05:12:54.608" endtime="20211024 05:12:54.643"/>
</kw>
<status status="PASS" starttime="20211024 05:12:54.607" endtime="20211024 05:12:54.643"/>
</iter>
<status status="PASS" starttime="20211024 05:12:54.485" endtime="20211024 05:12:54.643"/>
</for>
<status status="PASS" starttime="20211024 05:12:54.485" endtime="20211024 05:12:54.643"/>
</kw>
<status status="PASS" starttime="20211024 05:12:54.219" endtime="20211024 05:12:54.643"/>
</kw>
<status status="PASS" starttime="20211024 05:12:53.733" endtime="20211024 05:12:54.643"/>
</kw>
<status status="PASS" starttime="20211024 05:12:52.550" endtime="20211024 05:12:54.643"/>
</kw>
<kw name="Verify Login As Staff" library="UIR-03_Login">
<kw name="Login Page::Wait Until Login Form Is Visible" library="UIR-03_Login">
<kw name="Set Variable" library="BuiltIn">
<var>${usernameField}</var>
<arg>//form//*[@id='username']</arg>
<doc>Returns the given values which can then be assigned to a variables.</doc>
<msg timestamp="20211024 05:12:54.644" level="INFO">${usernameField} = //form//*[@id='username']</msg>
<status status="PASS" starttime="20211024 05:12:54.644" endtime="20211024 05:12:54.644"/>
</kw>
<kw name="Set Variable" library="BuiltIn">
<var>${passwordField}</var>
<arg>//form//*[@id='password']</arg>
<doc>Returns the given values which can then be assigned to a variables.</doc>
<msg timestamp="20211024 05:12:54.645" level="INFO">${passwordField} = //form//*[@id='password']</msg>
<status status="PASS" starttime="20211024 05:12:54.645" endtime="20211024 05:12:54.645"/>
</kw>
<kw name="Set Variable" library="BuiltIn">
<var>${rememberMeCheckBox}</var>
<arg>//form//*[@id='remember_me']</arg>
<doc>Returns the given values which can then be assigned to a variables.</doc>
<msg timestamp="20211024 05:12:54.645" level="INFO">${rememberMeCheckBox} = //form//*[@id='remember_me']</msg>
<status status="PASS" starttime="20211024 05:12:54.645" endtime="20211024 05:12:54.645"/>
</kw>
<kw name="Set Variable" library="BuiltIn">
<var>${loginButton}</var>
<arg>//form//*[@id='submit']</arg>
<doc>Returns the given values which can then be assigned to a variables.</doc>
<msg timestamp="20211024 05:12:54.645" level="INFO">${loginButton} = //form//*[@id='submit']</msg>
<status status="PASS" starttime="20211024 05:12:54.645" endtime="20211024 05:12:54.645"/>
</kw>
<kw name="Wait Until Element Is Visible" library="Selenium2Library">
<arg>${usernameField}</arg>
<arg>${shortPeriodOfTime}</arg>
<arg>'Username Field Should Be Visible'</arg>
<doc>Waits until the element ``locator`` is visible.</doc>
<status status="PASS" starttime="20211024 05:12:54.646" endtime="20211024 05:12:54.679"/>
</kw>
<kw name="Wait Until Element Is Visible" library="Selenium2Library">
<arg>${passwordField}</arg>
<arg>${shortPeriodOfTime}</arg>
<arg>'Password Field Should Be Visible'</arg>
<doc>Waits until the element ``locator`` is visible.</doc>
<status status="PASS" starttime="20211024 05:12:54.679" endtime="20211024 05:12:54.709"/>
</kw>
<kw name="Wait Until Element Is Visible" library="Selenium2Library">
<arg>${rememberMeCheckBox}</arg>
<arg>${shortPeriodOfTime}</arg>
<arg>'Remember Me Check Box Should Be Visible'</arg>
<doc>Waits until the element ``locator`` is visible.</doc>
<status status="PASS" starttime="20211024 05:12:54.709" endtime="20211024 05:12:54.736"/>
</kw>
<kw name="Wait Until Element Is Visible" library="Selenium2Library">
<arg>${loginButton}</arg>
<arg>${shortPeriodOfTime}</arg>
<arg>'Login Button Should Be Visible'</arg>
<doc>Waits until the element ``locator`` is visible.</doc>
<status status="PASS" starttime="20211024 05:12:54.736" endtime="20211024 05:12:54.764"/>
</kw>
<kw name="Do Not Have An Account Button Should Be Visible" library="UIR-03_Login">
<kw name="Set Variable" library="BuiltIn">
<var>${doNotHaveAnAccountButton}</var>
<arg>//*[contains(@class, 'card-footer')]//*[normalize-space()='Do not have an account?']</arg>
<doc>Returns the given values which can then be assigned to a variables.</doc>
<msg timestamp="20211024 05:12:54.765" level="INFO">${doNotHaveAnAccountButton} = //*[contains(@class, 'card-footer')]//*[normalize-space()='Do not have an account?']</msg>
<status status="PASS" starttime="20211024 05:12:54.765" endtime="20211024 05:12:54.765"/>
</kw>
<kw name="Wait Until Element Is Visible" library="Selenium2Library">
<arg>${doNotHaveAnAccountButton}</arg>
<arg>${shortPeriodOfTime}</arg>
<arg>'Do Not Have An Account Button Should Be Visible'</arg>
<doc>Waits until the element ``locator`` is visible.</doc>
<status status="PASS" starttime="20211024 05:12:54.765" endtime="20211024 05:12:54.792"/>
</kw>
<status status="PASS" starttime="20211024 05:12:54.764" endtime="20211024 05:12:54.792"/>
</kw>
<kw name="Forgot Password Button Should Be Visible" library="UIR-03_Login">
<kw name="Set Variable" library="BuiltIn">
<var>${forgotPasswordButton}</var>
<arg>//*[contains(@class, 'card-footer')]//*[normalize-space()='Forgot Your Password?']</arg>
<doc>Returns the given values which can then be assigned to a variables.</doc>
<msg timestamp="20211024 05:12:54.793" level="INFO">${forgotPasswordButton} = //*[contains(@class, 'card-footer')]//*[normalize-space()='Forgot Your Password?']</msg>
<status status="PASS" starttime="20211024 05:12:54.793" endtime="20211024 05:12:54.793"/>
</kw>
<kw name="Wait Until Element Is Visible" library="Selenium2Library">
<arg>${forgotPasswordButton}</arg>
<arg>${shortPeriodOfTime}</arg>
<arg>'Forgot Password Button Should Be Visible'</arg>
<doc>Waits until the element ``locator`` is visible.</doc>
<status status="PASS" starttime="20211024 05:12:54.793" endtime="20211024 05:12:54.817"/>
</kw>
<status status="PASS" starttime="20211024 05:12:54.793" endtime="20211024 05:12:54.817"/>
</kw>
<status status="PASS" starttime="20211024 05:12:54.644" endtime="20211024 05:12:54.817"/>
</kw>
<kw name="Login Page::Login As" library="UIR-03_Login">
<arg>${staff}</arg>
<kw name="Input Text" library="Selenium2Library">
<arg>//form//*[@id='username']</arg>
<arg>${user}[username]</arg>
<doc>Types the given ``text`` into the text field identified by ``locator``.</doc>
<msg timestamp="20211024 05:12:54.818" level="INFO">Typing text 'staff' into text field '//form//*[@id='username']'.</msg>
<status status="PASS" starttime="20211024 05:12:54.818" endtime="20211024 05:12:54.869"/>
</kw>
<kw name="Input Text" library="Selenium2Library">
<arg>//form//*[@id='password']</arg>
<arg>${user}[password]</arg>
<doc>Types the given ``text`` into the text field identified by ``locator``.</doc>
<msg timestamp="20211024 05:12:54.870" level="INFO">Typing text 'staff' into text field '//form//*[@id='password']'.</msg>
<status status="PASS" starttime="20211024 05:12:54.870" endtime="20211024 05:12:54.942"/>
</kw>
<kw name="Run Keyword If" library="BuiltIn">
<arg>'${rememberMe}'=='${True}'</arg>
<arg>Click Element</arg>
<arg>//form//*[@id='remember_me']</arg>
<doc>Runs the given keyword with the given arguments, if ``condition`` is true.</doc>
<status status="PASS" starttime="20211024 05:12:54.942" endtime="20211024 05:12:54.943"/>
</kw>
<kw name="Click Element" library="Selenium2Library">
<arg>//form//*[@id='submit']</arg>
<doc>Click the element identified by ``locator``.</doc>
<msg timestamp="20211024 05:12:54.944" level="INFO">Clicking element '//form//*[@id='submit']'.</msg>
<status status="PASS" starttime="20211024 05:12:54.943" endtime="20211024 05:12:55.345"/>
</kw>
<status status="PASS" starttime="20211024 05:12:54.817" endtime="20211024 05:12:55.345"/>
</kw>
<kw name="Flash::Wait Until Flash Message With Category Is Visible" library="flash">
<arg>Login successful!</arg>
<arg>success</arg>
<kw name="Set Variable" library="BuiltIn">
<var>${flaskBox}</var>
<arg>//*[contains(@class, 'alert-${category}')]//*[contains(@class, 'flash')]</arg>
<doc>Returns the given values which can then be assigned to a variables.</doc>
<msg timestamp="20211024 05:12:55.346" level="INFO">${flaskBox} = //*[contains(@class, 'alert-success')]//*[contains(@class, 'flash')]</msg>
<status status="PASS" starttime="20211024 05:12:55.346" endtime="20211024 05:12:55.346"/>
</kw>
<kw name="Set Variable" library="BuiltIn">
<var>${flaskMessage}</var>
<arg>//*[contains(@class, 'alert')]//*[contains(@class, 'flash') and normalize-space()='${message}']</arg>
<doc>Returns the given values which can then be assigned to a variables.</doc>
<msg timestamp="20211024 05:12:55.346" level="INFO">${flaskMessage} = //*[contains(@class, 'alert')]//*[contains(@class, 'flash') and normalize-space()='Login successful!']</msg>
<status status="PASS" starttime="20211024 05:12:55.346" endtime="20211024 05:12:55.346"/>
</kw>
<kw name="Set Variable" library="BuiltIn">
<var>${flaskCloseButton}</var>
<arg>//*[contains(@class, 'alert')]//*[contains(@class, 'flash')]//button[contains(@class, 'btn-close')]</arg>
<doc>Returns the given values which can then be assigned to a variables.</doc>
<msg timestamp="20211024 05:12:55.347" level="INFO">${flaskCloseButton} = //*[contains(@class, 'alert')]//*[contains(@class, 'flash')]//button[contains(@class, 'btn-close')]</msg>
<status status="PASS" starttime="20211024 05:12:55.347" endtime="20211024 05:12:55.347"/>
</kw>
<kw name="Wait Until Element Is Visible" library="Selenium2Library">
<arg>${flaskBox}</arg>
<arg>${shortPeriodOfTime}</arg>
<arg>'Flash Box Should Be Visible'</arg>
<doc>Waits until the element ``locator`` is visible.</doc>
<status status="PASS" starttime="20211024 05:12:55.347" endtime="20211024 05:12:55.384"/>
</kw>
<kw name="Wait Until Element Is Visible" library="Selenium2Library">
<arg>${flaskMessage}</arg>
<arg>${shortPeriodOfTime}</arg>
<arg>'Flash Message Should Be Visible'</arg>
<doc>Waits until the element ``locator`` is visible.</doc>
<status status="PASS" starttime="20211024 05:12:55.385" endtime="20211024 05:12:55.418"/>
</kw>
<kw name="Wait Until Element Is Visible" library="Selenium2Library">
<arg>${flaskCloseButton}</arg>
<arg>${shortPeriodOfTime}</arg>
<arg>'Flash Close Button Should Be Visible'</arg>
<doc>Waits until the element ``locator`` is visible.</doc>
<status status="PASS" starttime="20211024 05:12:55.418" endtime="20211024 05:12:55.447"/>
</kw>
<status status="PASS" starttime="20211024 05:12:55.345" endtime="20211024 05:12:55.447"/>
</kw>
<kw name="Common::Wait Until Navbar Contains" library="common">
<arg>Home</arg>
<arg>Products</arg>
<arg>Orders</arg>
<arg>Promotions</arg>
<arg>${staff}[username]</arg>
<arg>Logout</arg>
<for flavor="IN">
<var>${buttonName}</var>
<value>@{buttonNames}</value>
<iter>
<var name="${buttonName}">Home</var>
<kw name="Common::Wait Until Navbar Button Is Visible" library="common">
<arg>${buttonName}</arg>
<kw name="Set Variable" library="BuiltIn">
<var>${button}</var>
<arg>//*[contains(@class, 'navbar')]//*[contains(@class, 'nav-link') and normalize-space()='${buttonName}']</arg>
<doc>Returns the given values which can then be assigned to a variables.</doc>
<msg timestamp="20211024 05:12:55.449" level="INFO">${button} = //*[contains(@class, 'navbar')]//*[contains(@class, 'nav-link') and normalize-space()='Home']</msg>
<status status="PASS" starttime="20211024 05:12:55.449" endtime="20211024 05:12:55.449"/>
</kw>
<kw name="Wait Until Element Is Visible" library="Selenium2Library">
<arg>${button}</arg>
<arg>${shortPeriodOfTime}</arg>
<arg>'${buttonName} Button Should Be Visible'</arg>
<doc>Waits until the element ``locator`` is visible.</doc>
<status status="PASS" starttime="20211024 05:12:55.449" endtime="20211024 05:12:55.482"/>
</kw>
<status status="PASS" starttime="20211024 05:12:55.448" endtime="20211024 05:12:55.483"/>
</kw>
<status status="PASS" starttime="20211024 05:12:55.448" endtime="20211024 05:12:55.483"/>
</iter>
<iter>
<var name="${buttonName}">Products</var>
<kw name="Common::Wait Until Navbar Button Is Visible" library="common">
<arg>${buttonName}</arg>
<kw name="Set Variable" library="BuiltIn">
<var>${button}</var>
<arg>//*[contains(@class, 'navbar')]//*[contains(@class, 'nav-link') and normalize-space()='${buttonName}']</arg>
<doc>Returns the given values which can then be assigned to a variables.</doc>
<msg timestamp="20211024 05:12:55.483" level="INFO">${button} = //*[contains(@class, 'navbar')]//*[contains(@class, 'nav-link') and normalize-space()='Products']</msg>
<status status="PASS" starttime="20211024 05:12:55.483" endtime="20211024 05:12:55.484"/>
</kw>
<kw name="Wait Until Element Is Visible" library="Selenium2Library">
<arg>${button}</arg>
<arg>${shortPeriodOfTime}</arg>
<arg>'${buttonName} Button Should Be Visible'</arg>
<doc>Waits until the element ``locator`` is visible.</doc>
<status status="PASS" starttime="20211024 05:12:55.484" endtime="20211024 05:12:55.517"/>
</kw>
<status status="PASS" starttime="20211024 05:12:55.483" endtime="20211024 05:12:55.517"/>
</kw>
<status status="PASS" starttime="20211024 05:12:55.483" endtime="20211024 05:12:55.517"/>
</iter>
<iter>
<var name="${buttonName}">Orders</var>
<kw name="Common::Wait Until Navbar Button Is Visible" library="common">
<arg>${buttonName}</arg>
<kw name="Set Variable" library="BuiltIn">
<var>${button}</var>
<arg>//*[contains(@class, 'navbar')]//*[contains(@class, 'nav-link') and normalize-space()='${buttonName}']</arg>
<doc>Returns the given values which can then be assigned to a variables.</doc>
<msg timestamp="20211024 05:12:55.518" level="INFO">${button} = //*[contains(@class, 'navbar')]//*[contains(@class, 'nav-link') and normalize-space()='Orders']</msg>
<status status="PASS" starttime="20211024 05:12:55.518" endtime="20211024 05:12:55.518"/>
</kw>
<kw name="Wait Until Element Is Visible" library="Selenium2Library">
<arg>${button}</arg>
<arg>${shortPeriodOfTime}</arg>
<arg>'${buttonName} Button Should Be Visible'</arg>
<doc>Waits until the element ``locator`` is visible.</doc>
<status status="PASS" starttime="20211024 05:12:55.518" endtime="20211024 05:12:55.545"/>
</kw>
<status status="PASS" starttime="20211024 05:12:55.517" endtime="20211024 05:12:55.546"/>
</kw>
<status status="PASS" starttime="20211024 05:12:55.517" endtime="20211024 05:12:55.546"/>
</iter>
<iter>
<var name="${buttonName}">Promotions</var>
<kw name="Common::Wait Until Navbar Button Is Visible" library="common">
<arg>${buttonName}</arg>
<kw name="Set Variable" library="BuiltIn">
<var>${button}</var>
<arg>//*[contains(@class, 'navbar')]//*[contains(@class, 'nav-link') and normalize-space()='${buttonName}']</arg>
<doc>Returns the given values which can then be assigned to a variables.</doc>
<msg timestamp="20211024 05:12:55.547" level="INFO">${button} = //*[contains(@class, 'navbar')]//*[contains(@class, 'nav-link') and normalize-space()='Promotions']</msg>
<status status="PASS" starttime="20211024 05:12:55.546" endtime="20211024 05:12:55.547"/>
</kw>
<kw name="Wait Until Element Is Visible" library="Selenium2Library">
<arg>${button}</arg>
<arg>${shortPeriodOfTime}</arg>
<arg>'${buttonName} Button Should Be Visible'</arg>
<doc>Waits until the element ``locator`` is visible.</doc>
<status status="PASS" starttime="20211024 05:12:55.547" endtime="20211024 05:12:55.574"/>
</kw>
<status status="PASS" starttime="20211024 05:12:55.546" endtime="20211024 05:12:55.575"/>
</kw>
<status status="PASS" starttime="20211024 05:12:55.546" endtime="20211024 05:12:55.575"/>
</iter>
<iter>
<var name="${buttonName}">staff</var>
<kw name="Common::Wait Until Navbar Button Is Visible" library="common">
<arg>${buttonName}</arg>
<kw name="Set Variable" library="BuiltIn">
<var>${button}</var>
<arg>//*[contains(@class, 'navbar')]//*[contains(@class, 'nav-link') and normalize-space()='${buttonName}']</arg>
<doc>Returns the given values which can then be assigned to a variables.</doc>
<msg timestamp="20211024 05:12:55.577" level="INFO">${button} = //*[contains(@class, 'navbar')]//*[contains(@class, 'nav-link') and normalize-space()='staff']</msg>
<status status="PASS" starttime="20211024 05:12:55.576" endtime="20211024 05:12:55.577"/>
</kw>
<kw name="Wait Until Element Is Visible" library="Selenium2Library">
<arg>${button}</arg>
<arg>${shortPeriodOfTime}</arg>
<arg>'${buttonName} Button Should Be Visible'</arg>
<doc>Waits until the element ``locator`` is visible.</doc>
<status status="PASS" starttime="20211024 05:12:55.577" endtime="20211024 05:12:55.603"/>
</kw>
<status status="PASS" starttime="20211024 05:12:55.576" endtime="20211024 05:12:55.606"/>
</kw>
<status status="PASS" starttime="20211024 05:12:55.575" endtime="20211024 05:12:55.606"/>
</iter>
<iter>
<var name="${buttonName}">Logout</var>
<kw name="Common::Wait Until Navbar Button Is Visible" library="common">
<arg>${buttonName}</arg>
<kw name="Set Variable" library="BuiltIn">
<var>${button}</var>
<arg>//*[contains(@class, 'navbar')]//*[contains(@class, 'nav-link') and normalize-space()='${buttonName}']</arg>
<doc>Returns the given values which can then be assigned to a variables.</doc>
<msg timestamp="20211024 05:12:55.607" level="INFO">${button} = //*[contains(@class, 'navbar')]//*[contains(@class, 'nav-link') and normalize-space()='Logout']</msg>
<status status="PASS" starttime="20211024 05:12:55.607" endtime="20211024 05:12:55.607"/>
</kw>
<kw name="Wait Until Element Is Visible" library="Selenium2Library">
<arg>${button}</arg>
<arg>${shortPeriodOfTime}</arg>
<arg>'${buttonName} Button Should Be Visible'</arg>
<doc>Waits until the element ``locator`` is visible.</doc>
<status status="PASS" starttime="20211024 05:12:55.607" endtime="20211024 05:12:55.644"/>
</kw>
<status status="PASS" starttime="20211024 05:12:55.606" endtime="20211024 05:12:55.644"/>
</kw>
<status status="PASS" starttime="20211024 05:12:55.606" endtime="20211024 05:12:55.644"/>
</iter>
<status status="PASS" starttime="20211024 05:12:55.448" endtime="20211024 05:12:55.644"/>
</for>
<status status="PASS" starttime="20211024 05:12:55.448" endtime="20211024 05:12:55.644"/>
</kw>
<kw name="Run Keywords" library="BuiltIn" type="TEARDOWN">
<arg>Logout</arg>
<arg>AND</arg>
<arg>Go to Login Page</arg>
<doc>Executes all the given keywords in a sequence.</doc>
<kw name="Logout" library="common">
<kw name="Common::Click Navbar Button" library="common">
<arg>Logout</arg>
<kw name="Common::Wait Until Navbar Button Is Visible" library="common">
<var>${button}</var>
<arg>${buttonName}</arg>
<kw name="Set Variable" library="BuiltIn">
<var>${button}</var>
<arg>//*[contains(@class, 'navbar')]//*[contains(@class, 'nav-link') and normalize-space()='${buttonName}']</arg>
<doc>Returns the given values which can then be assigned to a variables.</doc>
<msg timestamp="20211024 05:12:55.647" level="INFO">${button} = //*[contains(@class, 'navbar')]//*[contains(@class, 'nav-link') and normalize-space()='Logout']</msg>
<status status="PASS" starttime="20211024 05:12:55.647" endtime="20211024 05:12:55.647"/>
</kw>
<kw name="Wait Until Element Is Visible" library="Selenium2Library">
<arg>${button}</arg>
<arg>${shortPeriodOfTime}</arg>
<arg>'${buttonName} Button Should Be Visible'</arg>
<doc>Waits until the element ``locator`` is visible.</doc>
<status status="PASS" starttime="20211024 05:12:55.647" endtime="20211024 05:12:55.675"/>
</kw>
<msg timestamp="20211024 05:12:55.676" level="INFO">${button} = //*[contains(@class, 'navbar')]//*[contains(@class, 'nav-link') and normalize-space()='Logout']</msg>
<status status="PASS" starttime="20211024 05:12:55.646" endtime="20211024 05:12:55.676"/>
</kw>
<kw name="Click Element" library="Selenium2Library">
<arg>${button}</arg>
<doc>Click the element identified by ``locator``.</doc>
<msg timestamp="20211024 05:12:55.676" level="INFO">Clicking element '//*[contains(@class, 'navbar')]//*[contains(@class, 'nav-link') and normalize-space()='Logout']'.</msg>
<status status="PASS" starttime="20211024 05:12:55.676" endtime="20211024 05:12:55.864"/>
</kw>
<status status="PASS" starttime="20211024 05:12:55.646" endtime="20211024 05:12:55.864"/>
</kw>
<kw name="Flash::Wait Until Flash Message With Category Is Visible" library="flash">
<arg>Logout successful!</arg>
<arg>success</arg>
<kw name="Set Variable" library="BuiltIn">
<var>${flaskBox}</var>
<arg>//*[contains(@class, 'alert-${category}')]//*[contains(@class, 'flash')]</arg>
<doc>Returns the given values which can then be assigned to a variables.</doc>
<msg timestamp="20211024 05:12:55.865" level="INFO">${flaskBox} = //*[contains(@class, 'alert-success')]//*[contains(@class, 'flash')]</msg>
<status status="PASS" starttime="20211024 05:12:55.865" endtime="20211024 05:12:55.865"/>
</kw>
<kw name="Set Variable" library="BuiltIn">
<var>${flaskMessage}</var>
<arg>//*[contains(@class, 'alert')]//*[contains(@class, 'flash') and normalize-space()='${message}']</arg>
<doc>Returns the given values which can then be assigned to a variables.</doc>
<msg timestamp="20211024 05:12:55.865" level="INFO">${flaskMessage} = //*[contains(@class, 'alert')]//*[contains(@class, 'flash') and normalize-space()='Logout successful!']</msg>
<status status="PASS" starttime="20211024 05:12:55.865" endtime="20211024 05:12:55.865"/>
</kw>
<kw name="Set Variable" library="BuiltIn">
<var>${flaskCloseButton}</var>
<arg>//*[contains(@class, 'alert')]//*[contains(@class, 'flash')]//button[contains(@class, 'btn-close')]</arg>
<doc>Returns the given values which can then be assigned to a variables.</doc>
<msg timestamp="20211024 05:12:55.866" level="INFO">${flaskCloseButton} = //*[contains(@class, 'alert')]//*[contains(@class, 'flash')]//button[contains(@class, 'btn-close')]</msg>
<status status="PASS" starttime="20211024 05:12:55.865" endtime="20211024 05:12:55.866"/>
</kw>
<kw name="Wait Until Element Is Visible" library="Selenium2Library">
<arg>${flaskBox}</arg>
<arg>${shortPeriodOfTime}</arg>
<arg>'Flash Box Should Be Visible'</arg>
<doc>Waits until the element ``locator`` is visible.</doc>
<status status="PASS" starttime="20211024 05:12:55.866" endtime="20211024 05:12:55.904"/>
</kw>
<kw name="Wait Until Element Is Visible" library="Selenium2Library">
<arg>${flaskMessage}</arg>
<arg>${shortPeriodOfTime}</arg>
<arg>'Flash Message Should Be Visible'</arg>
<doc>Waits until the element ``locator`` is visible.</doc>
<status status="PASS" starttime="20211024 05:12:55.905" endtime="20211024 05:12:55.931"/>
</kw>
<kw name="Wait Until Element Is Visible" library="Selenium2Library">
<arg>${flaskCloseButton}</arg>
<arg>${shortPeriodOfTime}</arg>
<arg>'Flash Close Button Should Be Visible'</arg>
<doc>Waits until the element ``locator`` is visible.</doc>
<status status="PASS" starttime="20211024 05:12:55.931" endtime="20211024 05:12:55.961"/>
</kw>
<status status="PASS" starttime="20211024 05:12:55.864" endtime="20211024 05:12:55.961"/>
</kw>
<kw name="Common::Wait Until Navbar Contains" library="common">
<arg>Home</arg>
<arg>Products</arg>
<arg>Login</arg>
<arg>Sign-up</arg>
<for flavor="IN">
<var>${buttonName}</var>
<value>@{buttonNames}</value>
<iter>
<var name="${buttonName}">Home</var>
<kw name="Common::Wait Until Navbar Button Is Visible" library="common">
<arg>${buttonName}</arg>
<kw name="Set Variable" library="BuiltIn">
<var>${button}</var>
<arg>//*[contains(@class, 'navbar')]//*[contains(@class, 'nav-link') and normalize-space()='${buttonName}']</arg>
<doc>Returns the given values which can then be assigned to a variables.</doc>
<msg timestamp="20211024 05:12:55.963" level="INFO">${button} = //*[contains(@class, 'navbar')]//*[contains(@class, 'nav-link') and normalize-space()='Home']</msg>
<status status="PASS" starttime="20211024 05:12:55.963" endtime="20211024 05:12:55.963"/>
</kw>
<kw name="Wait Until Element Is Visible" library="Selenium2Library">
<arg>${button}</arg>
<arg>${shortPeriodOfTime}</arg>
<arg>'${buttonName} Button Should Be Visible'</arg>
<doc>Waits until the element ``locator`` is visible.</doc>
<status status="PASS" starttime="20211024 05:12:55.963" endtime="20211024 05:12:55.991"/>
</kw>
<status status="PASS" starttime="20211024 05:12:55.962" endtime="20211024 05:12:55.991"/>
</kw>
<status status="PASS" starttime="20211024 05:12:55.962" endtime="20211024 05:12:55.991"/>
</iter>
<iter>
<var name="${buttonName}">Products</var>
<kw name="Common::Wait Until Navbar Button Is Visible" library="common">
<arg>${buttonName}</arg>
<kw name="Set Variable" library="BuiltIn">
<var>${button}</var>
<arg>//*[contains(@class, 'navbar')]//*[contains(@class, 'nav-link') and normalize-space()='${buttonName}']</arg>
<doc>Returns the given values which can then be assigned to a variables.</doc>
<msg timestamp="20211024 05:12:55.993" level="INFO">${button} = //*[contains(@class, 'navbar')]//*[contains(@class, 'nav-link') and normalize-space()='Products']</msg>
<status status="PASS" starttime="20211024 05:12:55.992" endtime="20211024 05:12:55.993"/>
</kw>
<kw name="Wait Until Element Is Visible" library="Selenium2Library">
<arg>${button}</arg>
<arg>${shortPeriodOfTime}</arg>
<arg>'${buttonName} Button Should Be Visible'</arg>
<doc>Waits until the element ``locator`` is visible.</doc>
<status status="PASS" starttime="20211024 05:12:55.993" endtime="20211024 05:12:56.026"/>
</kw>
<status status="PASS" starttime="20211024 05:12:55.992" endtime="20211024 05:12:56.026"/>
</kw>
<status status="PASS" starttime="20211024 05:12:55.991" endtime="20211024 05:12:56.026"/>
</iter>
<iter>
<var name="${buttonName}">Login</var>
<kw name="Common::Wait Until Navbar Button Is Visible" library="common">
<arg>${buttonName}</arg>
<kw name="Set Variable" library="BuiltIn">
<var>${button}</var>
<arg>//*[contains(@class, 'navbar')]//*[contains(@class, 'nav-link') and normalize-space()='${buttonName}']</arg>
<doc>Returns the given values which can then be assigned to a variables.</doc>
<msg timestamp="20211024 05:12:56.028" level="INFO">${button} = //*[contains(@class, 'navbar')]//*[contains(@class, 'nav-link') and normalize-space()='Login']</msg>
<status status="PASS" starttime="20211024 05:12:56.028" endtime="20211024 05:12:56.028"/>
</kw>
<kw name="Wait Until Element Is Visible" library="Selenium2Library">
<arg>${button}</arg>
<arg>${shortPeriodOfTime}</arg>
<arg>'${buttonName} Button Should Be Visible'</arg>
<doc>Waits until the element ``locator`` is visible.</doc>
<status status="PASS" starttime="20211024 05:12:56.028" endtime="20211024 05:12:56.054"/>
</kw>
<status status="PASS" starttime="20211024 05:12:56.027" endtime="20211024 05:12:56.054"/>
</kw>
<status status="PASS" starttime="20211024 05:12:56.027" endtime="20211024 05:12:56.054"/>
</iter>
<iter>
<var name="${buttonName}">Sign-up</var>
<kw name="Common::Wait Until Navbar Button Is Visible" library="common">
<arg>${buttonName}</arg>
<kw name="Set Variable" library="BuiltIn">
<var>${button}</var>
<arg>//*[contains(@class, 'navbar')]//*[contains(@class, 'nav-link') and normalize-space()='${buttonName}']</arg>
<doc>Returns the given values which can then be assigned to a variables.</doc>
<msg timestamp="20211024 05:12:56.055" level="INFO">${button} = //*[contains(@class, 'navbar')]//*[contains(@class, 'nav-link') and normalize-space()='Sign-up']</msg>
<status status="PASS" starttime="20211024 05:12:56.055" endtime="20211024 05:12:56.055"/>
</kw>
<kw name="Wait Until Element Is Visible" library="Selenium2Library">
<arg>${button}</arg>
<arg>${shortPeriodOfTime}</arg>
<arg>'${buttonName} Button Should Be Visible'</arg>
<doc>Waits until the element ``locator`` is visible.</doc>
<status status="PASS" starttime="20211024 05:12:56.055" endtime="20211024 05:12:56.080"/>
</kw>
<status status="PASS" starttime="20211024 05:12:56.055" endtime="20211024 05:12:56.080"/>
</kw>
<status status="PASS" starttime="20211024 05:12:56.054" endtime="20211024 05:12:56.080"/>
</iter>
<status status="PASS" starttime="20211024 05:12:55.962" endtime="20211024 05:12:56.080"/>
</for>
<status status="PASS" starttime="20211024 05:12:55.961" endtime="20211024 05:12:56.080"/>
</kw>
<status status="PASS" starttime="20211024 05:12:55.646" endtime="20211024 05:12:56.080"/>
</kw>
<kw name="Go to Login Page" library="common">
<kw name="Common::Click Navbar Button" library="common">
<arg>Login</arg>
<kw name="Common::Wait Until Navbar Button Is Visible" library="common">
<var>${button}</var>
<arg>${buttonName}</arg>
<kw name="Set Variable" library="BuiltIn">
<var>${button}</var>
<arg>//*[contains(@class, 'navbar')]//*[contains(@class, 'nav-link') and normalize-space()='${buttonName}']</arg>
<doc>Returns the given values which can then be assigned to a variables.</doc>
<msg timestamp="20211024 05:12:56.082" level="INFO">${button} = //*[contains(@class, 'navbar')]//*[contains(@class, 'nav-link') and normalize-space()='Login']</msg>
<status status="PASS" starttime="20211024 05:12:56.082" endtime="20211024 05:12:56.082"/>
</kw>
<kw name="Wait Until Element Is Visible" library="Selenium2Library">
<arg>${button}</arg>
<arg>${shortPeriodOfTime}</arg>
<arg>'${buttonName} Button Should Be Visible'</arg>
<doc>Waits until the element ``locator`` is visible.</doc>
<status status="PASS" starttime="20211024 05:12:56.082" endtime="20211024 05:12:56.113"/>
</kw>
<msg timestamp="20211024 05:12:56.114" level="INFO">${button} = //*[contains(@class, 'navbar')]//*[contains(@class, 'nav-link') and normalize-space()='Login']</msg>
<status status="PASS" starttime="20211024 05:12:56.081" endtime="20211024 05:12:56.114"/>
</kw>
<kw name="Click Element" library="Selenium2Library">
<arg>${button}</arg>
<doc>Click the element identified by ``locator``.</doc>
<msg timestamp="20211024 05:12:56.114" level="INFO">Clicking element '//*[contains(@class, 'navbar')]//*[contains(@class, 'nav-link') and normalize-space()='Login']'.</msg>
<status status="PASS" starttime="20211024 05:12:56.114" endtime="20211024 05:12:56.282"/>
</kw>
<status status="PASS" starttime="20211024 05:12:56.081" endtime="20211024 05:12:56.282"/>
</kw>
<kw name="Common::Wait Until Navbar Contains" library="common">
<arg>Home</arg>
<arg>Products</arg>
<arg>Login</arg>
<arg>Sign-up</arg>
<for flavor="IN">
<var>${buttonName}</var>
<value>@{buttonNames}</value>
<iter>
<var name="${buttonName}">Home</var>
<kw name="Common::Wait Until Navbar Button Is Visible" library="common">
<arg>${buttonName}</arg>
<kw name="Set Variable" library="BuiltIn">
<var>${button}</var>
<arg>//*[contains(@class, 'navbar')]//*[contains(@class, 'nav-link') and normalize-space()='${buttonName}']</arg>
<doc>Returns the given values which can then be assigned to a variables.</doc>
<msg timestamp="20211024 05:12:56.284" level="INFO">${button} = //*[contains(@class, 'navbar')]//*[contains(@class, 'nav-link') and normalize-space()='Home']</msg>
<status status="PASS" starttime="20211024 05:12:56.283" endtime="20211024 05:12:56.284"/>
</kw>
<kw name="Wait Until Element Is Visible" library="Selenium2Library">
<arg>${button}</arg>
<arg>${shortPeriodOfTime}</arg>
<arg>'${buttonName} Button Should Be Visible'</arg>
<doc>Waits until the element ``locator`` is visible.</doc>
<status status="PASS" starttime="20211024 05:12:56.284" endtime="20211024 05:12:56.327"/>
</kw>
<status status="PASS" starttime="20211024 05:12:56.283" endtime="20211024 05:12:56.327"/>
</kw>
<status status="PASS" starttime="20211024 05:12:56.283" endtime="20211024 05:12:56.327"/>
</iter>
<iter>
<var name="${buttonName}">Products</var>
<kw name="Common::Wait Until Navbar Button Is Visible" library="common">
<arg>${buttonName}</arg>
<kw name="Set Variable" library="BuiltIn">
<var>${button}</var>
<arg>//*[contains(@class, 'navbar')]//*[contains(@class, 'nav-link') and normalize-space()='${buttonName}']</arg>
<doc>Returns the given values which can then be assigned to a variables.</doc>
<msg timestamp="20211024 05:12:56.328" level="INFO">${button} = //*[contains(@class, 'navbar')]//*[contains(@class, 'nav-link') and normalize-space()='Products']</msg>
<status status="PASS" starttime="20211024 05:12:56.328" endtime="20211024 05:12:56.328"/>
</kw>
<kw name="Wait Until Element Is Visible" library="Selenium2Library">
<arg>${button}</arg>
<arg>${shortPeriodOfTime}</arg>
<arg>'${buttonName} Button Should Be Visible'</arg>
<doc>Waits until the element ``locator`` is visible.</doc>
<status status="PASS" starttime="20211024 05:12:56.328" endtime="20211024 05:12:56.356"/>
</kw>
<status status="PASS" starttime="20211024 05:12:56.328" endtime="20211024 05:12:56.356"/>
</kw>
<status status="PASS" starttime="20211024 05:12:56.327" endtime="20211024 05:12:56.356"/>
</iter>
<iter>
<var name="${buttonName}">Login</var>
<kw name="Common::Wait Until Navbar Button Is Visible" library="common">
<arg>${buttonName}</arg>
<kw name="Set Variable" library="BuiltIn">
<var>${button}</var>
<arg>//*[contains(@class, 'navbar')]//*[contains(@class, 'nav-link') and normalize-space()='${buttonName}']</arg>
<doc>Returns the given values which can then be assigned to a variables.</doc>
<msg timestamp="20211024 05:12:56.358" level="INFO">${button} = //*[contains(@class, 'navbar')]//*[contains(@class, 'nav-link') and normalize-space()='Login']</msg>
<status status="PASS" starttime="20211024 05:12:56.358" endtime="20211024 05:12:56.360"/>
</kw>
<kw name="Wait Until Element Is Visible" library="Selenium2Library">
<arg>${button}</arg>
<arg>${shortPeriodOfTime}</arg>
<arg>'${buttonName} Button Should Be Visible'</arg>
<doc>Waits until the element ``locator`` is visible.</doc>
<status status="PASS" starttime="20211024 05:12:56.361" endtime="20211024 05:12:56.396"/>
</kw>
<status status="PASS" starttime="20211024 05:12:56.357" endtime="20211024 05:12:56.396"/>
</kw>
<status status="PASS" starttime="20211024 05:12:56.357" endtime="20211024 05:12:56.396"/>
</iter>
<iter>
<var name="${buttonName}">Sign-up</var>
<kw name="Common::Wait Until Navbar Button Is Visible" library="common">
<arg>${buttonName}</arg>
<kw name="Set Variable" library="BuiltIn">
<var>${button}</var>
<arg>//*[contains(@class, 'navbar')]//*[contains(@class, 'nav-link') and normalize-space()='${buttonName}']</arg>
<doc>Returns the given values which can then be assigned to a variables.</doc>
<msg timestamp="20211024 05:12:56.397" level="INFO">${button} = //*[contains(@class, 'navbar')]//*[contains(@class, 'nav-link') and normalize-space()='Sign-up']</msg>
<status status="PASS" starttime="20211024 05:12:56.397" endtime="20211024 05:12:56.397"/>
</kw>
<kw name="Wait Until Element Is Visible" library="Selenium2Library">
<arg>${button}</arg>
<arg>${shortPeriodOfTime}</arg>
<arg>'${buttonName} Button Should Be Visible'</arg>
<doc>Waits until the element ``locator`` is visible.</doc>
<status status="PASS" starttime="20211024 05:12:56.397" endtime="20211024 05:12:56.430"/>
</kw>
<status status="PASS" starttime="20211024 05:12:56.397" endtime="20211024 05:12:56.431"/>
</kw>
<status status="PASS" starttime="20211024 05:12:56.396" endtime="20211024 05:12:56.431"/>
</iter>
<status status="PASS" starttime="20211024 05:12:56.283" endtime="20211024 05:12:56.431"/>
</for>
<status status="PASS" starttime="20211024 05:12:56.282" endtime="20211024 05:12:56.431"/>
</kw>
<status status="PASS" starttime="20211024 05:12:56.081" endtime="20211024 05:12:56.431"/>
</kw>
<status status="PASS" starttime="20211024 05:12:55.645" endtime="20211024 05:12:56.431"/>
</kw>
<status status="PASS" starttime="20211024 05:12:54.644" endtime="20211024 05:12:56.431"/>
</kw>
<kw name="Verify Login As Admin" library="UIR-03_Login">
<kw name="Login Page::Wait Until Login Form Is Visible" library="UIR-03_Login">
<kw name="Set Variable" library="BuiltIn">
<var>${usernameField}</var>
<arg>//form//*[@id='username']</arg>
<doc>Returns the given values which can then be assigned to a variables.</doc>
<msg timestamp="20211024 05:12:56.432" level="INFO">${usernameField} = //form//*[@id='username']</msg>
<status status="PASS" starttime="20211024 05:12:56.432" endtime="20211024 05:12:56.432"/>
</kw>
<kw name="Set Variable" library="BuiltIn">
<var>${passwordField}</var>
<arg>//form//*[@id='password']</arg>
<doc>Returns the given values which can then be assigned to a variables.</doc>
<msg timestamp="20211024 05:12:56.432" level="INFO">${passwordField} = //form//*[@id='password']</msg>
<status status="PASS" starttime="20211024 05:12:56.432" endtime="20211024 05:12:56.432"/>
</kw>
<kw name="Set Variable" library="BuiltIn">
<var>${rememberMeCheckBox}</var>
<arg>//form//*[@id='remember_me']</arg>
<doc>Returns the given values which can then be assigned to a variables.</doc>
<msg timestamp="20211024 05:12:56.433" level="INFO">${rememberMeCheckBox} = //form//*[@id='remember_me']</msg>
<status status="PASS" starttime="20211024 05:12:56.433" endtime="20211024 05:12:56.433"/>
</kw>
<kw name="Set Variable" library="BuiltIn">
<var>${loginButton}</var>
<arg>//form//*[@id='submit']</arg>
<doc>Returns the given values which can then be assigned to a variables.</doc>
<msg timestamp="20211024 05:12:56.433" level="INFO">${loginButton} = //form//*[@id='submit']</msg>
<status status="PASS" starttime="20211024 05:12:56.433" endtime="20211024 05:12:56.433"/>
</kw>
<kw name="Wait Until Element Is Visible" library="Selenium2Library">
<arg>${usernameField}</arg>
<arg>${shortPeriodOfTime}</arg>
<arg>'Username Field Should Be Visible'</arg>
<doc>Waits until the element ``locator`` is visible.</doc>
<status status="PASS" starttime="20211024 05:12:56.433" endtime="20211024 05:12:56.466"/>
</kw>
<kw name="Wait Until Element Is Visible" library="Selenium2Library">
<arg>${passwordField}</arg>
<arg>${shortPeriodOfTime}</arg>
<arg>'Password Field Should Be Visible'</arg>
<doc>Waits until the element ``locator`` is visible.</doc>
<status status="PASS" starttime="20211024 05:12:56.466" endtime="20211024 05:12:56.505"/>
</kw>
<kw name="Wait Until Element Is Visible" library="Selenium2Library">
<arg>${rememberMeCheckBox}</arg>
<arg>${shortPeriodOfTime}</arg>
<arg>'Remember Me Check Box Should Be Visible'</arg>
<doc>Waits until the element ``locator`` is visible.</doc>
<status status="PASS" starttime="20211024 05:12:56.505" endtime="20211024 05:12:56.534"/>
</kw>
<kw name="Wait Until Element Is Visible" library="Selenium2Library">
<arg>${loginButton}</arg>
<arg>${shortPeriodOfTime}</arg>
<arg>'Login Button Should Be Visible'</arg>
<doc>Waits until the element ``locator`` is visible.</doc>
<status status="PASS" starttime="20211024 05:12:56.534" endtime="20211024 05:12:56.560"/>
</kw>
<kw name="Do Not Have An Account Button Should Be Visible" library="UIR-03_Login">
<kw name="Set Variable" library="BuiltIn">
<var>${doNotHaveAnAccountButton}</var>
<arg>//*[contains(@class, 'card-footer')]//*[normalize-space()='Do not have an account?']</arg>
<doc>Returns the given values which can then be assigned to a variables.</doc>
<msg timestamp="20211024 05:12:56.560" level="INFO">${doNotHaveAnAccountButton} = //*[contains(@class, 'card-footer')]//*[normalize-space()='Do not have an account?']</msg>
<status status="PASS" starttime="20211024 05:12:56.560" endtime="20211024 05:12:56.560"/>
</kw>
<kw name="Wait Until Element Is Visible" library="Selenium2Library">
[...]
<doc>Waits until the element ``locator`` is visible.</doc>
<status status="PASS" starttime="20211024 05:13:00.502" endtime="20211024 05:13:00.537"/>
</kw>
<status status="PASS" starttime="20211024 05:13:00.501" endtime="20211024 05:13:00.537"/>
</kw>
<status status="PASS" starttime="20211024 05:13:00.501" endtime="20211024 05:13:00.537"/>
</iter>
<status status="PASS" starttime="20211024 05:13:00.337" endtime="20211024 05:13:00.537"/>
</for>
<status status="PASS" starttime="20211024 05:13:00.337" endtime="20211024 05:13:00.537"/>
</kw>
<status status="PASS" starttime="20211024 05:13:00.074" endtime="20211024 05:13:00.538"/>
</kw>
<status status="PASS" starttime="20211024 05:12:59.571" endtime="20211024 05:13:00.538"/>
</kw>
<tag>UIR-03</tag>
<status status="PASS" starttime="20211024 05:12:52.119" endtime="20211024 05:13:00.538"/>
</test>
<test id="s1-t2" name="Register Page">
<kw name="Go To Register Page" library="common" type="SETUP">
<kw name="Common::Click Navbar Button" library="common">
<arg>Sign-up</arg>
<kw name="Common::Wait Until Navbar Button Is Visible" library="common">
<var>${button}</var>
<arg>${buttonName}</arg>
<kw name="Set Variable" library="BuiltIn">
<var>${button}</var>
<arg>//*[contains(@class, 'navbar')]//*[contains(@class, 'nav-link') and normalize-space()='${buttonName}']</arg>
<doc>Returns the given values which can then be assigned to a variables.</doc>
<msg timestamp="20211024 05:13:00.540" level="INFO">${button} = //*[contains(@class, 'navbar')]//*[contains(@class, 'nav-link') and normalize-space()='Sign-up']</msg>
<status status="PASS" starttime="20211024 05:13:00.540" endtime="20211024 05:13:00.540"/>
</kw>
<kw name="Wait Until Element Is Visible" library="Selenium2Library">
<arg>${button}</arg>
<arg>${shortPeriodOfTime}</arg>
<arg>'${buttonName} Button Should Be Visible'</arg>
<doc>Waits until the element ``locator`` is visible.</doc>
<status status="PASS" starttime="20211024 05:13:00.540" endtime="20211024 05:13:00.566"/>
</kw>
<msg timestamp="20211024 05:13:00.567" level="INFO">${button} = //*[contains(@class, 'navbar')]//*[contains(@class, 'nav-link') and normalize-space()='Sign-up']</msg>
<status status="PASS" starttime="20211024 05:13:00.540" endtime="20211024 05:13:00.567"/>
</kw>
<kw name="Click Element" library="Selenium2Library">
<arg>${button}</arg>
<doc>Click the element identified by ``locator``.</doc>
<msg timestamp="20211024 05:13:00.567" level="INFO">Clicking element '//*[contains(@class, 'navbar')]//*[contains(@class, 'nav-link') and normalize-space()='Sign-up']'.</msg>
<status status="PASS" starttime="20211024 05:13:00.567" endtime="20211024 05:13:00.715"/>
</kw>
<status status="PASS" starttime="20211024 05:13:00.539" endtime="20211024 05:13:00.716"/>
</kw>
<kw name="Common::Wait Until Navbar Contains" library="common">
<arg>Home</arg>
<arg>Products</arg>
<arg>Login</arg>
<arg>Sign-up</arg>
<for flavor="IN">
<var>${buttonName}</var>
<value>@{buttonNames}</value>
<iter>
<var name="${buttonName}">Home</var>
<kw name="Common::Wait Until Navbar Button Is Visible" library="common">
<arg>${buttonName}</arg>
<kw name="Set Variable" library="BuiltIn">
<var>${button}</var>
<arg>//*[contains(@class, 'navbar')]//*[contains(@class, 'nav-link') and normalize-space()='${buttonName}']</arg>
<doc>Returns the given values which can then be assigned to a variables.</doc>
<msg timestamp="20211024 05:13:00.717" level="INFO">${button} = //*[contains(@class, 'navbar')]//*[contains(@class, 'nav-link') and normalize-space()='Home']</msg>
<status status="PASS" starttime="20211024 05:13:00.717" endtime="20211024 05:13:00.717"/>
</kw>
<kw name="Wait Until Element Is Visible" library="Selenium2Library">
<arg>${button}</arg>
<arg>${shortPeriodOfTime}</arg>
<arg>'${buttonName} Button Should Be Visible'</arg>
<doc>Waits until the element ``locator`` is visible.</doc>
<status status="PASS" starttime="20211024 05:13:00.717" endtime="20211024 05:13:00.772"/>
</kw>
<status status="PASS" starttime="20211024 05:13:00.716" endtime="20211024 05:13:00.773"/>
</kw>
<status status="PASS" starttime="20211024 05:13:00.716" endtime="20211024 05:13:00.773"/>
</iter>
<iter>
<var name="${buttonName}">Products</var>
<kw name="Common::Wait Until Navbar Button Is Visible" library="common">
<arg>${buttonName}</arg>
<kw name="Set Variable" library="BuiltIn">
<var>${button}</var>
<arg>//*[contains(@class, 'navbar')]//*[contains(@class, 'nav-link') and normalize-space()='${buttonName}']</arg>
<doc>Returns the given values which can then be assigned to a variables.</doc>
<msg timestamp="20211024 05:13:00.774" level="INFO">${button} = //*[contains(@class, 'navbar')]//*[contains(@class, 'nav-link') and normalize-space()='Products']</msg>
<status status="PASS" starttime="20211024 05:13:00.773" endtime="20211024 05:13:00.774"/>
</kw>
<kw name="Wait Until Element Is Visible" library="Selenium2Library">
<arg>${button}</arg>
<arg>${shortPeriodOfTime}</arg>
<arg>'${buttonName} Button Should Be Visible'</arg>
<doc>Waits until the element ``locator`` is visible.</doc>
<status status="PASS" starttime="20211024 05:13:00.774" endtime="20211024 05:13:00.814"/>
</kw>
<status status="PASS" starttime="20211024 05:13:00.773" endtime="20211024 05:13:00.814"/>
</kw>
<status status="PASS" starttime="20211024 05:13:00.773" endtime="20211024 05:13:00.814"/>
</iter>
<iter>
<var name="${buttonName}">Login</var>
<kw name="Common::Wait Until Navbar Button Is Visible" library="common">
<arg>${buttonName}</arg>
<kw name="Set Variable" library="BuiltIn">
<var>${button}</var>
<arg>//*[contains(@class, 'navbar')]//*[contains(@class, 'nav-link') and normalize-space()='${buttonName}']</arg>
<doc>Returns the given values which can then be assigned to a variables.</doc>
<msg timestamp="20211024 05:13:00.815" level="INFO">${button} = //*[contains(@class, 'navbar')]//*[contains(@class, 'nav-link') and normalize-space()='Login']</msg>
<status status="PASS" starttime="20211024 05:13:00.815" endtime="20211024 05:13:00.815"/>
</kw>
<kw name="Wait Until Element Is Visible" library="Selenium2Library">
<arg>${button}</arg>
<arg>${shortPeriodOfTime}</arg>
<arg>'${buttonName} Button Should Be Visible'</arg>
<doc>Waits until the element ``locator`` is visible.</doc>
<status status="PASS" starttime="20211024 05:13:00.815" endtime="20211024 05:13:00.845"/>
</kw>
<status status="PASS" starttime="20211024 05:13:00.814" endtime="20211024 05:13:00.846"/>
</kw>
<status status="PASS" starttime="20211024 05:13:00.814" endtime="20211024 05:13:00.846"/>
</iter>
<iter>
<var name="${buttonName}">Sign-up</var>
<kw name="Common::Wait Until Navbar Button Is Visible" library="common">
<arg>${buttonName}</arg>
<kw name="Set Variable" library="BuiltIn">
<var>${button}</var>
<arg>//*[contains(@class, 'navbar')]//*[contains(@class, 'nav-link') and normalize-space()='${buttonName}']</arg>
<doc>Returns the given values which can then be assigned to a variables.</doc>
<msg timestamp="20211024 05:13:00.847" level="INFO">${button} = //*[contains(@class, 'navbar')]//*[contains(@class, 'nav-link') and normalize-space()='Sign-up']</msg>
<status status="PASS" starttime="20211024 05:13:00.846" endtime="20211024 05:13:00.847"/>
</kw>
<kw name="Wait Until Element Is Visible" library="Selenium2Library">
<arg>${button}</arg>
<arg>${shortPeriodOfTime}</arg>
<arg>'${buttonName} Button Should Be Visible'</arg>
<doc>Waits until the element ``locator`` is visible.</doc>
<status status="PASS" starttime="20211024 05:13:00.847" endtime="20211024 05:13:00.880"/>
</kw>
<status status="PASS" starttime="20211024 05:13:00.846" endtime="20211024 05:13:00.880"/>
</kw>
<status status="PASS" starttime="20211024 05:13:00.846" endtime="20211024 05:13:00.880"/>
</iter>
<status status="PASS" starttime="20211024 05:13:00.716" endtime="20211024 05:13:00.880"/>
</for>
<status status="PASS" starttime="20211024 05:13:00.716" endtime="20211024 05:13:00.880"/>
</kw>
<status status="PASS" starttime="20211024 05:13:00.539" endtime="20211024 05:13:00.881"/>
</kw>
<kw name="Verify Already Have An Account Button" library="UIR-04_Register">
<kw name="Register Page::Wait Until Register Form Is Visible" library="UIR-04_Register">
<kw name="Set Variable" library="BuiltIn">
<var>${emailField}</var>
<arg>//form//*[@id='email']</arg>
<doc>Returns the given values which can then be assigned to a variables.</doc>
<msg timestamp="20211024 05:13:00.882" level="INFO">${emailField} = //form//*[@id='email']</msg>
<status status="PASS" starttime="20211024 05:13:00.882" endtime="20211024 05:13:00.882"/>
</kw>
<kw name="Set Variable" library="BuiltIn">
<var>${usernameField}</var>
<arg>//form//*[@id='username']</arg>
<doc>Returns the given values which can then be assigned to a variables.</doc>
<msg timestamp="20211024 05:13:00.882" level="INFO">${usernameField} = //form//*[@id='username']</msg>
<status status="PASS" starttime="20211024 05:13:00.882" endtime="20211024 05:13:00.882"/>
</kw>
<kw name="Set Variable" library="BuiltIn">
<var>${passwordField}</var>
<arg>//form//*[@id='password']</arg>
<doc>Returns the given values which can then be assigned to a variables.</doc>
<msg timestamp="20211024 05:13:00.883" level="INFO">${passwordField} = //form//*[@id='password']</msg>
<status status="PASS" starttime="20211024 05:13:00.882" endtime="20211024 05:13:00.883"/>
</kw>
<kw name="Set Variable" library="BuiltIn">
<var>${registerButton}</var>
<arg>//form//*[@id='submit']</arg>
<doc>Returns the given values which can then be assigned to a variables.</doc>
<msg timestamp="20211024 05:13:00.883" level="INFO">${registerButton} = //form//*[@id='submit']</msg>
<status status="PASS" starttime="20211024 05:13:00.883" endtime="20211024 05:13:00.883"/>
</kw>
<kw name="Wait Until Element Is Visible" library="Selenium2Library">
<arg>${emailField}</arg>
<arg>${shortPeriodOfTime}</arg>
<arg>'Email Field Should Be Visible'</arg>
<doc>Waits until the element ``locator`` is visible.</doc>
<status status="PASS" starttime="20211024 05:13:00.883" endtime="20211024 05:13:00.913"/>
</kw>
<kw name="Wait Until Element Is Visible" library="Selenium2Library">
<arg>${usernameField}</arg>
<arg>${shortPeriodOfTime}</arg>
<arg>'Username Field Should Be Visible'</arg>
<doc>Waits until the element ``locator`` is visible.</doc>
<status status="PASS" starttime="20211024 05:13:00.913" endtime="20211024 05:13:00.940"/>
</kw>
<kw name="Wait Until Element Is Visible" library="Selenium2Library">
<arg>${passwordField}</arg>
<arg>${shortPeriodOfTime}</arg>
<arg>'Password Field Should Be Visible'</arg>
<doc>Waits until the element ``locator`` is visible.</doc>
<status status="PASS" starttime="20211024 05:13:00.941" endtime="20211024 05:13:00.966"/>
</kw>
<kw name="Wait Until Element Is Visible" library="Selenium2Library">
<arg>${registerButton}</arg>
<arg>${shortPeriodOfTime}</arg>
<arg>'Register Button Should Be Visible'</arg>
<doc>Waits until the element ``locator`` is visible.</doc>
<status status="PASS" starttime="20211024 05:13:00.966" endtime="20211024 05:13:00.995"/>
</kw>
<kw name="Have An Account Button Should Be Visible" library="UIR-04_Register">
<kw name="Set Variable" library="BuiltIn">
<var>${haveAnAccountButton}</var>
<arg>//*[contains(@class, 'card-footer')]//*[normalize-space()='Already have an account?']</arg>
<doc>Returns the given values which can then be assigned to a variables.</doc>
<msg timestamp="20211024 05:13:00.996" level="INFO">${haveAnAccountButton} = //*[contains(@class, 'card-footer')]//*[normalize-space()='Already have an account?']</msg>
<status status="PASS" starttime="20211024 05:13:00.996" endtime="20211024 05:13:00.996"/>
</kw>
<kw name="Wait Until Element Is Visible" library="Selenium2Library">
<arg>${haveAnAccountButton}</arg>
<arg>${shortPeriodOfTime}</arg>
<arg>'Have An Account Button Should Be Visible'</arg>
<doc>Waits until the element ``locator`` is visible.</doc>
<status status="PASS" starttime="20211024 05:13:00.996" endtime="20211024 05:13:01.054"/>
</kw>
<status status="PASS" starttime="20211024 05:13:00.995" endtime="20211024 05:13:01.054"/>
</kw>
<status status="PASS" starttime="20211024 05:13:00.881" endtime="20211024 05:13:01.054"/>
</kw>
<kw name="Register Page::Click Have An Account Button" library="UIR-04_Register">
<kw name="Have An Account Button Should Be Visible" library="UIR-04_Register">
<var>${haveAnAccountButton}</var>
<kw name="Set Variable" library="BuiltIn">
<var>${haveAnAccountButton}</var>
<arg>//*[contains(@class, 'card-footer')]//*[normalize-space()='Already have an account?']</arg>
<doc>Returns the given values which can then be assigned to a variables.</doc>
<msg timestamp="20211024 05:13:01.056" level="INFO">${haveAnAccountButton} = //*[contains(@class, 'card-footer')]//*[normalize-space()='Already have an account?']</msg>
<status status="PASS" starttime="20211024 05:13:01.055" endtime="20211024 05:13:01.056"/>
</kw>
<kw name="Wait Until Element Is Visible" library="Selenium2Library">
<arg>${haveAnAccountButton}</arg>
<arg>${shortPeriodOfTime}</arg>
<arg>'Have An Account Button Should Be Visible'</arg>
<doc>Waits until the element ``locator`` is visible.</doc>
<status status="PASS" starttime="20211024 05:13:01.056" endtime="20211024 05:13:01.114"/>
</kw>
<msg timestamp="20211024 05:13:01.114" level="INFO">${haveAnAccountButton} = //*[contains(@class, 'card-footer')]//*[normalize-space()='Already have an account?']</msg>
<status status="PASS" starttime="20211024 05:13:01.055" endtime="20211024 05:13:01.114"/>
</kw>
<kw name="Click Element" library="Selenium2Library">
<arg>${haveAnAccountButton}</arg>
<doc>Click the element identified by ``locator``.</doc>
<msg timestamp="20211024 05:13:01.114" level="INFO">Clicking element '//*[contains(@class, 'card-footer')]//*[normalize-space()='Already have an account?']'.</msg>
<status status="PASS" starttime="20211024 05:13:01.114" endtime="20211024 05:13:01.334"/>
</kw>
<status status="PASS" starttime="20211024 05:13:01.055" endtime="20211024 05:13:01.335"/>
</kw>
<kw name="Login Page::Wait Until Login Form Is Visible" library="UIR-03_Login">
<kw name="Set Variable" library="BuiltIn">
<var>${usernameField}</var>
<arg>//form//*[@id='username']</arg>
<doc>Returns the given values which can then be assigned to a variables.</doc>
<msg timestamp="20211024 05:13:01.335" level="INFO">${usernameField} = //form//*[@id='username']</msg>
<status status="PASS" starttime="20211024 05:13:01.335" endtime="20211024 05:13:01.335"/>
</kw>
<kw name="Set Variable" library="BuiltIn">
<var>${passwordField}</var>
<arg>//form//*[@id='password']</arg>
<doc>Returns the given values which can then be assigned to a variables.</doc>
<msg timestamp="20211024 05:13:01.336" level="INFO">${passwordField} = //form//*[@id='password']</msg>
<status status="PASS" starttime="20211024 05:13:01.335" endtime="20211024 05:13:01.336"/>
</kw>
<kw name="Set Variable" library="BuiltIn">
<var>${rememberMeCheckBox}</var>
<arg>//form//*[@id='remember_me']</arg>
<doc>Returns the given values which can then be assigned to a variables.</doc>
<msg timestamp="20211024 05:13:01.336" level="INFO">${rememberMeCheckBox} = //form//*[@id='remember_me']</msg>
<status status="PASS" starttime="20211024 05:13:01.336" endtime="20211024 05:13:01.336"/>
</kw>
<kw name="Set Variable" library="BuiltIn">
<var>${loginButton}</var>
<arg>//form//*[@id='submit']</arg>
<doc>Returns the given values which can then be assigned to a variables.</doc>
<msg timestamp="20211024 05:13:01.336" level="INFO">${loginButton} = //form//*[@id='submit']</msg>
<status status="PASS" starttime="20211024 05:13:01.336" endtime="20211024 05:13:01.336"/>
</kw>
<kw name="Wait Until Element Is Visible" library="Selenium2Library">
<arg>${usernameField}</arg>
<arg>${shortPeriodOfTime}</arg>
<arg>'Username Field Should Be Visible'</arg>
<doc>Waits until the element ``locator`` is visible.</doc>
<status status="PASS" starttime="20211024 05:13:01.337" endtime="20211024 05:13:01.384"/>
</kw>
<kw name="Wait Until Element Is Visible" library="Selenium2Library">
<arg>${passwordField}</arg>
<arg>${shortPeriodOfTime}</arg>
<arg>'Password Field Should Be Visible'</arg>
<doc>Waits until the element ``locator`` is visible.</doc>
<status status="PASS" starttime="20211024 05:13:01.384" endtime="20211024 05:13:01.414"/>
</kw>
<kw name="Wait Until Element Is Visible" library="Selenium2Library">
<arg>${rememberMeCheckBox}</arg>
<arg>${shortPeriodOfTime}</arg>
<arg>'Remember Me Check Box Should Be Visible'</arg>
<doc>Waits until the element ``locator`` is visible.</doc>
<status status="PASS" starttime="20211024 05:13:01.414" endtime="20211024 05:13:01.444"/>
</kw>
<kw name="Wait Until Element Is Visible" library="Selenium2Library">
<arg>${loginButton}</arg>
<arg>${shortPeriodOfTime}</arg>
<arg>'Login Button Should Be Visible'</arg>
<doc>Waits until the element ``locator`` is visible.</doc>
<status status="PASS" starttime="20211024 05:13:01.444" endtime="20211024 05:13:01.469"/>
</kw>
<kw name="Do Not Have An Account Button Should Be Visible" library="UIR-03_Login">
<kw name="Set Variable" library="BuiltIn">
<var>${doNotHaveAnAccountButton}</var>
<arg>//*[contains(@class, 'card-footer')]//*[normalize-space()='Do not have an account?']</arg>
<doc>Returns the given values which can then be assigned to a variables.</doc>
<msg timestamp="20211024 05:13:01.471" level="INFO">${doNotHaveAnAccountButton} = //*[contains(@class, 'card-footer')]//*[normalize-space()='Do not have an account?']</msg>
<status status="PASS" starttime="20211024 05:13:01.471" endtime="20211024 05:13:01.471"/>
</kw>
<kw name="Wait Until Element Is Visible" library="Selenium2Library">
<arg>${doNotHaveAnAccountButton}</arg>
<arg>${shortPeriodOfTime}</arg>
<arg>'Do Not Have An Account Button Should Be Visible'</arg>
<doc>Waits until the element ``locator`` is visible.</doc>
<status status="PASS" starttime="20211024 05:13:01.471" endtime="20211024 05:13:01.496"/>
</kw>
<status status="PASS" starttime="20211024 05:13:01.470" endtime="20211024 05:13:01.496"/>
</kw>
<kw name="Forgot Password Button Should Be Visible" library="UIR-03_Login">
<kw name="Set Variable" library="BuiltIn">
<var>${forgotPasswordButton}</var>
<arg>//*[contains(@class, 'card-footer')]//*[normalize-space()='Forgot Your Password?']</arg>
<doc>Returns the given values which can then be assigned to a variables.</doc>
<msg timestamp="20211024 05:13:01.497" level="INFO">${forgotPasswordButton} = //*[contains(@class, 'card-footer')]//*[normalize-space()='Forgot Your Password?']</msg>
<status status="PASS" starttime="20211024 05:13:01.497" endtime="20211024 05:13:01.497"/>
</kw>
<kw name="Wait Until Element Is Visible" library="Selenium2Library">
<arg>${forgotPasswordButton}</arg>
<arg>${shortPeriodOfTime}</arg>
<arg>'Forgot Password Button Should Be Visible'</arg>
<doc>Waits until the element ``locator`` is visible.</doc>
<status status="PASS" starttime="20211024 05:13:01.497" endtime="20211024 05:13:01.527"/>
</kw>
<status status="PASS" starttime="20211024 05:13:01.497" endtime="20211024 05:13:01.528"/>
</kw>
<status status="PASS" starttime="20211024 05:13:01.335" endtime="20211024 05:13:01.528"/>
</kw>
<status status="PASS" starttime="20211024 05:13:00.881" endtime="20211024 05:13:01.528"/>
</kw>
<tag>UIR-04</tag>
<status status="PASS" starttime="20211024 05:13:00.539" endtime="20211024 05:13:01.529"/>
</test>
<kw name="Close Browser" library="Selenium2Library" type="TEARDOWN">
<doc>Closes the current browser.</doc>
<status status="PASS" starttime="20211024 05:13:01.530" endtime="20211024 05:13:02.206"/>
</kw>
<status status="PASS" starttime="20211024 05:12:47.697" endtime="20211024 05:13:02.206"/>
</suite>
<statistics>
<total>
<stat pass="2" fail="0" skip="0">All Tests</stat>
</total>
<tag>
<stat pass="1" fail="0" skip="0">UIR-03</stat>
<stat pass="1" fail="0" skip="0">UIR-04</stat>
</tag>
<suite>
<stat pass="2" fail="0" skip="0" id="s1" name="FeatureTests">FeatureTests</stat>
</suite>
</statistics>
<errors>
</errors>
</robot>
