<?xml version="1.0" encoding="UTF-8"?>
<robot generator="Robot 4.1.1 (Python 3.6.9 on linux)" generated="20220108 20:15:30.770" rpa="false" schemaversion="2">
<suite id="s1" name="FeatureTests" source="/home/ming/110-1_Database-System_Project/tests/RobotTests/FeatureTests.robot">
<kw name="Run Keywords" library="BuiltIn" type="SETUP">
<arg>Open Browser</arg>
<arg>${webSiteURL}</arg>
<arg>${browser}</arg>
<arg>AND</arg>
<arg>Maximize Browser Window</arg>
<doc>Executes all the given keywords in a sequence.</doc>
<kw name="Open Browser" library="Selenium2Library">
<arg>${webSiteURL}</arg>
<arg>${browser}</arg>
<doc>Opens a new browser instance to the optional ``url``.</doc>
<msg timestamp="20220108 20:15:30.910" level="INFO">Opening browser 'firefox' to base url 'http://192.168.0.158:5000'.</msg>
<msg timestamp="20220108 20:15:30.910" level="INFO">Firefox driver log is always forced to to: /home/ming/110-1_Database-System_Project/tests/RobotTests/reports/geckodriver-11.log</msg>
<status status="PASS" starttime="20220108 20:15:30.909" endtime="20220108 20:15:34.111"/>
</kw>
<kw name="Maximize Browser Window" library="Selenium2Library">
<doc>Maximizes current browser window.</doc>
<status status="PASS" starttime="20220108 20:15:34.111" endtime="20220108 20:15:34.492"/>
</kw>
<status status="PASS" starttime="20220108 20:15:30.909" endtime="20220108 20:15:34.492"/>
</kw>
<test id="s1-t1" name="Index Page">
<kw name="Go To Home Page" library="common" type="SETUP">
<kw name="Common::Click Navbar Button" library="common">
<arg>Home</arg>
<kw name="Common::Wait Until Navbar Button Is Visible" library="common">
<var>${button}</var>
<arg>${buttonID}</arg>
<kw name="Set Variable" library="BuiltIn">
<var>${button}</var>
<arg>//*[contains(@class, 'navbar')]//*[contains(@id, '${buttonID}')]</arg>
<doc>Returns the given values which can then be assigned to a variables.</doc>
<msg timestamp="20220108 20:15:34.497" level="INFO">${button} = //*[contains(@class, 'navbar')]//*[contains(@id, 'Home')]</msg>
<status status="PASS" starttime="20220108 20:15:34.497" endtime="20220108 20:15:34.497"/>
</kw>
<kw name="Wait Until Element Is Visible" library="Selenium2Library">
<arg>${button}</arg>
<arg>${shortPeriodOfTime}</arg>
<arg>'${buttonID} Button Should Be Visible'</arg>
<doc>Waits until the element ``locator`` is visible.</doc>
<status status="PASS" starttime="20220108 20:15:34.497" endtime="20220108 20:15:34.553"/>
</kw>
<msg timestamp="20220108 20:15:34.554" level="INFO">${button} = //*[contains(@class, 'navbar')]//*[contains(@id, 'Home')]</msg>
<status status="PASS" starttime="20220108 20:15:34.497" endtime="20220108 20:15:34.554"/>
</kw>
<kw name="Click Element" library="Selenium2Library">
<arg>${button}</arg>
<doc>Click the element identified by ``locator``.</doc>
<msg timestamp="20220108 20:15:34.554" level="INFO">Clicking element '//*[contains(@class, 'navbar')]//*[contains(@id, 'Home')]'.</msg>
<status status="PASS" starttime="20220108 20:15:34.554" endtime="20220108 20:15:35.849"/>
</kw>
<status status="PASS" starttime="20220108 20:15:34.496" endtime="20220108 20:15:35.849"/>
</kw>
<kw name="Common::Wait Until Navbar Contains" library="common">
<arg>Home</arg>
<for flavor="IN">
<var>${buttonName}</var>
<value>@{buttonNames}</value>
<iter>
<var name="${buttonName}">Home</var>
<kw name="Common::Wait Until Navbar Button Is Visible" library="common">
<arg>${buttonName}</arg>
<kw name="Set Variable" library="BuiltIn">
<var>${button}</var>
<arg>//*[contains(@class, 'navbar')]//*[contains(@id, '${buttonID}')]</arg>
<doc>Returns the given values which can then be assigned to a variables.</doc>
<msg timestamp="20220108 20:15:35.850" level="INFO">${button} = //*[contains(@class, 'navbar')]//*[contains(@id, 'Home')]</msg>
<status status="PASS" starttime="20220108 20:15:35.850" endtime="20220108 20:15:35.850"/>
</kw>
<kw name="Wait Until Element Is Visible" library="Selenium2Library">
<arg>${button}</arg>
<arg>${shortPeriodOfTime}</arg>
<arg>'${buttonID} Button Should Be Visible'</arg>
<doc>Waits until the element ``locator`` is visible.</doc>
<status status="PASS" starttime="20220108 20:15:35.851" endtime="20220108 20:15:35.875"/>
</kw>
<status status="PASS" starttime="20220108 20:15:35.850" endtime="20220108 20:15:35.876"/>
</kw>
<status status="PASS" starttime="20220108 20:15:35.850" endtime="20220108 20:15:35.876"/>
</iter>
<status status="PASS" starttime="20220108 20:15:35.850" endtime="20220108 20:15:35.876"/>
</for>
<status status="PASS" starttime="20220108 20:15:35.849" endtime="20220108 20:15:35.876"/>
</kw>
<status status="PASS" starttime="20220108 20:15:34.495" endtime="20220108 20:15:35.876"/>
</kw>
<kw name="Verify Index Page Is Visible" library="index">
<kw name="Index Page::Wait Until Index Page Is Visible" library="index">
<kw name="Wait Until Element Is Visible" library="Selenium2Library">
<arg>${categoryItem}</arg>
<doc>Waits until the element ``locator`` is visible.</doc>
<status status="PASS" starttime="20220108 20:15:35.877" endtime="20220108 20:15:35.895"/>
</kw>
<kw name="Wait Until Element Is Visible" library="Selenium2Library">
<arg>${categoryBadge}</arg>
<doc>Waits until the element ``locator`` is visible.</doc>
<status status="PASS" starttime="20220108 20:15:35.896" endtime="20220108 20:15:35.915"/>
</kw>
<kw name="Wait Until Element Is Visible" library="Selenium2Library">
<arg>${productCard}</arg>
<doc>Waits until the element ``locator`` is visible.</doc>
<status status="PASS" starttime="20220108 20:15:35.915" endtime="20220108 20:15:35.934"/>
</kw>
<kw name="Wait Until Element Is Visible" library="Selenium2Library">
<arg>${productCardImage}</arg>
<doc>Waits until the element ``locator`` is visible.</doc>
<status status="PASS" starttime="20220108 20:15:35.934" endtime="20220108 20:15:35.955"/>
</kw>
<kw name="Wait Until Element Is Visible" library="Selenium2Library">
<arg>${productCardBody}</arg>
<doc>Waits until the element ``locator`` is visible.</doc>
<status status="PASS" starttime="20220108 20:15:35.955" endtime="20220108 20:15:35.974"/>
</kw>
<status status="PASS" starttime="20220108 20:15:35.877" endtime="20220108 20:15:35.974"/>
</kw>
<status status="PASS" starttime="20220108 20:15:35.877" endtime="20220108 20:15:35.974"/>
</kw>
<kw name="Go To Home Page" library="common" type="TEARDOWN">
<kw name="Common::Click Navbar Button" library="common">
<arg>Home</arg>
<kw name="Common::Wait Until Navbar Button Is Visible" library="common">
<var>${button}</var>
<arg>${buttonID}</arg>
<kw name="Set Variable" library="BuiltIn">
<var>${button}</var>
<arg>//*[contains(@class, 'navbar')]//*[contains(@id, '${buttonID}')]</arg>
<doc>Returns the given values which can then be assigned to a variables.</doc>
<msg timestamp="20220108 20:15:35.976" level="INFO">${button} = //*[contains(@class, 'navbar')]//*[contains(@id, 'Home')]</msg>
<status status="PASS" starttime="20220108 20:15:35.976" endtime="20220108 20:15:35.976"/>
</kw>
<kw name="Wait Until Element Is Visible" library="Selenium2Library">
<arg>${button}</arg>
<arg>${shortPeriodOfTime}</arg>
<arg>'${buttonID} Button Should Be Visible'</arg>
<doc>Waits until the element ``locator`` is visible.</doc>
<status status="PASS" starttime="20220108 20:15:35.976" endtime="20220108 20:15:35.993"/>
</kw>
<msg timestamp="20220108 20:15:35.995" level="INFO">${button} = //*[contains(@class, 'navbar')]//*[contains(@id, 'Home')]</msg>
<status status="PASS" starttime="20220108 20:15:35.975" endtime="20220108 20:15:35.995"/>
</kw>
<kw name="Click Element" library="Selenium2Library">
<arg>${button}</arg>
<doc>Click the element identified by ``locator``.</doc>
<msg timestamp="20220108 20:15:35.996" level="INFO">Clicking element '//*[contains(@class, 'navbar')]//*[contains(@id, 'Home')]'.</msg>
<status status="PASS" starttime="20220108 20:15:35.995" endtime="20220108 20:15:37.232"/>
</kw>
<status status="PASS" starttime="20220108 20:15:35.975" endtime="20220108 20:15:37.232"/>
</kw>
<kw name="Common::Wait Until Navbar Contains" library="common">
<arg>Home</arg>
<for flavor="IN">
<var>${buttonName}</var>
<value>@{buttonNames}</value>
<iter>
<var name="${buttonName}">Home</var>
<kw name="Common::Wait Until Navbar Button Is Visible" library="common">
<arg>${buttonName}</arg>
<kw name="Set Variable" library="BuiltIn">
<var>${button}</var>
<arg>//*[contains(@class, 'navbar')]//*[contains(@id, '${buttonID}')]</arg>
<doc>Returns the given values which can then be assigned to a variables.</doc>
<msg timestamp="20220108 20:15:37.233" level="INFO">${button} = //*[contains(@class, 'navbar')]//*[contains(@id, 'Home')]</msg>
<status status="PASS" starttime="20220108 20:15:37.233" endtime="20220108 20:15:37.233"/>
</kw>
<kw name="Wait Until Element Is Visible" library="Selenium2Library">
<arg>${button}</arg>
<arg>${shortPeriodOfTime}</arg>
<arg>'${buttonID} Button Should Be Visible'</arg>
<doc>Waits until the element ``locator`` is visible.</doc>
<status status="PASS" starttime="20220108 20:15:37.234" endtime="20220108 20:15:37.257"/>
</kw>
<status status="PASS" starttime="20220108 20:15:37.233" endtime="20220108 20:15:37.257"/>
</kw>
<status status="PASS" starttime="20220108 20:15:37.233" endtime="20220108 20:15:37.257"/>
</iter>
<status status="PASS" starttime="20220108 20:15:37.233" endtime="20220108 20:15:37.257"/>
</for>
<status status="PASS" starttime="20220108 20:15:37.232" endtime="20220108 20:15:37.257"/>
</kw>
<status status="PASS" starttime="20220108 20:15:35.975" endtime="20220108 20:15:37.257"/>
</kw>
<tag>index</tag>
<status status="PASS" starttime="20220108 20:15:34.492" endtime="20220108 20:15:37.258"/>
</test>
<test id="s1-t2" name="Login Page">
<kw name="Go to Login Page" library="common" type="SETUP">
<kw name="Common::Click Navbar Button" library="common">
<arg>Login</arg>
<kw name="Common::Wait Until Navbar Button Is Visible" library="common">
<var>${button}</var>
<arg>${buttonID}</arg>
<kw name="Set Variable" library="BuiltIn">
<var>${button}</var>
<arg>//*[contains(@class, 'navbar')]//*[contains(@id, '${buttonID}')]</arg>
<doc>Returns the given values which can then be assigned to a variables.</doc>
<msg timestamp="20220108 20:15:37.260" level="INFO">${button} = //*[contains(@class, 'navbar')]//*[contains(@id, 'Login')]</msg>
<status status="PASS" starttime="20220108 20:15:37.260" endtime="20220108 20:15:37.260"/>
</kw>
<kw name="Wait Until Element Is Visible" library="Selenium2Library">
<arg>${button}</arg>
<arg>${shortPeriodOfTime}</arg>
<arg>'${buttonID} Button Should Be Visible'</arg>
<doc>Waits until the element ``locator`` is visible.</doc>
<status status="PASS" starttime="20220108 20:15:37.261" endtime="20220108 20:15:37.280"/>
</kw>
<msg timestamp="20220108 20:15:37.280" level="INFO">${button} = //*[contains(@class, 'navbar')]//*[contains(@id, 'Login')]</msg>
<status status="PASS" starttime="20220108 20:15:37.260" endtime="20220108 20:15:37.280"/>
</kw>
<kw name="Click Element" library="Selenium2Library">
<arg>${button}</arg>
<doc>Click the element identified by ``locator``.</doc>
<msg timestamp="20220108 20:15:37.280" level="INFO">Clicking element '//*[contains(@class, 'navbar')]//*[contains(@id, 'Login')]'.</msg>
<status status="PASS" starttime="20220108 20:15:37.280" endtime="20220108 20:15:37.388"/>
</kw>
<status status="PASS" starttime="20220108 20:15:37.259" endtime="20220108 20:15:37.388"/>
</kw>
<kw name="Common::Wait Until Navbar Contains" library="common">
<arg>Home</arg>
<arg>Login</arg>
<arg>SignUp</arg>
<for flavor="IN">
<var>${buttonName}</var>
<value>@{buttonNames}</value>
<iter>
<var name="${buttonName}">Home</var>
<kw name="Common::Wait Until Navbar Button Is Visible" library="common">
<arg>${buttonName}</arg>
<kw name="Set Variable" library="BuiltIn">
<var>${button}</var>
<arg>//*[contains(@class, 'navbar')]//*[contains(@id, '${buttonID}')]</arg>
<doc>Returns the given values which can then be assigned to a variables.</doc>
<msg timestamp="20220108 20:15:37.389" level="INFO">${button} = //*[contains(@class, 'navbar')]//*[contains(@id, 'Home')]</msg>
<status status="PASS" starttime="20220108 20:15:37.389" endtime="20220108 20:15:37.389"/>
</kw>
<kw name="Wait Until Element Is Visible" library="Selenium2Library">
<arg>${button}</arg>
<arg>${shortPeriodOfTime}</arg>
<arg>'${buttonID} Button Should Be Visible'</arg>
<doc>Waits until the element ``locator`` is visible.</doc>
<status status="PASS" starttime="20220108 20:15:37.389" endtime="20220108 20:15:37.413"/>
</kw>
<status status="PASS" starttime="20220108 20:15:37.389" endtime="20220108 20:15:37.413"/>
</kw>
<status status="PASS" starttime="20220108 20:15:37.389" endtime="20220108 20:15:37.413"/>
</iter>
<iter>
<var name="${buttonName}">Login</var>
<kw name="Common::Wait Until Navbar Button Is Visible" library="common">
<arg>${buttonName}</arg>
<kw name="Set Variable" library="BuiltIn">
<var>${button}</var>
<arg>//*[contains(@class, 'navbar')]//*[contains(@id, '${buttonID}')]</arg>
<doc>Returns the given values which can then be assigned to a variables.</doc>
<msg timestamp="20220108 20:15:37.414" level="INFO">${button} = //*[contains(@class, 'navbar')]//*[contains(@id, 'Login')]</msg>
<status status="PASS" starttime="20220108 20:15:37.414" endtime="20220108 20:15:37.414"/>
</kw>
<kw name="Wait Until Element Is Visible" library="Selenium2Library">
<arg>${button}</arg>
<arg>${shortPeriodOfTime}</arg>
<arg>'${buttonID} Button Should Be Visible'</arg>
<doc>Waits until the element ``locator`` is visible.</doc>
<status status="PASS" starttime="20220108 20:15:37.414" endtime="20220108 20:15:37.438"/>
</kw>
<status status="PASS" starttime="20220108 20:15:37.413" endtime="20220108 20:15:37.439"/>
</kw>
<status status="PASS" starttime="20220108 20:15:37.413" endtime="20220108 20:15:37.439"/>
</iter>
<iter>
<var name="${buttonName}">SignUp</var>
<kw name="Common::Wait Until Navbar Button Is Visible" library="common">
<arg>${buttonName}</arg>
<kw name="Set Variable" library="BuiltIn">
<var>${button}</var>
<arg>//*[contains(@class, 'navbar')]//*[contains(@id, '${buttonID}')]</arg>
<doc>Returns the given values which can then be assigned to a variables.</doc>
<msg timestamp="20220108 20:15:37.440" level="INFO">${button} = //*[contains(@class, 'navbar')]//*[contains(@id, 'SignUp')]</msg>
<status status="PASS" starttime="20220108 20:15:37.440" endtime="20220108 20:15:37.440"/>
</kw>
<kw name="Wait Until Element Is Visible" library="Selenium2Library">
<arg>${button}</arg>
<arg>${shortPeriodOfTime}</arg>
<arg>'${buttonID} Button Should Be Visible'</arg>
<doc>Waits until the element ``locator`` is visible.</doc>
<status status="PASS" starttime="20220108 20:15:37.440" endtime="20220108 20:15:37.456"/>
</kw>
<status status="PASS" starttime="20220108 20:15:37.439" endtime="20220108 20:15:37.456"/>
</kw>
<status status="PASS" starttime="20220108 20:15:37.439" endtime="20220108 20:15:37.456"/>
</iter>
<status status="PASS" starttime="20220108 20:15:37.388" endtime="20220108 20:15:37.456"/>
</for>
<status status="PASS" starttime="20220108 20:15:37.388" endtime="20220108 20:15:37.457"/>
</kw>
<status status="PASS" starttime="20220108 20:15:37.259" endtime="20220108 20:15:37.457"/>
</kw>
<kw name="Verify Login Form Is Visible" library="login">
<kw name="Login Page::Wait Until Login Form Is Visible" library="login">
<kw name="Wait Until Element Is Visible" library="Selenium2Library">
<arg>${loginTitle}</arg>
<arg>${normalPeriodOfTime}</arg>
<arg>'Login Title Should Be Visible'</arg>
<doc>Waits until the element ``locator`` is visible.</doc>
<status status="PASS" starttime="20220108 20:15:37.458" endtime="20220108 20:15:37.473"/>
</kw>
<kw name="Wait Until Element Is Visible" library="Selenium2Library">
<arg>${usernameField}</arg>
<arg>${normalPeriodOfTime}</arg>
<arg>'Username Field Should Be Visible'</arg>
<doc>Waits until the element ``locator`` is visible.</doc>
<status status="PASS" starttime="20220108 20:15:37.474" endtime="20220108 20:15:37.490"/>
</kw>
<kw name="Wait Until Element Is Visible" library="Selenium2Library">
<arg>${passwordField}</arg>
<arg>${normalPeriodOfTime}</arg>
<arg>'Password Field Should Be Visible'</arg>
<doc>Waits until the element ``locator`` is visible.</doc>
<status status="PASS" starttime="20220108 20:15:37.490" endtime="20220108 20:15:37.505"/>
</kw>
<kw name="Wait Until Element Is Visible" library="Selenium2Library">
<arg>${rememberMeCheckBox}</arg>
<arg>${normalPeriodOfTime}</arg>
<arg>'Remember Me Check Box Should Be Visible'</arg>
<doc>Waits until the element ``locator`` is visible.</doc>
<status status="PASS" starttime="20220108 20:15:37.506" endtime="20220108 20:15:37.521"/>
</kw>
<kw name="Wait Until Element Is Visible" library="Selenium2Library">
<arg>${loginButton}</arg>
<arg>${normalPeriodOfTime}</arg>
<arg>'Login Button Should Be Visible'</arg>
<doc>Waits until the element ``locator`` is visible.</doc>
<status status="PASS" starttime="20220108 20:15:37.521" endtime="20220108 20:15:37.538"/>
</kw>
<kw name="Wait Until Element Is Visible" library="Selenium2Library">
<arg>${doNotHaveAnAccountButton}</arg>
<arg>${normalPeriodOfTime}</arg>
<arg>'Do Not Have An Account Button Should Be Visible'</arg>
<doc>Waits until the element ``locator`` is visible.</doc>
<status status="PASS" starttime="20220108 20:15:37.538" endtime="20220108 20:15:37.554"/>
</kw>
<kw name="Wait Until Element Is Visible" library="Selenium2Library">
<arg>${forgotPasswordButton}</arg>
<arg>${normalPeriodOfTime}</arg>
<arg>'Forgot Password Button Should Be Visible'</arg>
<doc>Waits until the element ``locator`` is visible.</doc>
<status status="PASS" starttime="20220108 20:15:37.554" endtime="20220108 20:15:37.572"/>
</kw>
<status status="PASS" starttime="20220108 20:15:37.458" endtime="20220108 20:15:37.573"/>
</kw>
<status status="PASS" starttime="20220108 20:15:37.457" endtime="20220108 20:15:37.573"/>
</kw>
<kw name="Verify &quot;Do not Have An Account&quot; Button" library="login">
<kw name="Login Page::Wait Until Login Form Is Visible" library="login">
<kw name="Wait Until Element Is Visible" library="Selenium2Library">
<arg>${loginTitle}</arg>
<arg>${normalPeriodOfTime}</arg>
<arg>'Login Title Should Be Visible'</arg>
<doc>Waits until the element ``locator`` is visible.</doc>
<status status="PASS" starttime="20220108 20:15:37.574" endtime="20220108 20:15:37.589"/>
</kw>
<kw name="Wait Until Element Is Visible" library="Selenium2Library">
<arg>${usernameField}</arg>
<arg>${normalPeriodOfTime}</arg>
<arg>'Username Field Should Be Visible'</arg>
<doc>Waits until the element ``locator`` is visible.</doc>
<status status="PASS" starttime="20220108 20:15:37.589" endtime="20220108 20:15:37.604"/>
</kw>
<kw name="Wait Until Element Is Visible" library="Selenium2Library">
<arg>${passwordField}</arg>
<arg>${normalPeriodOfTime}</arg>
<arg>'Password Field Should Be Visible'</arg>
<doc>Waits until the element ``locator`` is visible.</doc>
<status status="PASS" starttime="20220108 20:15:37.604" endtime="20220108 20:15:37.622"/>
</kw>
<kw name="Wait Until Element Is Visible" library="Selenium2Library">
<arg>${rememberMeCheckBox}</arg>
<arg>${normalPeriodOfTime}</arg>
<arg>'Remember Me Check Box Should Be Visible'</arg>
<doc>Waits until the element ``locator`` is visible.</doc>
<status status="PASS" starttime="20220108 20:15:37.622" endtime="20220108 20:15:37.640"/>
</kw>
<kw name="Wait Until Element Is Visible" library="Selenium2Library">
<arg>${loginButton}</arg>
<arg>${normalPeriodOfTime}</arg>
<arg>'Login Button Should Be Visible'</arg>
<doc>Waits until the element ``locator`` is visible.</doc>
<status status="PASS" starttime="20220108 20:15:37.640" endtime="20220108 20:15:37.668"/>
</kw>
<kw name="Wait Until Element Is Visible" library="Selenium2Library">
<arg>${doNotHaveAnAccountButton}</arg>
<arg>${normalPeriodOfTime}</arg>
<arg>'Do Not Have An Account Button Should Be Visible'</arg>
<doc>Waits until the element ``locator`` is visible.</doc>
<status status="PASS" starttime="20220108 20:15:37.668" endtime="20220108 20:15:37.681"/>
</kw>
<kw name="Wait Until Element Is Visible" library="Selenium2Library">
<arg>${forgotPasswordButton}</arg>
<arg>${normalPeriodOfTime}</arg>
<arg>'Forgot Password Button Should Be Visible'</arg>
<doc>Waits until the element ``locator`` is visible.</doc>
<status status="PASS" starttime="20220108 20:15:37.681" endtime="20220108 20:15:37.695"/>
</kw>
<status status="PASS" starttime="20220108 20:15:37.573" endtime="20220108 20:15:37.695"/>
</kw>
<kw name="Click Element" library="Selenium2Library">
<arg>${doNotHaveAnAccountButton}</arg>
<doc>Click the element identified by ``locator``.</doc>
<msg timestamp="20220108 20:15:37.696" level="INFO">Clicking element '//*[contains(@class, 'card')]//*[contains(@class, 'card-footer')]//*[normalize-space()='Do not have an account?']'.</msg>
<status status="PASS" starttime="20220108 20:15:37.695" endtime="20220108 20:15:37.818"/>
</kw>
<kw name="Register Page::Wait Until Register Form Is Visible" library="register">
<kw name="Wait Until Element Is Visible" library="Selenium2Library">
<arg>${registerTitle}</arg>
<arg>${normalPeriodOfTime}</arg>
<arg>'Register Title Should Be Visible'</arg>
<doc>Waits until the element ``locator`` is visible.</doc>
<status status="PASS" starttime="20220108 20:15:37.819" endtime="20220108 20:15:37.847"/>
</kw>
<kw name="Wait Until Element Is Visible" library="Selenium2Library">
<arg>${emailField}</arg>
<arg>${normalPeriodOfTime}</arg>
<arg>'Email Field Should Be Visible'</arg>
<doc>Waits until the element ``locator`` is visible.</doc>
<status status="PASS" starttime="20220108 20:15:37.848" endtime="20220108 20:15:37.865"/>
</kw>
<kw name="Wait Until Element Is Visible" library="Selenium2Library">
<arg>${usernameField}</arg>
<arg>${normalPeriodOfTime}</arg>
<arg>'Username Field Should Be Visible'</arg>
<doc>Waits until the element ``locator`` is visible.</doc>
<status status="PASS" starttime="20220108 20:15:37.865" endtime="20220108 20:15:37.883"/>
</kw>
<kw name="Wait Until Element Is Visible" library="Selenium2Library">
<arg>${passwordField}</arg>
<arg>${normalPeriodOfTime}</arg>
<arg>'Password Field Should Be Visible'</arg>
<doc>Waits until the element ``locator`` is visible.</doc>
<status status="PASS" starttime="20220108 20:15:37.883" endtime="20220108 20:15:37.909"/>
</kw>
<kw name="Wait Until Element Is Visible" library="Selenium2Library">
<arg>${confirmPasswordField}</arg>
<arg>${normalPeriodOfTime}</arg>
<arg>'Confirm Password Field Should Be Visible'</arg>
<doc>Waits until the element ``locator`` is visible.</doc>
<status status="PASS" starttime="20220108 20:15:37.909" endtime="20220108 20:15:37.926"/>
</kw>
<kw name="Wait Until Element Is Visible" library="Selenium2Library">
<arg>${firstNameField}</arg>
<arg>${normalPeriodOfTime}</arg>
<arg>'First Name Field Should Be Visible'</arg>
<doc>Waits until the element ``locator`` is visible.</doc>
<status status="PASS" starttime="20220108 20:15:37.926" endtime="20220108 20:15:37.943"/>
</kw>
<kw name="Wait Until Element Is Visible" library="Selenium2Library">
<arg>${lastNameField}</arg>
<arg>${normalPeriodOfTime}</arg>
<arg>'Last Name Field Should Be Visible'</arg>
<doc>Waits until the element ``locator`` is visible.</doc>
<status status="PASS" starttime="20220108 20:15:37.943" endtime="20220108 20:15:37.959"/>
</kw>
<kw name="Wait Until Element Is Visible" library="Selenium2Library">
<arg>${DOBDatePicker}</arg>
<arg>${normalPeriodOfTime}</arg>
<arg>'DOB Field Should Be Visible'</arg>
<doc>Waits until the element ``locator`` is visible.</doc>
<status status="PASS" starttime="20220108 20:15:37.959" endtime="20220108 20:15:37.974"/>
</kw>
<kw name="Wait Until Element Is Visible" library="Selenium2Library">
<arg>${registerButton}</arg>
<arg>${normalPeriodOfTime}</arg>
<arg>'Register Button Should Be Visible'</arg>
<doc>Waits until the element ``locator`` is visible.</doc>
<status status="PASS" starttime="20220108 20:15:37.974" endtime="20220108 20:15:37.989"/>
</kw>
<kw name="Wait Until Element Is Visible" library="Selenium2Library">
<arg>${alreadyHaveAnAccountButton}</arg>
<arg>${normalPeriodOfTime}</arg>
<arg>'Already Have An Account Button Should Be Visible'</arg>
<doc>Waits until the element ``locator`` is visible.</doc>
<status status="PASS" starttime="20220108 20:15:37.990" endtime="20220108 20:15:38.003"/>
</kw>
<status status="PASS" starttime="20220108 20:15:37.819" endtime="20220108 20:15:38.003"/>
</kw>
<kw name="Go to Login Page" library="common" type="TEARDOWN">
<kw name="Common::Click Navbar Button" library="common">
<arg>Login</arg>
<kw name="Common::Wait Until Navbar Button Is Visible" library="common">
<var>${button}</var>
<arg>${buttonID}</arg>
<kw name="Set Variable" library="BuiltIn">
<var>${button}</var>
<arg>//*[contains(@class, 'navbar')]//*[contains(@id, '${buttonID}')]</arg>
<doc>Returns the given values which can then be assigned to a variables.</doc>
<msg timestamp="20220108 20:15:38.005" level="INFO">${button} = //*[contains(@class, 'navbar')]//*[contains(@id, 'Login')]</msg>
<status status="PASS" starttime="20220108 20:15:38.005" endtime="20220108 20:15:38.005"/>
</kw>
<kw name="Wait Until Element Is Visible" library="Selenium2Library">
<arg>${button}</arg>
<arg>${shortPeriodOfTime}</arg>
<arg>'${buttonID} Button Should Be Visible'</arg>
<doc>Waits until the element ``locator`` is visible.</doc>
<status status="PASS" starttime="20220108 20:15:38.006" endtime="20220108 20:15:38.023"/>
</kw>
<msg timestamp="20220108 20:15:38.024" level="INFO">${button} = //*[contains(@class, 'navbar')]//*[contains(@id, 'Login')]</msg>
<status status="PASS" starttime="20220108 20:15:38.005" endtime="20220108 20:15:38.024"/>
</kw>
<kw name="Click Element" library="Selenium2Library">
<arg>${button}</arg>
<doc>Click the element identified by ``locator``.</doc>
<msg timestamp="20220108 20:15:38.024" level="INFO">Clicking element '//*[contains(@class, 'navbar')]//*[contains(@id, 'Login')]'.</msg>
<status status="PASS" starttime="20220108 20:15:38.024" endtime="20220108 20:15:38.132"/>
</kw>
<status status="PASS" starttime="20220108 20:15:38.004" endtime="20220108 20:15:38.132"/>
</kw>
<kw name="Common::Wait Until Navbar Contains" library="common">
<arg>Home</arg>
<arg>Login</arg>
<arg>SignUp</arg>
<for flavor="IN">
<var>${buttonName}</var>
<value>@{buttonNames}</value>
<iter>
<var name="${buttonName}">Home</var>
<kw name="Common::Wait Until Navbar Button Is Visible" library="common">
<arg>${buttonName}</arg>
<kw name="Set Variable" library="BuiltIn">
<var>${button}</var>
<arg>//*[contains(@class, 'navbar')]//*[contains(@id, '${buttonID}')]</arg>
<doc>Returns the given values which can then be assigned to a variables.</doc>
<msg timestamp="20220108 20:15:38.134" level="INFO">${button} = //*[contains(@class, 'navbar')]//*[contains(@id, 'Home')]</msg>
<status status="PASS" starttime="20220108 20:15:38.133" endtime="20220108 20:15:38.134"/>
</kw>
<kw name="Wait Until Element Is Visible" library="Selenium2Library">
<arg>${button}</arg>
<arg>${shortPeriodOfTime}</arg>
<arg>'${buttonID} Button Should Be Visible'</arg>
<doc>Waits until the element ``locator`` is visible.</doc>
<status status="PASS" starttime="20220108 20:15:38.134" endtime="20220108 20:15:38.161"/>
</kw>
<status status="PASS" starttime="20220108 20:15:38.133" endtime="20220108 20:15:38.161"/>
</kw>
<status status="PASS" starttime="20220108 20:15:38.133" endtime="20220108 20:15:38.161"/>
</iter>
<iter>
<var name="${buttonName}">Login</var>
<kw name="Common::Wait Until Navbar Button Is Visible" library="common">
<arg>${buttonName}</arg>
<kw name="Set Variable" library="BuiltIn">
<var>${button}</var>
<arg>//*[contains(@class, 'navbar')]//*[contains(@id, '${buttonID}')]</arg>
<doc>Returns the given values which can then be assigned to a variables.</doc>
<msg timestamp="20220108 20:15:38.162" level="INFO">${button} = //*[contains(@class, 'navbar')]//*[contains(@id, 'Login')]</msg>
<status status="PASS" starttime="20220108 20:15:38.162" endtime="20220108 20:15:38.162"/>
</kw>
<kw name="Wait Until Element Is Visible" library="Selenium2Library">
<arg>${button}</arg>
<arg>${shortPeriodOfTime}</arg>
<arg>'${buttonID} Button Should Be Visible'</arg>
<doc>Waits until the element ``locator`` is visible.</doc>
<status status="PASS" starttime="20220108 20:15:38.163" endtime="20220108 20:15:38.179"/>
</kw>
<status status="PASS" starttime="20220108 20:15:38.161" endtime="20220108 20:15:38.179"/>
</kw>
<status status="PASS" starttime="20220108 20:15:38.161" endtime="20220108 20:15:38.179"/>
</iter>
<iter>
<var name="${buttonName}">SignUp</var>
<kw name="Common::Wait Until Navbar Button Is Visible" library="common">
<arg>${buttonName}</arg>
<kw name="Set Variable" library="BuiltIn">
<var>${button}</var>
<arg>//*[contains(@class, 'navbar')]//*[contains(@id, '${buttonID}')]</arg>
<doc>Returns the given values which can then be assigned to a variables.</doc>
<msg timestamp="20220108 20:15:38.180" level="INFO">${button} = //*[contains(@class, 'navbar')]//*[contains(@id, 'SignUp')]</msg>
<status status="PASS" starttime="20220108 20:15:38.180" endtime="20220108 20:15:38.180"/>
</kw>
<kw name="Wait Until Element Is Visible" library="Selenium2Library">
<arg>${button}</arg>
<arg>${shortPeriodOfTime}</arg>
<arg>'${buttonID} Button Should Be Visible'</arg>
<doc>Waits until the element ``locator`` is visible.</doc>
<status status="PASS" starttime="20220108 20:15:38.180" endtime="20220108 20:15:38.196"/>
</kw>
<status status="PASS" starttime="20220108 20:15:38.179" endtime="20220108 20:15:38.197"/>
</kw>
<status status="PASS" starttime="20220108 20:15:38.179" endtime="20220108 20:15:38.197"/>
</iter>
<status status="PASS" starttime="20220108 20:15:38.133" endtime="20220108 20:15:38.197"/>
</for>
<status status="PASS" starttime="20220108 20:15:38.132" endtime="20220108 20:15:38.197"/>
</kw>
<status status="PASS" starttime="20220108 20:15:38.004" endtime="20220108 20:15:38.197"/>
</kw>
<status status="PASS" starttime="20220108 20:15:37.573" endtime="20220108 20:15:38.197"/>
</kw>
<kw name="Verify &quot;Forgot Password&quot; Button" library="login">
<kw name="Login Page::Wait Until Login Form Is Visible" library="login">
<kw name="Wait Until Element Is Visible" library="Selenium2Library">
<arg>${loginTitle}</arg>
<arg>${normalPeriodOfTime}</arg>
<arg>'Login Title Should Be Visible'</arg>
<doc>Waits until the element ``locator`` is visible.</doc>
<status status="PASS" starttime="20220108 20:15:38.198" endtime="20220108 20:15:38.218"/>
</kw>
<kw name="Wait Until Element Is Visible" library="Selenium2Library">
<arg>${usernameField}</arg>
<arg>${normalPeriodOfTime}</arg>
<arg>'Username Field Should Be Visible'</arg>
<doc>Waits until the element ``locator`` is visible.</doc>
<status status="PASS" starttime="20220108 20:15:38.218" endtime="20220108 20:15:38.237"/>
</kw>
<kw name="Wait Until Element Is Visible" library="Selenium2Library">
<arg>${passwordField}</arg>
<arg>${normalPeriodOfTime}</arg>
<arg>'Password Field Should Be Visible'</arg>
<doc>Waits until the element ``locator`` is visible.</doc>
<status status="PASS" starttime="20220108 20:15:38.237" endtime="20220108 20:15:38.254"/>
</kw>
<kw name="Wait Until Element Is Visible" library="Selenium2Library">
<arg>${rememberMeCheckBox}</arg>
<arg>${normalPeriodOfTime}</arg>
<arg>'Remember Me Check Box Should Be Visible'</arg>
<doc>Waits until the element ``locator`` is visible.</doc>
<status status="PASS" starttime="20220108 20:15:38.254" endtime="20220108 20:15:38.269"/>
</kw>
<kw name="Wait Until Element Is Visible" library="Selenium2Library">
<arg>${loginButton}</arg>
<arg>${normalPeriodOfTime}</arg>
<arg>'Login Button Should Be Visible'</arg>
<doc>Waits until the element ``locator`` is visible.</doc>
<status status="PASS" starttime="20220108 20:15:38.269" endtime="20220108 20:15:38.282"/>
</kw>
<kw name="Wait Until Element Is Visible" library="Selenium2Library">
<arg>${doNotHaveAnAccountButton}</arg>
<arg>${normalPeriodOfTime}</arg>
<arg>'Do Not Have An Account Button Should Be Visible'</arg>
<doc>Waits until the element ``locator`` is visible.</doc>
<status status="PASS" starttime="20220108 20:15:38.283" endtime="20220108 20:15:38.295"/>
</kw>
<kw name="Wait Until Element Is Visible" library="Selenium2Library">
<arg>${forgotPasswordButton}</arg>
<arg>${normalPeriodOfTime}</arg>
<arg>'Forgot Password Button Should Be Visible'</arg>
<doc>Waits until the element ``locator`` is visible.</doc>
<status status="PASS" starttime="20220108 20:15:38.296" endtime="20220108 20:15:38.309"/>
</kw>
<status status="PASS" starttime="20220108 20:15:38.197" endtime="20220108 20:15:38.310"/>
</kw>
<kw name="Click Element" library="Selenium2Library">
<arg>${forgotPasswordButton}</arg>
<doc>Click the element identified by ``locator``.</doc>
<msg timestamp="20220108 20:15:38.310" level="INFO">Clicking element '//*[contains(@class, 'card')]//*[contains(@class, 'card-footer')]//*[normalize-space()='Forgot Your Password?']'.</msg>
<status status="PASS" starttime="20220108 20:15:38.310" endtime="20220108 20:15:38.401"/>
</kw>
<kw name="Forgot Password Page::Wait Until Forgot Password Form Is Visible" library="forgotPassword">
<kw name="Wait Until Element Is Visible" library="Selenium2Library">
<arg>${forgotPasswordTitle}</arg>
<arg>${normalPeriodOfTime}</arg>
<arg>'Forgot Password Title Should Be Visible'</arg>
<doc>Waits until the element ``locator`` is visible.</doc>
<status status="PASS" starttime="20220108 20:15:38.402" endtime="20220108 20:15:38.428"/>
</kw>
<kw name="Wait Until Element Is Visible" library="Selenium2Library">
<arg>${emailField}</arg>
<arg>${normalPeriodOfTime}</arg>
<arg>'Email Field Should Be Visible'</arg>
<doc>Waits until the element ``locator`` is visible.</doc>
<status status="PASS" starttime="20220108 20:15:38.428" endtime="20220108 20:15:38.446"/>
</kw>
<kw name="Wait Until Element Is Visible" library="Selenium2Library">
<arg>${resetPasswordButton}</arg>
<arg>${normalPeriodOfTime}</arg>
<arg>'Forgot Password Button Should Be Visible'</arg>
<doc>Waits until the element ``locator`` is visible.</doc>
<status status="PASS" starttime="20220108 20:15:38.447" endtime="20220108 20:15:38.464"/>
</kw>
<status status="PASS" starttime="20220108 20:15:38.402" endtime="20220108 20:15:38.464"/>
</kw>
<kw name="Go to Login Page" library="common" type="TEARDOWN">
<kw name="Common::Click Navbar Button" library="common">
<arg>Login</arg>
<kw name="Common::Wait Until Navbar Button Is Visible" library="common">
<var>${button}</var>
<arg>${buttonID}</arg>
<kw name="Set Variable" library="BuiltIn">
<var>${button}</var>
<arg>//*[contains(@class, 'navbar')]//*[contains(@id, '${buttonID}')]</arg>
<doc>Returns the given values which can then be assigned to a variables.</doc>
<msg timestamp="20220108 20:15:38.466" level="INFO">${button} = //*[contains(@class, 'navbar')]//*[contains(@id, 'Login')]</msg>
<status status="PASS" starttime="20220108 20:15:38.465" endtime="20220108 20:15:38.466"/>
</kw>
<kw name="Wait Until Element Is Visible" library="Selenium2Library">
<arg>${button}</arg>
<arg>${shortPeriodOfTime}</arg>
<arg>'${buttonID} Button Should Be Visible'</arg>
<doc>Waits until the element ``locator`` is visible.</doc>
<status status="PASS" starttime="20220108 20:15:38.466" endtime="20220108 20:15:38.483"/>
</kw>
<msg timestamp="20220108 20:15:38.483" level="INFO">${button} = //*[contains(@class, 'navbar')]//*[contains(@id, 'Login')]</msg>
<status status="PASS" starttime="20220108 20:15:38.465" endtime="20220108 20:15:38.483"/>
</kw>
<kw name="Click Element" library="Selenium2Library">
<arg>${button}</arg>
<doc>Click the element identified by ``locator``.</doc>
<msg timestamp="20220108 20:15:38.484" level="INFO">Clicking element '//*[contains(@class, 'navbar')]//*[contains(@id, 'Login')]'.</msg>
<status status="PASS" starttime="20220108 20:15:38.483" endtime="20220108 20:15:38.596"/>
</kw>
<status status="PASS" starttime="20220108 20:15:38.465" endtime="20220108 20:15:38.596"/>
</kw>
<kw name="Common::Wait Until Navbar Contains" library="common">
<arg>Home</arg>
<arg>Login</arg>
<arg>SignUp</arg>
<for flavor="IN">
<var>${buttonName}</var>
<value>@{buttonNames}</value>
<iter>
<var name="${buttonName}">Home</var>
<kw name="Common::Wait Until Navbar Button Is Visible" library="common">
<arg>${buttonName}</arg>
<kw name="Set Variable" library="BuiltIn">
<var>${button}</var>
<arg>//*[contains(@class, 'navbar')]//*[contains(@id, '${buttonID}')]</arg>
<doc>Returns the given values which can then be assigned to a variables.</doc>
<msg timestamp="20220108 20:15:38.598" level="INFO">${button} = //*[contains(@class, 'navbar')]//*[contains(@id, 'Home')]</msg>
<status status="PASS" starttime="20220108 20:15:38.597" endtime="20220108 20:15:38.598"/>
</kw>
<kw name="Wait Until Element Is Visible" library="Selenium2Library">
<arg>${button}</arg>
<arg>${shortPeriodOfTime}</arg>
<arg>'${buttonID} Button Should Be Visible'</arg>
<doc>Waits until the element ``locator`` is visible.</doc>
<status status="PASS" starttime="20220108 20:15:38.598" endtime="20220108 20:15:38.627"/>
</kw>
<status status="PASS" starttime="20220108 20:15:38.597" endtime="20220108 20:15:38.627"/>
</kw>
<status status="PASS" starttime="20220108 20:15:38.597" endtime="20220108 20:15:38.627"/>
</iter>
<iter>
<var name="${buttonName}">Login</var>
<kw name="Common::Wait Until Navbar Button Is Visible" library="common">
<arg>${buttonName}</arg>
<kw name="Set Variable" library="BuiltIn">
<var>${button}</var>
<arg>//*[contains(@class, 'navbar')]//*[contains(@id, '${buttonID}')]</arg>
<doc>Returns the given values which can then be assigned to a variables.</doc>
<msg timestamp="20220108 20:15:38.628" level="INFO">${button} = //*[contains(@class, 'navbar')]//*[contains(@id, 'Login')]</msg>
<status status="PASS" starttime="20220108 20:15:38.628" endtime="20220108 20:15:38.628"/>
</kw>
<kw name="Wait Until Element Is Visible" library="Selenium2Library">
<arg>${button}</arg>
<arg>${shortPeriodOfTime}</arg>
<arg>'${buttonID} Button Should Be Visible'</arg>
<doc>Waits until the element ``locator`` is visible.</doc>
<status status="PASS" starttime="20220108 20:15:38.628" endtime="20220108 20:15:38.643"/>
</kw>
<status status="PASS" starttime="20220108 20:15:38.627" endtime="20220108 20:15:38.643"/>
</kw>
<status status="PASS" starttime="20220108 20:15:38.627" endtime="20220108 20:15:38.643"/>
</iter>
<iter>
<var name="${buttonName}">SignUp</var>
<kw name="Common::Wait Until Navbar Button Is Visible" library="common">
<arg>${buttonName}</arg>
<kw name="Set Variable" library="BuiltIn">
<var>${button}</var>
<arg>//*[contains(@class, 'navbar')]//*[contains(@id, '${buttonID}')]</arg>
<doc>Returns the given values which can then be assigned to a variables.</doc>
<msg timestamp="20220108 20:15:38.644" level="INFO">${button} = //*[contains(@class, 'navbar')]//*[contains(@id, 'SignUp')]</msg>
<status status="PASS" starttime="20220108 20:15:38.644" endtime="20220108 20:15:38.644"/>
</kw>
<kw name="Wait Until Element Is Visible" library="Selenium2Library">
<arg>${button}</arg>
<arg>${shortPeriodOfTime}</arg>
<arg>'${buttonID} Button Should Be Visible'</arg>
<doc>Waits until the element ``locator`` is visible.</doc>
<status status="PASS" starttime="20220108 20:15:38.644" endtime="20220108 20:15:38.658"/>
</kw>
<status status="PASS" starttime="20220108 20:15:38.643" endtime="20220108 20:15:38.658"/>
</kw>
<status status="PASS" starttime="20220108 20:15:38.643" endtime="20220108 20:15:38.658"/>
</iter>
<status status="PASS" starttime="20220108 20:15:38.597" endtime="20220108 20:15:38.658"/>
</for>
<status status="PASS" starttime="20220108 20:15:38.596" endtime="20220108 20:15:38.658"/>
</kw>
<status status="PASS" starttime="20220108 20:15:38.464" endtime="20220108 20:15:38.658"/>
</kw>
<status status="PASS" starttime="20220108 20:15:38.197" endtime="20220108 20:15:38.659"/>
</kw>
<kw name="Verify Login As Customer" library="login">
<kw name="Login Page::Wait Until Login Form Is Visible" library="login">
<kw name="Wait Until Element Is Visible" library="Selenium2Library">
<arg>${loginTitle}</arg>
<arg>${normalPeriodOfTime}</arg>
<arg>'Login Title Should Be Visible'</arg>
<doc>Waits until the element ``locator`` is visible.</doc>
<status status="PASS" starttime="20220108 20:15:38.660" endtime="20220108 20:15:38.675"/>
</kw>
<kw name="Wait Until Element Is Visible" library="Selenium2Library">
<arg>${usernameField}</arg>
<arg>${normalPeriodOfTime}</arg>
<arg>'Username Field Should Be Visible'</arg>
<doc>Waits until the element ``locator`` is visible.</doc>
<status status="PASS" starttime="20220108 20:15:38.675" endtime="20220108 20:15:38.710"/>
</kw>
<kw name="Wait Until Element Is Visible" library="Selenium2Library">
<arg>${passwordField}</arg>
<arg>${normalPeriodOfTime}</arg>
<arg>'Password Field Should Be Visible'</arg>
<doc>Waits until the element ``locator`` is visible.</doc>
<status status="PASS" starttime="20220108 20:15:38.710" endtime="20220108 20:15:38.729"/>
</kw>
<kw name="Wait Until Element Is Visible" library="Selenium2Library">
<arg>${rememberMeCheckBox}</arg>
<arg>${normalPeriodOfTime}</arg>
<arg>'Remember Me Check Box Should Be Visible'</arg>
<doc>Waits until the element ``locator`` is visible.</doc>
<status status="PASS" starttime="20220108 20:15:38.729" endtime="20220108 20:15:38.752"/>
</kw>
<kw name="Wait Until Element Is Visible" library="Selenium2Library">
<arg>${loginButton}</arg>
<arg>${normalPeriodOfTime}</arg>
<arg>'Login Button Should Be Visible'</arg>
<doc>Waits until the element ``locator`` is visible.</doc>
<status status="PASS" starttime="20220108 20:15:38.752" endtime="20220108 20:15:38.775"/>
</kw>
<kw name="Wait Until Element Is Visible" library="Selenium2Library">
<arg>${doNotHaveAnAccountButton}</arg>
<arg>${normalPeriodOfTime}</arg>
<arg>'Do Not Have An Account Button Should Be Visible'</arg>
<doc>Waits until the element ``locator`` is visible.</doc>
<status status="PASS" starttime="20220108 20:15:38.775" endtime="20220108 20:15:38.791"/>
</kw>
<kw name="Wait Until Element Is Visible" library="Selenium2Library">
<arg>${forgotPasswordButton}</arg>
<arg>${normalPeriodOfTime}</arg>
<arg>'Forgot Password Button Should Be Visible'</arg>
<doc>Waits until the element ``locator`` is visible.</doc>
<status status="PASS" starttime="20220108 20:15:38.791" endtime="20220108 20:15:38.806"/>
</kw>
<status status="PASS" starttime="20220108 20:15:38.659" endtime="20220108 20:15:38.807"/>
</kw>
<kw name="Login As" library="login">
<arg>username=customer</arg>
<arg>password=customer</arg>
<kw name="Input Text" library="Selenium2Library">
<arg>${usernameField}</arg>
<arg>${username}</arg>
<doc>Types the given ``text`` into the text field identified by ``locator``.</doc>
<msg timestamp="20220108 20:15:38.808" level="INFO">Typing text 'customer' into text field '//*[contains(@class, 'card')]//*[contains(@class, 'card-body')]//form//*[@id='username']'.</msg>
<status status="PASS" starttime="20220108 20:15:38.808" endtime="20220108 20:15:38.843"/>
</kw>
<kw name="Input Text" library="Selenium2Library">
<arg>${passwordField}</arg>
<arg>${password}</arg>
<doc>Types the given ``text`` into the text field identified by ``locator``.</doc>
<msg timestamp="20220108 20:15:38.844" level="INFO">Typing text 'customer' into text field '//*[contains(@class, 'card')]//*[contains(@class, 'card-body')]//form//*[@id='password']'.</msg>
<status status="PASS" starttime="20220108 20:15:38.843" endtime="20220108 20:15:38.865"/>
</kw>
<kw name="Run Keyword If" library="BuiltIn">
<arg>'${rememberMe}'=='${True}'</arg>
<arg>Click Element</arg>
<arg>${rememberMeCheckBox}</arg>
<doc>Runs the given keyword with the given arguments, if ``condition`` is true.</doc>
<status status="PASS" starttime="20220108 20:15:38.865" endtime="20220108 20:15:38.866"/>
</kw>
<kw name="Click Element" library="Selenium2Library">
<arg>${LoginButton}</arg>
<doc>Click the element identified by ``locator``.</doc>
<msg timestamp="20220108 20:15:38.866" level="INFO">Clicking element '//*[contains(@class, 'card')]//*[contains(@class, 'card-body')]//form//*[@id='submit']'.</msg>
<status status="PASS" starttime="20220108 20:15:38.866" endtime="20220108 20:15:40.414"/>
</kw>
<status status="PASS" starttime="20220108 20:15:38.807" endtime="20220108 20:15:40.414"/>
</kw>
<kw name="Flash::Wait Until Flash Message With Category Is Visible" library="common">
<arg>message=Login successful!</arg>
<arg>category=success</arg>
<kw name="Set Variable" library="BuiltIn">
<var>${flaskBox}</var>
<arg>//*[contains(@class, 'alert-${category}')]//*[contains(@class, 'flash')]</arg>
<doc>Returns the given values which can then be assigned to a variables.</doc>
<msg timestamp="20220108 20:15:40.415" level="INFO">${flaskBox} = //*[contains(@class, 'alert-success')]//*[contains(@class, 'flash')]</msg>
<status status="PASS" starttime="20220108 20:15:40.415" endtime="20220108 20:15:40.415"/>
</kw>
<kw name="Set Variable" library="BuiltIn">
<var>${flaskMessage}</var>
<arg>//*[contains(@class, 'alert')]//*[contains(@class, 'flash') and normalize-space()='${message}']</arg>
<doc>Returns the given values which can then be assigned to a variables.</doc>
<msg timestamp="20220108 20:15:40.415" level="INFO">${flaskMessage} = //*[contains(@class, 'alert')]//*[contains(@class, 'flash') and normalize-space()='Login successful!']</msg>
<status status="PASS" starttime="20220108 20:15:40.415" endtime="20220108 20:15:40.415"/>
</kw>
<kw name="Set Variable" library="BuiltIn">
<var>${flaskCloseButton}</var>
<arg>//*[contains(@class, 'alert')]//*[contains(@class, 'flash')]//button[contains(@class, 'btn-close')]</arg>
<doc>Returns the given values which can then be assigned to a variables.</doc>
<msg timestamp="20220108 20:15:40.415" level="INFO">${flaskCloseButton} = //*[contains(@class, 'alert')]//*[contains(@class, 'flash')]//button[contains(@class, 'btn-close')]</msg>
<status status="PASS" starttime="20220108 20:15:40.415" endtime="20220108 20:15:40.415"/>
</kw>
<kw name="Wait Until Element Is Visible" library="Selenium2Library">
<arg>${flaskBox}</arg>
<arg>${shortPeriodOfTime}</arg>
<arg>'Flash Box Should Be Visible'</arg>
<doc>Waits until the element ``locator`` is visible.</doc>
<status status="PASS" starttime="20220108 20:15:40.416" endtime="20220108 20:15:40.449"/>
</kw>
<kw name="Wait Until Element Is Visible" library="Selenium2Library">
<arg>${flaskMessage}</arg>
<arg>${shortPeriodOfTime}</arg>
<arg>'Flash Message Should Be Visible'</arg>
<doc>Waits until the element ``locator`` is visible.</doc>
<status status="PASS" starttime="20220108 20:15:40.449" endtime="20220108 20:15:40.485"/>
</kw>
<kw name="Wait Until Element Is Visible" library="Selenium2Library">
<arg>${flaskCloseButton}</arg>
<arg>${shortPeriodOfTime}</arg>
<arg>'Flash Close Button Should Be Visible'</arg>
<doc>Waits until the element ``locator`` is visible.</doc>
<status status="PASS" starttime="20220108 20:15:40.485" endtime="20220108 20:15:40.509"/>
</kw>
<status status="PASS" starttime="20220108 20:15:40.414" endtime="20220108 20:15:40.509"/>
</kw>
<kw name="Run Keywords" library="BuiltIn" type="TEARDOWN">
<arg>Logout</arg>
<arg>AND</arg>
<arg>Go to Login Page</arg>
<doc>Executes all the given keywords in a sequence.</doc>
<kw name="Logout" library="common">
<kw name="Common::Click Navbar Button" library="common">
<arg>Logout</arg>
<kw name="Common::Wait Until Navbar Button Is Visible" library="common">
<var>${button}</var>
<arg>${buttonID}</arg>
<kw name="Set Variable" library="BuiltIn">
<var>${button}</var>
<arg>//*[contains(@class, 'navbar')]//*[contains(@id, '${buttonID}')]</arg>
<doc>Returns the given values which can then be assigned to a variables.</doc>
<msg timestamp="20220108 20:15:40.511" level="INFO">${button} = //*[contains(@class, 'navbar')]//*[contains(@id, 'Logout')]</msg>
<status status="PASS" starttime="20220108 20:15:40.511" endtime="20220108 20:15:40.511"/>
</kw>
<kw name="Wait Until Element Is Visible" library="Selenium2Library">
<arg>${button}</arg>
<arg>${shortPeriodOfTime}</arg>
<arg>'${buttonID} Button Should Be Visible'</arg>
<doc>Waits until the element ``locator`` is visible.</doc>
<status status="PASS" starttime="20220108 20:15:40.511" endtime="20220108 20:15:40.528"/>
</kw>
<msg timestamp="20220108 20:15:40.529" level="INFO">${button} = //*[contains(@class, 'navbar')]//*[contains(@id, 'Logout')]</msg>
<status status="PASS" starttime="20220108 20:15:40.510" endtime="20220108 20:15:40.529"/>
</kw>
<kw name="Click Element" library="Selenium2Library">
<arg>${button}</arg>
<doc>Click the element identified by ``locator``.</doc>
<msg timestamp="20220108 20:15:40.529" level="INFO">Clicking element '//*[contains(@class, 'navbar')]//*[contains(@id, 'Logout')]'.</msg>
<status status="PASS" starttime="20220108 20:15:40.529" endtime="20220108 20:15:41.095"/>
</kw>
<status status="PASS" starttime="20220108 20:15:40.510" endtime="20220108 20:15:41.095"/>
</kw>
<kw name="Flash::Wait Until Flash Message With Category Is Visible" library="common">
<arg>Logout successful!</arg>
<arg>success</arg>
<kw name="Set Variable" library="BuiltIn">
<var>${flaskBox}</var>
<arg>//*[contains(@class, 'alert-${category}')]//*[contains(@class, 'flash')]</arg>
<doc>Returns the given values which can then be assigned to a variables.</doc>
<msg timestamp="20220108 20:15:41.096" level="INFO">${flaskBox} = //*[contains(@class, 'alert-success')]//*[contains(@class, 'flash')]</msg>
<status status="PASS" starttime="20220108 20:15:41.096" endtime="20220108 20:15:41.096"/>
</kw>
<kw name="Set Variable" library="BuiltIn">
<var>${flaskMessage}</var>
<arg>//*[contains(@class, 'alert')]//*[contains(@class, 'flash') and normalize-space()='${message}']</arg>
<doc>Returns the given values which can then be assigned to a variables.</doc>
<msg timestamp="20220108 20:15:41.096" level="INFO">${flaskMessage} = //*[contains(@class, 'alert')]//*[contains(@class, 'flash') and normalize-space()='Logout successful!']</msg>
<status status="PASS" starttime="20220108 20:15:41.096" endtime="20220108 20:15:41.096"/>
</kw>
<kw name="Set Variable" library="BuiltIn">
<var>${flaskCloseButton}</var>
<arg>//*[contains(@class, 'alert')]//*[contains(@class, 'flash')]//button[contains(@class, 'btn-close')]</arg>
<doc>Returns the given values which can then be assigned to a variables.</doc>
<msg timestamp="20220108 20:15:41.096" level="INFO">${flaskCloseButton} = //*[contains(@class, 'alert')]//*[contains(@class, 'flash')]//button[contains(@class, 'btn-close')]</msg>
<status status="PASS" starttime="20220108 20:15:41.096" endtime="20220108 20:15:41.096"/>
</kw>
<kw name="Wait Until Element Is Visible" library="Selenium2Library">
<arg>${flaskBox}</arg>
<arg>${shortPeriodOfTime}</arg>
<arg>'Flash Box Should Be Visible'</arg>
<doc>Waits until the element ``locator`` is visible.</doc>
<status status="PASS" starttime="20220108 20:15:41.097" endtime="20220108 20:15:41.119"/>
</kw>
<kw name="Wait Until Element Is Visible" library="Selenium2Library">
<arg>${flaskMessage}</arg>
<arg>${shortPeriodOfTime}</arg>
<arg>'Flash Message Should Be Visible'</arg>
<doc>Waits until the element ``locator`` is visible.</doc>
<status status="PASS" starttime="20220108 20:15:41.119" endtime="20220108 20:15:41.137"/>
</kw>
<kw name="Wait Until Element Is Visible" library="Selenium2Library">
<arg>${flaskCloseButton}</arg>
<arg>${shortPeriodOfTime}</arg>
<arg>'Flash Close Button Should Be Visible'</arg>
<doc>Waits until the element ``locator`` is visible.</doc>
<status status="PASS" starttime="20220108 20:15:41.137" endtime="20220108 20:15:41.156"/>
</kw>
<status status="PASS" starttime="20220108 20:15:41.095" endtime="20220108 20:15:41.157"/>
</kw>
<kw name="Common::Wait Until Navbar Contains" library="common">
<arg>Home</arg>
<arg>Login</arg>
<arg>SignUp</arg>
<for flavor="IN">
<var>${buttonName}</var>
<value>@{buttonNames}</value>
<iter>
<var name="${buttonName}">Home</var>
<kw name="Common::Wait Until Navbar Button Is Visible" library="common">
<arg>${buttonName}</arg>
<kw name="Set Variable" library="BuiltIn">
<var>${button}</var>
<arg>//*[contains(@class, 'navbar')]//*[contains(@id, '${buttonID}')]</arg>
<doc>Returns the given values which can then be assigned to a variables.</doc>
<msg timestamp="20220108 20:15:41.158" level="INFO">${button} = //*[contains(@class, 'navbar')]//*[contains(@id, 'Home')]</msg>
<status status="PASS" starttime="20220108 20:15:41.158" endtime="20220108 20:15:41.158"/>
</kw>
<kw name="Wait Until Element Is Visible" library="Selenium2Library">
<arg>${button}</arg>
<arg>${shortPeriodOfTime}</arg>
<arg>'${buttonID} Button Should Be Visible'</arg>
<doc>Waits until the element ``locator`` is visible.</doc>
<status status="PASS" starttime="20220108 20:15:41.158" endtime="20220108 20:15:41.178"/>
</kw>
<status status="PASS" starttime="20220108 20:15:41.157" endtime="20220108 20:15:41.178"/>
</kw>
<status status="PASS" starttime="20220108 20:15:41.157" endtime="20220108 20:15:41.178"/>
</iter>
<iter>
<var name="${buttonName}">Login</var>
<kw name="Common::Wait Until Navbar Button Is Visible" library="common">
<arg>${buttonName}</arg>
<kw name="Set Variable" library="BuiltIn">
<var>${button}</var>
<arg>//*[contains(@class, 'navbar')]//*[contains(@id, '${buttonID}')]</arg>
<doc>Returns the given values which can then be assigned to a variables.</doc>
<msg timestamp="20220108 20:15:41.179" level="INFO">${button} = //*[contains(@class, 'navbar')]//*[contains(@id, 'Login')]</msg>
<status status="PASS" starttime="20220108 20:15:41.179" endtime="20220108 20:15:41.179"/>
</kw>
<kw name="Wait Until Element Is Visible" library="Selenium2Library">
<arg>${button}</arg>
<arg>${shortPeriodOfTime}</arg>
<arg>'${buttonID} Button Should Be Visible'</arg>
<doc>Waits until the element ``locator`` is visible.</doc>
<status status="PASS" starttime="20220108 20:15:41.179" endtime="20220108 20:15:41.198"/>
</kw>
<status status="PASS" starttime="20220108 20:15:41.178" endtime="20220108 20:15:41.198"/>
</kw>
<status status="PASS" starttime="20220108 20:15:41.178" endtime="20220108 20:15:41.198"/>
</iter>
<iter>
<var name="${buttonName}">SignUp</var>
<kw name="Common::Wait Until Navbar Button Is Visible" library="common">
<arg>${buttonName}</arg>
<kw name="Set Variable" library="BuiltIn">
<var>${button}</var>
<arg>//*[contains(@class, 'navbar')]//*[contains(@id, '${buttonID}')]</arg>
<doc>Returns the given values which can then be assigned to a variables.</doc>
<msg timestamp="20220108 20:15:41.199" level="INFO">${button} = //*[contains(@class, 'navbar')]//*[contains(@id, 'SignUp')]</msg>
<status status="PASS" starttime="20220108 20:15:41.199" endtime="20220108 20:15:41.199"/>
</kw>
<kw name="Wait Until Element Is Visible" library="Selenium2Library">
<arg>${button}</arg>
<arg>${shortPeriodOfTime}</arg>
<arg>'${buttonID} Button Should Be Visible'</arg>
<doc>Waits until the element ``locator`` is visible.</doc>
<status status="PASS" starttime="20220108 20:15:41.199" endtime="20220108 20:15:41.217"/>
</kw>
<status status="PASS" starttime="20220108 20:15:41.198" endtime="20220108 20:15:41.218"/>
</kw>
<status status="PASS" starttime="20220108 20:15:41.198" endtime="20220108 20:15:41.218"/>
</iter>
<status status="PASS" starttime="20220108 20:15:41.157" endtime="20220108 20:15:41.218"/>
</for>
<status status="PASS" starttime="20220108 20:15:41.157" endtime="20220108 20:15:41.218"/>
</kw>
<status status="PASS" starttime="20220108 20:15:40.510" endtime="20220108 20:15:41.218"/>
</kw>
<kw name="Go to Login Page" library="common">
<kw name="Common::Click Navbar Button" library="common">
<arg>Login</arg>
<kw name="Common::Wait Until Navbar Button Is Visible" library="common">
<var>${button}</var>
<arg>${buttonID}</arg>
<kw name="Set Variable" library="BuiltIn">
<var>${button}</var>
<arg>//*[contains(@class, 'navbar')]//*[contains(@id, '${buttonID}')]</arg>
<doc>Returns the given values which can then be assigned to a variables.</doc>
<msg timestamp="20220108 20:15:41.219" level="INFO">${button} = //*[contains(@class, 'navbar')]//*[contains(@id, 'Login')]</msg>
<status status="PASS" starttime="20220108 20:15:41.219" endtime="20220108 20:15:41.219"/>
</kw>
<kw name="Wait Until Element Is Visible" library="Selenium2Library">
<arg>${button}</arg>
<arg>${shortPeriodOfTime}</arg>
<arg>'${buttonID} Button Should Be Visible'</arg>
<doc>Waits until the element ``locator`` is visible.</doc>
<status status="PASS" starttime="20220108 20:15:41.219" endtime="20220108 20:15:41.235"/>
</kw>
<msg timestamp="20220108 20:15:41.235" level="INFO">${button} = //*[contains(@class, 'navbar')]//*[contains(@id, 'Login')]</msg>
<status status="PASS" starttime="20220108 20:15:41.219" endtime="20220108 20:15:41.235"/>
</kw>
<kw name="Click Element" library="Selenium2Library">
<arg>${button}</arg>
<doc>Click the element identified by ``locator``.</doc>
<msg timestamp="20220108 20:15:41.236" level="INFO">Clicking element '//*[contains(@class, 'navbar')]//*[contains(@id, 'Login')]'.</msg>
<status status="PASS" starttime="20220108 20:15:41.235" endtime="20220108 20:15:41.342"/>
</kw>
<status status="PASS" starttime="20220108 20:15:41.219" endtime="20220108 20:15:41.342"/>
</kw>
<kw name="Common::Wait Until Navbar Contains" library="common">
<arg>Home</arg>
<arg>Login</arg>
<arg>SignUp</arg>
<for flavor="IN">
<var>${buttonName}</var>
<value>@{buttonNames}</value>
<iter>
<var name="${buttonName}">Home</var>
<kw name="Common::Wait Until Navbar Button Is Visible" library="common">
<arg>${buttonName}</arg>
<kw name="Set Variable" library="BuiltIn">
<var>${button}</var>
<arg>//*[contains(@class, 'navbar')]//*[contains(@id, '${buttonID}')]</arg>
<doc>Returns the given values which can then be assigned to a variables.</doc>
<msg timestamp="20220108 20:15:41.345" level="INFO">${button} = //*[contains(@class, 'navbar')]//*[contains(@id, 'Home')]</msg>
<status status="PASS" starttime="20220108 20:15:41.345" endtime="20220108 20:15:41.346"/>
</kw>
<kw name="Wait Until Element Is Visible" library="Selenium2Library">
<arg>${button}</arg>
<arg>${shortPeriodOfTime}</arg>
<arg>'${buttonID} Button Should Be Visible'</arg>
<doc>Waits until the element ``locator`` is visible.</doc>
<status status="PASS" starttime="20220108 20:15:41.346" endtime="20220108 20:15:41.375"/>
</kw>
<status status="PASS" starttime="20220108 20:15:41.344" endtime="20220108 20:15:41.375"/>
</kw>
<status status="PASS" starttime="20220108 20:15:41.343" endtime="20220108 20:15:41.375"/>
</iter>
<iter>
<var name="${buttonName}">Login</var>
<kw name="Common::Wait Until Navbar Button Is Visible" library="common">
<arg>${buttonName}</arg>
<kw name="Set Variable" library="BuiltIn">
<var>${button}</var>
<arg>//*[contains(@class, 'navbar')]//*[contains(@id, '${buttonID}')]</arg>
<doc>Returns the given values which can then be assigned to a variables.</doc>
<msg timestamp="20220108 20:15:41.376" level="INFO">${button} = //*[contains(@class, 'navbar')]//*[contains(@id, 'Login')]</msg>
<status status="PASS" starttime="20220108 20:15:41.376" endtime="20220108 20:15:41.376"/>
</kw>
<kw name="Wait Until Element Is Visible" library="Selenium2Library">
<arg>${button}</arg>
<arg>${shortPeriodOfTime}</arg>
<arg>'${buttonID} Button Should Be Visible'</arg>
<doc>Waits until the element ``locator`` is visible.</doc>
<status status="PASS" starttime="20220108 20:15:41.376" endtime="20220108 20:15:41.393"/>
</kw>
<status status="PASS" starttime="20220108 20:15:41.376" endtime="20220108 20:15:41.393"/>
</kw>
<status status="PASS" starttime="20220108 20:15:41.375" endtime="20220108 20:15:41.393"/>
</iter>
<iter>
<var name="${buttonName}">SignUp</var>
<kw name="Common::Wait Until Navbar Button Is Visible" library="common">
<arg>${buttonName}</arg>
<kw name="Set Variable" library="BuiltIn">
<var>${button}</var>
<arg>//*[contains(@class, 'navbar')]//*[contains(@id, '${buttonID}')]</arg>
<doc>Returns the given values which can then be assigned to a variables.</doc>
<msg timestamp="20220108 20:15:41.395" level="INFO">${button} = //*[contains(@class, 'navbar')]//*[contains(@id, 'SignUp')]</msg>
<status status="PASS" starttime="20220108 20:15:41.394" endtime="20220108 20:15:41.395"/>
</kw>
<kw name="Wait Until Element Is Visible" library="Selenium2Library">
<arg>${button}</arg>
<arg>${shortPeriodOfTime}</arg>
<arg>'${buttonID} Button Should Be Visible'</arg>
<doc>Waits until the element ``locator`` is visible.</doc>
<status status="PASS" starttime="20220108 20:15:41.395" endtime="20220108 20:15:41.415"/>
</kw>
<status status="PASS" starttime="20220108 20:15:41.394" endtime="20220108 20:15:41.415"/>
</kw>
<status status="PASS" starttime="20220108 20:15:41.394" endtime="20220108 20:15:41.415"/>
</iter>
<status status="PASS" starttime="20220108 20:15:41.343" endtime="20220108 20:15:41.415"/>
</for>
<status status="PASS" starttime="20220108 20:15:41.342" endtime="20220108 20:15:41.415"/>
</kw>
<status status="PASS" starttime="20220108 20:15:41.218" endtime="20220108 20:15:41.415"/>
</kw>
<status status="PASS" starttime="20220108 20:15:40.509" endtime="20220108 20:15:41.415"/>
</kw>
<status status="PASS" starttime="20220108 20:15:38.659" endtime="20220108 20:15:41.415"/>
</kw>
<kw name="Verify Login As Staff" library="login">
<kw name="Login Page::Wait Until Login Form Is Visible" library="login">
<kw name="Wait Until Element Is Visible" library="Selenium2Library">
<arg>${loginTitle}</arg>
<arg>${normalPeriodOfTime}</arg>
<arg>'Login Title Should Be Visible'</arg>
<doc>Waits until the element ``locator`` is visible.</doc>
<status status="PASS" starttime="20220108 20:15:41.417" endtime="20220108 20:15:41.434"/>
</kw>
<kw name="Wait Until Element Is Visible" library="Selenium2Library">
<arg>${usernameField}</arg>
<arg>${normalPeriodOfTime}</arg>
<arg>'Username Field Should Be Visible'</arg>
<doc>Waits until the element ``locator`` is visible.</doc>
<status status="PASS" starttime="20220108 20:15:41.435" endtime="20220108 20:15:41.455"/>
</kw>
<kw name="Wait Until Element Is Visible" library="Selenium2Library">
<arg>${passwordField}</arg>
<arg>${normalPeriodOfTime}</arg>
<arg>'Password Field Should Be Visible'</arg>
<doc>Waits until the element ``locator`` is visible.</doc>
<status status="PASS" starttime="20220108 20:15:41.456" endtime="20220108 20:15:41.473"/>
</kw>
<kw name="Wait Until Element Is Visible" library="Selenium2Library">
<arg>${rememberMeCheckBox}</arg>
<arg>${normalPeriodOfTime}</arg>
<arg>'Remember Me Check Box Should Be Visible'</arg>
<doc>Waits until the element ``locator`` is visible.</doc>
<status status="PASS" starttime="20220108 20:15:41.473" endtime="20220108 20:15:41.491"/>
</kw>
<kw name="Wait Until Element Is Visible" library="Selenium2Library">
<arg>${loginButton}</arg>
<arg>${normalPeriodOfTime}</arg>
<arg>'Login Button Should Be Visible'</arg>
<doc>Waits until the element ``locator`` is visible.</doc>
<status status="PASS" starttime="20220108 20:15:41.491" endtime="20220108 20:15:41.508"/>
</kw>
<kw name="Wait Until Element Is Visible" library="Selenium2Library">
<arg>${doNotHaveAnAccountButton}</arg>
<arg>${normalPeriodOfTime}</arg>
<arg>'Do Not Have An Account Button Should Be Visible'</arg>
<doc>Waits until the element ``locator`` is visible.</doc>
<status status="PASS" starttime="20220108 20:15:41.508" endtime="20220108 20:15:41.525"/>
</kw>
<kw name="Wait Until Element Is Visible" library="Selenium2Library">
<arg>${forgotPasswordButton}</arg>
<arg>${normalPeriodOfTime}</arg>
<arg>'Forgot Password Button Should Be Visible'</arg>
<doc>Waits until the element ``locator`` is visible.</doc>
<status status="PASS" starttime="20220108 20:15:41.525" endtime="20220108 20:15:41.539"/>
</kw>
<status status="PASS" starttime="20220108 20:15:41.416" endtime="20220108 20:15:41.539"/>
</kw>
<kw name="Login As" library="login">
<arg>username=staff</arg>
<arg>password=staff</arg>
<kw name="Input Text" library="Selenium2Library">
<arg>${usernameField}</arg>
<arg>${username}</arg>
<doc>Types the given ``text`` into the text field identified by ``locator``.</doc>
<msg timestamp="20220108 20:15:41.540" level="INFO">Typing text 'staff' into text field '//*[contains(@class, 'card')]//*[contains(@class, 'card-body')]//form//*[@id='username']'.</msg>
<status status="PASS" starttime="20220108 20:15:41.540" endtime="20220108 20:15:41.561"/>
</kw>
<kw name="Input Text" library="Selenium2Library">
<arg>${passwordField}</arg>
<arg>${password}</arg>
<doc>Types the given ``text`` into the text field identified by ``locator``.</doc>
<msg timestamp="20220108 20:15:41.562" level="INFO">Typing text 'staff' into text field '//*[contains(@class, 'card')]//*[contains(@class, 'card-body')]//form//*[@id='password']'.</msg>
<status status="PASS" starttime="20220108 20:15:41.561" endtime="20220108 20:15:41.583"/>
</kw>
<kw name="Run Keyword If" library="BuiltIn">
<arg>'${rememberMe}'=='${True}'</arg>
<arg>Click Element</arg>
<arg>${rememberMeCheckBox}</arg>
<doc>Runs the given keyword with the given arguments, if ``condition`` is true.</doc>
<status status="PASS" starttime="20220108 20:15:41.583" endtime="20220108 20:15:41.583"/>
</kw>
<kw name="Click Element" library="Selenium2Library">
<arg>${LoginButton}</arg>
<doc>Click the element identified by ``locator``.</doc>
<msg timestamp="20220108 20:15:41.584" level="INFO">Clicking element '//*[contains(@class, 'card')]//*[contains(@class, 'card-body')]//form//*[@id='submit']'.</msg>
<status status="PASS" starttime="20220108 20:15:41.583" endtime="20220108 20:15:47.258"/>
</kw>
<status status="PASS" starttime="20220108 20:15:41.539" endtime="20220108 20:15:47.258"/>
</kw>
<kw name="Flash::Wait Until Flash Message With Category Is Visible" library="common">
<arg>message=Login successful!</arg>
<arg>category=success</arg>
<kw name="Set Variable" library="BuiltIn">
<var>${flaskBox}</var>
<arg>//*[contains(@class, 'alert-${category}')]//*[contains(@class, 'flash')]</arg>
<doc>Returns the given values which can then be assigned to a variables.</doc>
<msg timestamp="20220108 20:15:47.259" level="INFO">${flaskBox} = //*[contains(@class, 'alert-success')]//*[contains(@class, 'flash')]</msg>
<status status="PASS" starttime="20220108 20:15:47.259" endtime="20220108 20:15:47.259"/>
</kw>
<kw name="Set Variable" library="BuiltIn">
<var>${flaskMessage}</var>
<arg>//*[contains(@class, 'alert')]//*[contains(@class, 'flash') and normalize-space()='${message}']</arg>
<doc>Returns the given values which can then be assigned to a variables.</doc>
<msg timestamp="20220108 20:15:47.260" level="INFO">${flaskMessage} = //*[contains(@class, 'alert')]//*[contains(@class, 'flash') and normalize-space()='Login successful!']</msg>
<status status="PASS" starttime="20220108 20:15:47.259" endtime="20220108 20:15:47.260"/>
</kw>
<kw name="Set Variable" library="BuiltIn">
<var>${flaskCloseButton}</var>
<arg>//*[contains(@class, 'alert')]//*[contains(@class, 'flash')]//button[contains(@class, 'btn-close')]</arg>
<doc>Returns the given values which can then be assigned to a variables.</doc>
<msg timestamp="20220108 20:15:47.260" level="INFO">${flaskCloseButton} = //*[contains(@class, 'alert')]//*[contains(@class, 'flash')]//button[contains(@class, 'btn-close')]</msg>
<status status="PASS" starttime="20220108 20:15:47.260" endtime="20220108 20:15:47.260"/>
</kw>
<kw name="Wait Until Element Is Visible" library="Selenium2Library">
<arg>${flaskBox}</arg>
<arg>${shortPeriodOfTime}</arg>
<arg>'Flash Box Should Be Visible'</arg>
<doc>Waits until the element ``locator`` is visible.</doc>
<status status="PASS" starttime="20220108 20:15:47.260" endtime="20220108 20:15:47.279"/>
</kw>
<kw name="Wait Until Element Is Visible" library="Selenium2Library">
<arg>${flaskMessage}</arg>
<arg>${shortPeriodOfTime}</arg>
<arg>'Flash Message Should Be Visible'</arg>
<doc>Waits until the element ``locator`` is visible.</doc>
<status status="PASS" starttime="20220108 20:15:47.279" endtime="20220108 20:15:47.297"/>
</kw>
<kw name="Wait Until Element Is Visible" library="Selenium2Library">
<arg>${flaskCloseButton}</arg>
<arg>${shortPeriodOfTime}</arg>
<arg>'Flash Close Button Should Be Visible'</arg>
<doc>Waits until the element ``locator`` is visible.</doc>
<status status="PASS" starttime="20220108 20:15:47.298" endtime="20220108 20:15:47.317"/>
</kw>
<status status="PASS" starttime="20220108 20:15:47.258" endtime="20220108 20:15:47.317"/>
</kw>
<kw name="Run Keywords" library="BuiltIn" type="TEARDOWN">
<arg>Logout</arg>
<arg>AND</arg>
<arg>Go to Login Page</arg>
<doc>Executes all the given keywords in a sequence.</doc>
<kw name="Logout" library="common">
<kw name="Common::Click Navbar Button" library="common">
<arg>Logout</arg>
<kw name="Common::Wait Until Navbar Button Is Visible" library="common">
<var>${button}</var>
<arg>${buttonID}</arg>
<kw name="Set Variable" library="BuiltIn">
<var>${button}</var>
<arg>//*[contains(@class, 'navbar')]//*[contains(@id, '${buttonID}')]</arg>
<doc>Returns the given values which can then be assigned to a variables.</doc>
<msg timestamp="20220108 20:15:47.320" level="INFO">${button} = //*[contains(@class, 'navbar')]//*[contains(@id, 'Logout')]</msg>
<status status="PASS" starttime="20220108 20:15:47.320" endtime="20220108 20:15:47.320"/>
</kw>
<kw name="Wait Until Element Is Visible" library="Selenium2Library">
<arg>${button}</arg>
<arg>${shortPeriodOfTime}</arg>
<arg>'${buttonID} Button Should Be Visible'</arg>
<doc>Waits until the element ``locator`` is visible.</doc>
<status status="PASS" starttime="20220108 20:15:47.320" endtime="20220108 20:15:47.336"/>
</kw>
<msg timestamp="20220108 20:15:47.337" level="INFO">${button} = //*[contains(@class, 'navbar')]//*[contains(@id, 'Logout')]</msg>
<status status="PASS" starttime="20220108 20:15:47.319" endtime="20220108 20:15:47.337"/>
</kw>
<kw name="Click Element" library="Selenium2Library">
<arg>${button}</arg>
<doc>Click the element identified by ``locator``.</doc>
<msg timestamp="20220108 20:15:47.337" level="INFO">Clicking element '//*[contains(@class, 'navbar')]//*[contains(@id, 'Logout')]'.</msg>
<status status="PASS" starttime="20220108 20:15:47.337" endtime="20220108 20:15:48.394"/>
</kw>
<status status="PASS" starttime="20220108 20:15:47.318" endtime="20220108 20:15:48.394"/>
</kw>
<kw name="Flash::Wait Until Flash Message With Category Is Visible" library="common">
<arg>Logout successful!</arg>
<arg>success</arg>
<kw name="Set Variable" library="BuiltIn">
<var>${flaskBox}</var>
<arg>//*[contains(@class, 'alert-${category}')]//*[contains(@class, 'flash')]</arg>
<doc>Returns the given values which can then be assigned to a variables.</doc>
<msg timestamp="20220108 20:15:48.395" level="INFO">${flaskBox} = //*[contains(@class, 'alert-success')]//*[contains(@class, 'flash')]</msg>
<status status="PASS" starttime="20220108 20:15:48.395" endtime="20220108 20:15:48.396"/>
</kw>
<kw name="Set Variable" library="BuiltIn">
<var>${flaskMessage}</var>
<arg>//*[contains(@class, 'alert')]//*[contains(@class, 'flash') and normalize-space()='${message}']</arg>
<doc>Returns the given values which can then be assigned to a variables.</doc>
<msg timestamp="20220108 20:15:48.396" level="INFO">${flaskMessage} = //*[contains(@class, 'alert')]//*[contains(@class, 'flash') and normalize-space()='Logout successful!']</msg>
<status status="PASS" starttime="20220108 20:15:48.396" endtime="20220108 20:15:48.396"/>
</kw>
<kw name="Set Variable" library="BuiltIn">
<var>${flaskCloseButton}</var>
<arg>//*[contains(@class, 'alert')]//*[contains(@class, 'flash')]//button[contains(@class, 'btn-close')]</arg>
<doc>Returns the given values which can then be assigned to a variables.</doc>
<msg timestamp="20220108 20:15:48.396" level="INFO">${flaskCloseButton} = //*[contains(@class, 'alert')]//*[contains(@class, 'flash')]//button[contains(@class, 'btn-close')]</msg>
<status status="PASS" starttime="20220108 20:15:48.396" endtime="20220108 20:15:48.396"/>
</kw>
<kw name="Wait Until Element Is Visible" library="Selenium2Library">
<arg>${flaskBox}</arg>
<arg>${shortPeriodOfTime}</arg>
<arg>'Flash Box Should Be Visible'</arg>
<doc>Waits until the element ``locator`` is visible.</doc>
<status status="PASS" starttime="20220108 20:15:48.396" endtime="20220108 20:15:48.421"/>
</kw>
<kw name="Wait Until Element Is Visible" library="Selenium2Library">
<arg>${flaskMessage}</arg>
<arg>${shortPeriodOfTime}</arg>
<arg>'Flash Message Should Be Visible'</arg>
<doc>Waits until the element ``locator`` is visible.</doc>
<status status="PASS" starttime="20220108 20:15:48.421" endtime="20220108 20:15:48.440"/>
</kw>
<kw name="Wait Until Element Is Visible" library="Selenium2Library">
<arg>${flaskCloseButton}</arg>
<arg>${shortPeriodOfTime}</arg>
<arg>'Flash Close Button Should Be Visible'</arg>
<doc>Waits until the element ``locator`` is visible.</doc>
<status status="PASS" starttime="20220108 20:15:48.441" endtime="20220108 20:15:48.458"/>
</kw>
<status status="PASS" starttime="20220108 20:15:48.394" endtime="20220108 20:15:48.458"/>
</kw>
<kw name="Common::Wait Until Navbar Contains" library="common">
<arg>Home</arg>
<arg>Login</arg>
<arg>SignUp</arg>
<for flavor="IN">
<var>${buttonName}</var>
<value>@{buttonNames}</value>
<iter>
<var name="${buttonName}">Home</var>
<kw name="Common::Wait Until Navbar Button Is Visible" library="common">
<arg>${buttonName}</arg>
<kw name="Set Variable" library="BuiltIn">
<var>${button}</var>
<arg>//*[contains(@class, 'navbar')]//*[contains(@id, '${buttonID}')]</arg>
<doc>Returns the given values which can then be assigned to a variables.</doc>
<msg timestamp="20220108 20:15:48.460" level="INFO">${button} = //*[contains(@class, 'navbar')]//*[contains(@id, 'Home')]</msg>
<status status="PASS" starttime="20220108 20:15:48.460" endtime="20220108 20:15:48.460"/>
</kw>
<kw name="Wait Until Element Is Visible" library="Selenium2Library">
<arg>${button}</arg>
<arg>${shortPeriodOfTime}</arg>
<arg>'${buttonID} Button Should Be Visible'</arg>
<doc>Waits until the element ``locator`` is visible.</doc>
<status status="PASS" starttime="20220108 20:15:48.460" endtime="20220108 20:15:48.475"/>
</kw>
<status status="PASS" starttime="20220108 20:15:48.459" endtime="20220108 20:15:48.476"/>
</kw>
<status status="PASS" starttime="20220108 20:15:48.459" endtime="20220108 20:15:48.476"/>
</iter>
<iter>
<var name="${buttonName}">Login</var>
<kw name="Common::Wait Until Navbar Button Is Visible" library="common">
<arg>${buttonName}</arg>
<kw name="Set Variable" library="BuiltIn">
<var>${button}</var>
<arg>//*[contains(@class, 'navbar')]//*[contains(@id, '${buttonID}')]</arg>
<doc>Returns the given values which can then be assigned to a variables.</doc>
<msg timestamp="20220108 20:15:48.477" level="INFO">${button} = //*[contains(@class, 'navbar')]//*[contains(@id, 'Login')]</msg>
<status status="PASS" starttime="20220108 20:15:48.476" endtime="20220108 20:15:48.477"/>
</kw>
<kw name="Wait Until Element Is Visible" library="Selenium2Library">
<arg>${button}</arg>
<arg>${shortPeriodOfTime}</arg>
<arg>'${buttonID} Button Should Be Visible'</arg>
<doc>Waits until the element ``locator`` is visible.</doc>
<status status="PASS" starttime="20220108 20:15:48.477" endtime="20220108 20:15:48.494"/>
</kw>
<status status="PASS" starttime="20220108 20:15:48.476" endtime="20220108 20:15:48.494"/>
</kw>
<status status="PASS" starttime="20220108 20:15:48.476" endtime="20220108 20:15:48.494"/>
</iter>
<iter>
<var name="${buttonName}">SignUp</var>
<kw name="Common::Wait Until Navbar Button Is Visible" library="common">
<arg>${buttonName}</arg>
<kw name="Set Variable" library="BuiltIn">
<var>${button}</var>
<arg>//*[contains(@class, 'navbar')]//*[contains(@id, '${buttonID}')]</arg>
<doc>Returns the given values which can then be assigned to a variables.</doc>
<msg timestamp="20220108 20:15:48.495" level="INFO">${button} = //*[contains(@class, 'navbar')]//*[contains(@id, 'SignUp')]</msg>
<status status="PASS" starttime="20220108 20:15:48.495" endtime="20220108 20:15:48.495"/>
</kw>
<kw name="Wait Until Element Is Visible" library="Selenium2Library">
<arg>${button}</arg>
<arg>${shortPeriodOfTime}</arg>
<arg>'${buttonID} Button Should Be Visible'</arg>
<doc>Waits until the element ``locator`` is visible.</doc>
<status status="PASS" starttime="20220108 20:15:48.495" endtime="20220108 20:15:48.512"/>
</kw>
<status status="PASS" starttime="20220108 20:15:48.494" endtime="20220108 20:15:48.512"/>
</kw>
<status status="PASS" starttime="20220108 20:15:48.494" endtime="20220108 20:15:48.512"/>
</iter>
<status status="PASS" starttime="20220108 20:15:48.459" endtime="20220108 20:15:48.512"/>
</for>
<status status="PASS" starttime="20220108 20:15:48.458" endtime="20220108 20:15:48.512"/>
</kw>
<status status="PASS" starttime="20220108 20:15:47.318" endtime="20220108 20:15:48.512"/>
</kw>
<kw name="Go to Login Page" library="common">
<kw name="Common::Click Navbar Button" library="common">
<arg>Login</arg>
<kw name="Common::Wait Until Navbar Button Is Visible" library="common">
<var>${button}</var>
<arg>${buttonID}</arg>
<kw name="Set Variable" library="BuiltIn">
<var>${button}</var>
<arg>//*[contains(@class, 'navbar')]//*[contains(@id, '${buttonID}')]</arg>
<doc>Returns the given values which can then be assigned to a variables.</doc>
<msg timestamp="20220108 20:15:48.514" level="INFO">${button} = //*[contains(@class, 'navbar')]//*[contains(@id, 'Login')]</msg>
<status status="PASS" starttime="20220108 20:15:48.513" endtime="20220108 20:15:48.514"/>
</kw>
<kw name="Wait Until Element Is Visible" library="Selenium2Library">
<arg>${button}</arg>
<arg>${shortPeriodOfTime}</arg>
<arg>'${buttonID} Button Should Be Visible'</arg>
<doc>Waits until the element ``locator`` is visible.</doc>
<status status="PASS" starttime="20220108 20:15:48.514" endtime="20220108 20:15:48.529"/>
</kw>
<msg timestamp="20220108 20:15:48.530" level="INFO">${button} = //*[contains(@class, 'navbar')]//*[contains(@id, 'Login')]</msg>
<status status="PASS" starttime="20220108 20:15:48.513" endtime="20220108 20:15:48.530"/>
</kw>
<kw name="Click Element" library="Selenium2Library">
<arg>${button}</arg>
<doc>Click the element identified by ``locator``.</doc>
<msg timestamp="20220108 20:15:48.530" level="INFO">Clicking element '//*[contains(@class, 'navbar')]//*[contains(@id, 'Login')]'.</msg>
<status status="PASS" starttime="20220108 20:15:48.530" endtime="20220108 20:15:48.646"/>
</kw>
<status status="PASS" starttime="20220108 20:15:48.513" endtime="20220108 20:15:48.646"/>
</kw>
<kw name="Common::Wait Until Navbar Contains" library="common">
<arg>Home</arg>
<arg>Login</arg>
<arg>SignUp</arg>
<for flavor="IN">
<var>${buttonName}</var>
<value>@{buttonNames}</value>
<iter>
<var name="${buttonName}">Home</var>
<kw name="Common::Wait Until Navbar Button Is Visible" library="common">
<arg>${buttonName}</arg>
<kw name="Set Variable" library="BuiltIn">
<var>${button}</var>
<arg>//*[contains(@class, 'navbar')]//*[contains(@id, '${buttonID}')]</arg>
<doc>Returns the given values which can then be assigned to a variables.</doc>
<msg timestamp="20220108 20:15:48.648" level="INFO">${button} = //*[contains(@class, 'navbar')]//*[contains(@id, 'Home')]</msg>
<status status="PASS" starttime="20220108 20:15:48.647" endtime="20220108 20:15:48.648"/>
</kw>
<kw name="Wait Until Element Is Visible" library="Selenium2Library">
<arg>${button}</arg>
<arg>${shortPeriodOfTime}</arg>
<arg>'${buttonID} Button Should Be Visible'</arg>
<doc>Waits until the element ``locator`` is visible.</doc>
<status status="PASS" starttime="20220108 20:15:48.648" endtime="20220108 20:15:48.678"/>
</kw>
<status status="PASS" starttime="20220108 20:15:48.647" endtime="20220108 20:15:48.678"/>
</kw>
<status status="PASS" starttime="20220108 20:15:48.647" endtime="20220108 20:15:48.678"/>
</iter>
<iter>
<var name="${buttonName}">Login</var>
<kw name="Common::Wait Until Navbar Button Is Visible" library="common">
<arg>${buttonName}</arg>
<kw name="Set Variable" library="BuiltIn">
<var>${button}</var>
[...]
<status status="PASS" starttime="20220108 20:16:10.685" endtime="20220108 20:16:10.707"/>
</kw>
<kw name="Run Keyword If" library="BuiltIn">
<arg>'${rememberMe}'=='${True}'</arg>
<arg>Click Element</arg>
<arg>${rememberMeCheckBox}</arg>
<doc>Runs the given keyword with the given arguments, if ``condition`` is true.</doc>
<status status="PASS" starttime="20220108 20:16:10.707" endtime="20220108 20:16:10.707"/>
</kw>
<kw name="Click Element" library="Selenium2Library">
<arg>${LoginButton}</arg>
<doc>Click the element identified by ``locator``.</doc>
<msg timestamp="20220108 20:16:10.708" level="INFO">Clicking element '//*[contains(@class, 'card')]//*[contains(@class, 'card-body')]//form//*[@id='submit']'.</msg>
<status status="PASS" starttime="20220108 20:16:10.707" endtime="20220108 20:16:11.936"/>
</kw>
<status status="PASS" starttime="20220108 20:16:10.661" endtime="20220108 20:16:11.936"/>
</kw>
<kw name="Go To Manage Discount Page" library="common">
<kw name="Common::Click Navbar Button" library="common">
<arg>ManagePromotions</arg>
<kw name="Common::Wait Until Navbar Button Is Visible" library="common">
<var>${button}</var>
<arg>${buttonID}</arg>
<kw name="Set Variable" library="BuiltIn">
<var>${button}</var>
<arg>//*[contains(@class, 'navbar')]//*[contains(@id, '${buttonID}')]</arg>
<doc>Returns the given values which can then be assigned to a variables.</doc>
<msg timestamp="20220108 20:16:11.937" level="INFO">${button} = //*[contains(@class, 'navbar')]//*[contains(@id, 'ManagePromotions')]</msg>
<status status="PASS" starttime="20220108 20:16:11.937" endtime="20220108 20:16:11.938"/>
</kw>
<kw name="Wait Until Element Is Visible" library="Selenium2Library">
<arg>${button}</arg>
<arg>${shortPeriodOfTime}</arg>
<arg>'${buttonID} Button Should Be Visible'</arg>
<doc>Waits until the element ``locator`` is visible.</doc>
<status status="PASS" starttime="20220108 20:16:11.938" endtime="20220108 20:16:11.956"/>
</kw>
<msg timestamp="20220108 20:16:11.956" level="INFO">${button} = //*[contains(@class, 'navbar')]//*[contains(@id, 'ManagePromotions')]</msg>
<status status="PASS" starttime="20220108 20:16:11.937" endtime="20220108 20:16:11.956"/>
</kw>
<kw name="Click Element" library="Selenium2Library">
<arg>${button}</arg>
<doc>Click the element identified by ``locator``.</doc>
<msg timestamp="20220108 20:16:11.957" level="INFO">Clicking element '//*[contains(@class, 'navbar')]//*[contains(@id, 'ManagePromotions')]'.</msg>
<status status="PASS" starttime="20220108 20:16:11.956" endtime="20220108 20:16:12.104"/>
</kw>
<status status="PASS" starttime="20220108 20:16:11.937" endtime="20220108 20:16:12.104"/>
</kw>
<kw name="Common::Wait Until Navbar Contains" library="common">
<arg>Home</arg>
<arg>ManageProduct</arg>
<arg>ManagePromotions</arg>
<arg>ManageOrders</arg>
<arg>UserProfile</arg>
<arg>Logout</arg>
<for flavor="IN">
<var>${buttonName}</var>
<value>@{buttonNames}</value>
<iter>
<var name="${buttonName}">Home</var>
<kw name="Common::Wait Until Navbar Button Is Visible" library="common">
<arg>${buttonName}</arg>
<kw name="Set Variable" library="BuiltIn">
<var>${button}</var>
<arg>//*[contains(@class, 'navbar')]//*[contains(@id, '${buttonID}')]</arg>
<doc>Returns the given values which can then be assigned to a variables.</doc>
<msg timestamp="20220108 20:16:12.105" level="INFO">${button} = //*[contains(@class, 'navbar')]//*[contains(@id, 'Home')]</msg>
<status status="PASS" starttime="20220108 20:16:12.105" endtime="20220108 20:16:12.105"/>
</kw>
<kw name="Wait Until Element Is Visible" library="Selenium2Library">
<arg>${button}</arg>
<arg>${shortPeriodOfTime}</arg>
<arg>'${buttonID} Button Should Be Visible'</arg>
<doc>Waits until the element ``locator`` is visible.</doc>
<status status="PASS" starttime="20220108 20:16:12.105" endtime="20220108 20:16:12.130"/>
</kw>
<status status="PASS" starttime="20220108 20:16:12.104" endtime="20220108 20:16:12.131"/>
</kw>
<status status="PASS" starttime="20220108 20:16:12.104" endtime="20220108 20:16:12.131"/>
</iter>
<iter>
<var name="${buttonName}">ManageProduct</var>
<kw name="Common::Wait Until Navbar Button Is Visible" library="common">
<arg>${buttonName}</arg>
<kw name="Set Variable" library="BuiltIn">
<var>${button}</var>
<arg>//*[contains(@class, 'navbar')]//*[contains(@id, '${buttonID}')]</arg>
<doc>Returns the given values which can then be assigned to a variables.</doc>
<msg timestamp="20220108 20:16:12.132" level="INFO">${button} = //*[contains(@class, 'navbar')]//*[contains(@id, 'ManageProduct')]</msg>
<status status="PASS" starttime="20220108 20:16:12.131" endtime="20220108 20:16:12.132"/>
</kw>
<kw name="Wait Until Element Is Visible" library="Selenium2Library">
<arg>${button}</arg>
<arg>${shortPeriodOfTime}</arg>
<arg>'${buttonID} Button Should Be Visible'</arg>
<doc>Waits until the element ``locator`` is visible.</doc>
<status status="PASS" starttime="20220108 20:16:12.132" endtime="20220108 20:16:12.148"/>
</kw>
<status status="PASS" starttime="20220108 20:16:12.131" endtime="20220108 20:16:12.149"/>
</kw>
<status status="PASS" starttime="20220108 20:16:12.131" endtime="20220108 20:16:12.149"/>
</iter>
<iter>
<var name="${buttonName}">ManagePromotions</var>
<kw name="Common::Wait Until Navbar Button Is Visible" library="common">
<arg>${buttonName}</arg>
<kw name="Set Variable" library="BuiltIn">
<var>${button}</var>
<arg>//*[contains(@class, 'navbar')]//*[contains(@id, '${buttonID}')]</arg>
<doc>Returns the given values which can then be assigned to a variables.</doc>
<msg timestamp="20220108 20:16:12.150" level="INFO">${button} = //*[contains(@class, 'navbar')]//*[contains(@id, 'ManagePromotions')]</msg>
<status status="PASS" starttime="20220108 20:16:12.150" endtime="20220108 20:16:12.150"/>
</kw>
<kw name="Wait Until Element Is Visible" library="Selenium2Library">
<arg>${button}</arg>
<arg>${shortPeriodOfTime}</arg>
<arg>'${buttonID} Button Should Be Visible'</arg>
<doc>Waits until the element ``locator`` is visible.</doc>
<status status="PASS" starttime="20220108 20:16:12.150" endtime="20220108 20:16:12.166"/>
</kw>
<status status="PASS" starttime="20220108 20:16:12.149" endtime="20220108 20:16:12.166"/>
</kw>
<status status="PASS" starttime="20220108 20:16:12.149" endtime="20220108 20:16:12.166"/>
</iter>
<iter>
<var name="${buttonName}">ManageOrders</var>
<kw name="Common::Wait Until Navbar Button Is Visible" library="common">
<arg>${buttonName}</arg>
<kw name="Set Variable" library="BuiltIn">
<var>${button}</var>
<arg>//*[contains(@class, 'navbar')]//*[contains(@id, '${buttonID}')]</arg>
<doc>Returns the given values which can then be assigned to a variables.</doc>
<msg timestamp="20220108 20:16:12.167" level="INFO">${button} = //*[contains(@class, 'navbar')]//*[contains(@id, 'ManageOrders')]</msg>
<status status="PASS" starttime="20220108 20:16:12.167" endtime="20220108 20:16:12.167"/>
</kw>
<kw name="Wait Until Element Is Visible" library="Selenium2Library">
<arg>${button}</arg>
<arg>${shortPeriodOfTime}</arg>
<arg>'${buttonID} Button Should Be Visible'</arg>
<doc>Waits until the element ``locator`` is visible.</doc>
<status status="PASS" starttime="20220108 20:16:12.167" endtime="20220108 20:16:12.183"/>
</kw>
<status status="PASS" starttime="20220108 20:16:12.166" endtime="20220108 20:16:12.183"/>
</kw>
<status status="PASS" starttime="20220108 20:16:12.166" endtime="20220108 20:16:12.183"/>
</iter>
<iter>
<var name="${buttonName}">UserProfile</var>
<kw name="Common::Wait Until Navbar Button Is Visible" library="common">
<arg>${buttonName}</arg>
<kw name="Set Variable" library="BuiltIn">
<var>${button}</var>
<arg>//*[contains(@class, 'navbar')]//*[contains(@id, '${buttonID}')]</arg>
<doc>Returns the given values which can then be assigned to a variables.</doc>
<msg timestamp="20220108 20:16:12.184" level="INFO">${button} = //*[contains(@class, 'navbar')]//*[contains(@id, 'UserProfile')]</msg>
<status status="PASS" starttime="20220108 20:16:12.184" endtime="20220108 20:16:12.184"/>
</kw>
<kw name="Wait Until Element Is Visible" library="Selenium2Library">
<arg>${button}</arg>
<arg>${shortPeriodOfTime}</arg>
<arg>'${buttonID} Button Should Be Visible'</arg>
<doc>Waits until the element ``locator`` is visible.</doc>
<status status="PASS" starttime="20220108 20:16:12.184" endtime="20220108 20:16:12.200"/>
</kw>
<status status="PASS" starttime="20220108 20:16:12.183" endtime="20220108 20:16:12.200"/>
</kw>
<status status="PASS" starttime="20220108 20:16:12.183" endtime="20220108 20:16:12.200"/>
</iter>
<iter>
<var name="${buttonName}">Logout</var>
<kw name="Common::Wait Until Navbar Button Is Visible" library="common">
<arg>${buttonName}</arg>
<kw name="Set Variable" library="BuiltIn">
<var>${button}</var>
<arg>//*[contains(@class, 'navbar')]//*[contains(@id, '${buttonID}')]</arg>
<doc>Returns the given values which can then be assigned to a variables.</doc>
<msg timestamp="20220108 20:16:12.201" level="INFO">${button} = //*[contains(@class, 'navbar')]//*[contains(@id, 'Logout')]</msg>
<status status="PASS" starttime="20220108 20:16:12.201" endtime="20220108 20:16:12.201"/>
</kw>
<kw name="Wait Until Element Is Visible" library="Selenium2Library">
<arg>${button}</arg>
<arg>${shortPeriodOfTime}</arg>
<arg>'${buttonID} Button Should Be Visible'</arg>
<doc>Waits until the element ``locator`` is visible.</doc>
<status status="PASS" starttime="20220108 20:16:12.201" endtime="20220108 20:16:12.218"/>
</kw>
<status status="PASS" starttime="20220108 20:16:12.200" endtime="20220108 20:16:12.218"/>
</kw>
<status status="PASS" starttime="20220108 20:16:12.200" endtime="20220108 20:16:12.218"/>
</iter>
<status status="PASS" starttime="20220108 20:16:12.104" endtime="20220108 20:16:12.218"/>
</for>
<status status="PASS" starttime="20220108 20:16:12.104" endtime="20220108 20:16:12.219"/>
</kw>
<status status="PASS" starttime="20220108 20:16:11.936" endtime="20220108 20:16:12.219"/>
</kw>
<status status="PASS" starttime="20220108 20:16:10.473" endtime="20220108 20:16:12.219"/>
</kw>
<kw name="Verify Manage Discount Page Is Visible">
<msg timestamp="20220108 20:16:12.222" level="FAIL">No keyword with name 'Verify Manage Discount Page Is Visible' found. Did you mean:
    manageProduct.Verify Manage Product Page Is Visible</msg>
<status status="FAIL" starttime="20220108 20:16:12.222" endtime="20220108 20:16:12.222"/>
</kw>
<kw name="Logout" library="common" type="TEARDOWN">
<kw name="Common::Click Navbar Button" library="common">
<arg>Logout</arg>
<kw name="Common::Wait Until Navbar Button Is Visible" library="common">
<var>${button}</var>
<arg>${buttonID}</arg>
<kw name="Set Variable" library="BuiltIn">
<var>${button}</var>
<arg>//*[contains(@class, 'navbar')]//*[contains(@id, '${buttonID}')]</arg>
<doc>Returns the given values which can then be assigned to a variables.</doc>
<msg timestamp="20220108 20:16:12.224" level="INFO">${button} = //*[contains(@class, 'navbar')]//*[contains(@id, 'Logout')]</msg>
<status status="PASS" starttime="20220108 20:16:12.223" endtime="20220108 20:16:12.224"/>
</kw>
<kw name="Wait Until Element Is Visible" library="Selenium2Library">
<arg>${button}</arg>
<arg>${shortPeriodOfTime}</arg>
<arg>'${buttonID} Button Should Be Visible'</arg>
<doc>Waits until the element ``locator`` is visible.</doc>
<status status="PASS" starttime="20220108 20:16:12.224" endtime="20220108 20:16:12.245"/>
</kw>
<msg timestamp="20220108 20:16:12.246" level="INFO">${button} = //*[contains(@class, 'navbar')]//*[contains(@id, 'Logout')]</msg>
<status status="PASS" starttime="20220108 20:16:12.223" endtime="20220108 20:16:12.246"/>
</kw>
<kw name="Click Element" library="Selenium2Library">
<arg>${button}</arg>
<doc>Click the element identified by ``locator``.</doc>
<msg timestamp="20220108 20:16:12.246" level="INFO">Clicking element '//*[contains(@class, 'navbar')]//*[contains(@id, 'Logout')]'.</msg>
<status status="PASS" starttime="20220108 20:16:12.246" endtime="20220108 20:16:12.723"/>
</kw>
<status status="PASS" starttime="20220108 20:16:12.222" endtime="20220108 20:16:12.723"/>
</kw>
<kw name="Flash::Wait Until Flash Message With Category Is Visible" library="common">
<arg>Logout successful!</arg>
<arg>success</arg>
<kw name="Set Variable" library="BuiltIn">
<var>${flaskBox}</var>
<arg>//*[contains(@class, 'alert-${category}')]//*[contains(@class, 'flash')]</arg>
<doc>Returns the given values which can then be assigned to a variables.</doc>
<msg timestamp="20220108 20:16:12.724" level="INFO">${flaskBox} = //*[contains(@class, 'alert-success')]//*[contains(@class, 'flash')]</msg>
<status status="PASS" starttime="20220108 20:16:12.723" endtime="20220108 20:16:12.724"/>
</kw>
<kw name="Set Variable" library="BuiltIn">
<var>${flaskMessage}</var>
<arg>//*[contains(@class, 'alert')]//*[contains(@class, 'flash') and normalize-space()='${message}']</arg>
<doc>Returns the given values which can then be assigned to a variables.</doc>
<msg timestamp="20220108 20:16:12.724" level="INFO">${flaskMessage} = //*[contains(@class, 'alert')]//*[contains(@class, 'flash') and normalize-space()='Logout successful!']</msg>
<status status="PASS" starttime="20220108 20:16:12.724" endtime="20220108 20:16:12.724"/>
</kw>
<kw name="Set Variable" library="BuiltIn">
<var>${flaskCloseButton}</var>
<arg>//*[contains(@class, 'alert')]//*[contains(@class, 'flash')]//button[contains(@class, 'btn-close')]</arg>
<doc>Returns the given values which can then be assigned to a variables.</doc>
<msg timestamp="20220108 20:16:12.724" level="INFO">${flaskCloseButton} = //*[contains(@class, 'alert')]//*[contains(@class, 'flash')]//button[contains(@class, 'btn-close')]</msg>
<status status="PASS" starttime="20220108 20:16:12.724" endtime="20220108 20:16:12.724"/>
</kw>
<kw name="Wait Until Element Is Visible" library="Selenium2Library">
<arg>${flaskBox}</arg>
<arg>${shortPeriodOfTime}</arg>
<arg>'Flash Box Should Be Visible'</arg>
<doc>Waits until the element ``locator`` is visible.</doc>
<status status="PASS" starttime="20220108 20:16:12.725" endtime="20220108 20:16:12.748"/>
</kw>
<kw name="Wait Until Element Is Visible" library="Selenium2Library">
<arg>${flaskMessage}</arg>
<arg>${shortPeriodOfTime}</arg>
<arg>'Flash Message Should Be Visible'</arg>
<doc>Waits until the element ``locator`` is visible.</doc>
<status status="PASS" starttime="20220108 20:16:12.748" endtime="20220108 20:16:12.769"/>
</kw>
<kw name="Wait Until Element Is Visible" library="Selenium2Library">
<arg>${flaskCloseButton}</arg>
<arg>${shortPeriodOfTime}</arg>
<arg>'Flash Close Button Should Be Visible'</arg>
<doc>Waits until the element ``locator`` is visible.</doc>
<status status="PASS" starttime="20220108 20:16:12.769" endtime="20220108 20:16:12.786"/>
</kw>
<status status="PASS" starttime="20220108 20:16:12.723" endtime="20220108 20:16:12.786"/>
</kw>
<kw name="Common::Wait Until Navbar Contains" library="common">
<arg>Home</arg>
<arg>Login</arg>
<arg>SignUp</arg>
<for flavor="IN">
<var>${buttonName}</var>
<value>@{buttonNames}</value>
<iter>
<var name="${buttonName}">Home</var>
<kw name="Common::Wait Until Navbar Button Is Visible" library="common">
<arg>${buttonName}</arg>
<kw name="Set Variable" library="BuiltIn">
<var>${button}</var>
<arg>//*[contains(@class, 'navbar')]//*[contains(@id, '${buttonID}')]</arg>
<doc>Returns the given values which can then be assigned to a variables.</doc>
<msg timestamp="20220108 20:16:12.787" level="INFO">${button} = //*[contains(@class, 'navbar')]//*[contains(@id, 'Home')]</msg>
<status status="PASS" starttime="20220108 20:16:12.787" endtime="20220108 20:16:12.787"/>
</kw>
<kw name="Wait Until Element Is Visible" library="Selenium2Library">
<arg>${button}</arg>
<arg>${shortPeriodOfTime}</arg>
<arg>'${buttonID} Button Should Be Visible'</arg>
<doc>Waits until the element ``locator`` is visible.</doc>
<status status="PASS" starttime="20220108 20:16:12.787" endtime="20220108 20:16:12.806"/>
</kw>
<status status="PASS" starttime="20220108 20:16:12.787" endtime="20220108 20:16:12.806"/>
</kw>
<status status="PASS" starttime="20220108 20:16:12.786" endtime="20220108 20:16:12.806"/>
</iter>
<iter>
<var name="${buttonName}">Login</var>
<kw name="Common::Wait Until Navbar Button Is Visible" library="common">
<arg>${buttonName}</arg>
<kw name="Set Variable" library="BuiltIn">
<var>${button}</var>
<arg>//*[contains(@class, 'navbar')]//*[contains(@id, '${buttonID}')]</arg>
<doc>Returns the given values which can then be assigned to a variables.</doc>
<msg timestamp="20220108 20:16:12.807" level="INFO">${button} = //*[contains(@class, 'navbar')]//*[contains(@id, 'Login')]</msg>
<status status="PASS" starttime="20220108 20:16:12.807" endtime="20220108 20:16:12.807"/>
</kw>
<kw name="Wait Until Element Is Visible" library="Selenium2Library">
<arg>${button}</arg>
<arg>${shortPeriodOfTime}</arg>
<arg>'${buttonID} Button Should Be Visible'</arg>
<doc>Waits until the element ``locator`` is visible.</doc>
<status status="PASS" starttime="20220108 20:16:12.807" endtime="20220108 20:16:12.825"/>
</kw>
<status status="PASS" starttime="20220108 20:16:12.807" endtime="20220108 20:16:12.825"/>
</kw>
<status status="PASS" starttime="20220108 20:16:12.806" endtime="20220108 20:16:12.825"/>
</iter>
<iter>
<var name="${buttonName}">SignUp</var>
<kw name="Common::Wait Until Navbar Button Is Visible" library="common">
<arg>${buttonName}</arg>
<kw name="Set Variable" library="BuiltIn">
<var>${button}</var>
<arg>//*[contains(@class, 'navbar')]//*[contains(@id, '${buttonID}')]</arg>
<doc>Returns the given values which can then be assigned to a variables.</doc>
<msg timestamp="20220108 20:16:12.827" level="INFO">${button} = //*[contains(@class, 'navbar')]//*[contains(@id, 'SignUp')]</msg>
<status status="PASS" starttime="20220108 20:16:12.826" endtime="20220108 20:16:12.827"/>
</kw>
<kw name="Wait Until Element Is Visible" library="Selenium2Library">
<arg>${button}</arg>
<arg>${shortPeriodOfTime}</arg>
<arg>'${buttonID} Button Should Be Visible'</arg>
<doc>Waits until the element ``locator`` is visible.</doc>
<status status="PASS" starttime="20220108 20:16:12.827" endtime="20220108 20:16:12.847"/>
</kw>
<status status="PASS" starttime="20220108 20:16:12.826" endtime="20220108 20:16:12.848"/>
</kw>
<status status="PASS" starttime="20220108 20:16:12.825" endtime="20220108 20:16:12.848"/>
</iter>
<status status="PASS" starttime="20220108 20:16:12.786" endtime="20220108 20:16:12.848"/>
</for>
<status status="PASS" starttime="20220108 20:16:12.786" endtime="20220108 20:16:12.848"/>
</kw>
<status status="PASS" starttime="20220108 20:16:12.222" endtime="20220108 20:16:12.848"/>
</kw>
<tag>manage_product</tag>
<tag>UIR-05</tag>
<status status="FAIL" starttime="20220108 20:16:10.473" endtime="20220108 20:16:12.848">No keyword with name 'Verify Manage Discount Page Is Visible' found. Did you mean:
    manageProduct.Verify Manage Product Page Is Visible</status>
</test>
<kw name="Close Browser" library="Selenium2Library" type="TEARDOWN">
<doc>Closes the current browser.</doc>
<status status="PASS" starttime="20220108 20:16:12.850" endtime="20220108 20:16:13.369"/>
</kw>
<status status="FAIL" starttime="20220108 20:15:30.771" endtime="20220108 20:16:13.369"/>
</suite>
<statistics>
<total>
<stat pass="5" fail="2" skip="0">All Tests</stat>
</total>
<tag>
<stat pass="1" fail="0" skip="0">forgotPassword</stat>
<stat pass="1" fail="0" skip="0">index</stat>
<stat pass="1" fail="0" skip="0">login</stat>
<stat pass="1" fail="1" skip="0">manage_product</stat>
<stat pass="0" fail="1" skip="0">manageUser</stat>
<stat pass="1" fail="0" skip="0">register</stat>
<stat pass="1" fail="0" skip="0">UIR-03</stat>
<stat pass="1" fail="0" skip="0">UIR-04</stat>
<stat pass="1" fail="1" skip="0">UIR-05</stat>
</tag>
<suite>
<stat pass="5" fail="2" skip="0" id="s1" name="FeatureTests">FeatureTests</stat>
</suite>
</statistics>
<errors>
</errors>
</robot>
