<?xml version="1.0" encoding="UTF-8"?>
<robot generator="Robot 4.1.1 (Python 3.6.9 on linux)" generated="20220108 17:49:42.347" rpa="false" schemaversion="2">
<suite id="s1" name="FeatureTests" source="/home/ming/110-1_Database-System_Project/tests/RobotTests/FeatureTests.robot">
<kw name="Run Keywords" library="BuiltIn" type="SETUP">
<arg>Open Browser</arg>
<arg>${webSiteURL}</arg>
<arg>${browser}</arg>
<arg>AND</arg>
<arg>Maximize Browser Window</arg>
<doc>Executes all the given keywords in a sequence.</doc>
<kw name="Open Browser" library="Selenium2Library">
<arg>${webSiteURL}</arg>
<arg>${browser}</arg>
<doc>Opens a new browser instance to the optional ``url``.</doc>
<msg timestamp="20220108 17:49:42.480" level="INFO">Opening browser 'firefox' to base url 'http://192.168.0.158:5000'.</msg>
<msg timestamp="20220108 17:49:42.481" level="INFO">Firefox driver log is always forced to to: /home/ming/110-1_Database-System_Project/tests/RobotTests/reports/geckodriver-6.log</msg>
<status status="PASS" starttime="20220108 17:49:42.480" endtime="20220108 17:49:46.398"/>
</kw>
<kw name="Maximize Browser Window" library="Selenium2Library">
<doc>Maximizes current browser window.</doc>
<status status="PASS" starttime="20220108 17:49:46.399" endtime="20220108 17:49:46.711"/>
</kw>
<status status="PASS" starttime="20220108 17:49:42.480" endtime="20220108 17:49:46.711"/>
</kw>
<test id="s1-t1" name="Index Page">
<kw name="Go To Home Page" library="common" type="SETUP">
<kw name="Common::Click Navbar Button" library="common">
<arg>Home</arg>
<kw name="Common::Wait Until Navbar Button Is Visible" library="common">
<var>${button}</var>
<arg>${buttonID}</arg>
<kw name="Set Variable" library="BuiltIn">
<var>${button}</var>
<arg>//*[contains(@class, 'navbar')]//*[contains(@id, '${buttonID}')]</arg>
<doc>Returns the given values which can then be assigned to a variables.</doc>
<msg timestamp="20220108 17:49:46.716" level="INFO">${button} = //*[contains(@class, 'navbar')]//*[contains(@id, 'Home')]</msg>
<status status="PASS" starttime="20220108 17:49:46.716" endtime="20220108 17:49:46.716"/>
</kw>
<kw name="Wait Until Element Is Visible" library="Selenium2Library">
<arg>${button}</arg>
<arg>${shortPeriodOfTime}</arg>
<arg>'${buttonID} Button Should Be Visible'</arg>
<doc>Waits until the element ``locator`` is visible.</doc>
<status status="PASS" starttime="20220108 17:49:46.716" endtime="20220108 17:49:46.748"/>
</kw>
<msg timestamp="20220108 17:49:46.748" level="INFO">${button} = //*[contains(@class, 'navbar')]//*[contains(@id, 'Home')]</msg>
<status status="PASS" starttime="20220108 17:49:46.715" endtime="20220108 17:49:46.748"/>
</kw>
<kw name="Click Element" library="Selenium2Library">
<arg>${button}</arg>
<doc>Click the element identified by ``locator``.</doc>
<msg timestamp="20220108 17:49:46.748" level="INFO">Clicking element '//*[contains(@class, 'navbar')]//*[contains(@id, 'Home')]'.</msg>
<status status="PASS" starttime="20220108 17:49:46.748" endtime="20220108 17:49:48.061"/>
</kw>
<status status="PASS" starttime="20220108 17:49:46.715" endtime="20220108 17:49:48.061"/>
</kw>
<kw name="Common::Wait Until Navbar Contains" library="common">
<arg>Home</arg>
<for flavor="IN">
<var>${buttonName}</var>
<value>@{buttonNames}</value>
<iter>
<var name="${buttonName}">Home</var>
<kw name="Common::Wait Until Navbar Button Is Visible" library="common">
<arg>${buttonName}</arg>
<kw name="Set Variable" library="BuiltIn">
<var>${button}</var>
<arg>//*[contains(@class, 'navbar')]//*[contains(@id, '${buttonID}')]</arg>
<doc>Returns the given values which can then be assigned to a variables.</doc>
<msg timestamp="20220108 17:49:48.063" level="INFO">${button} = //*[contains(@class, 'navbar')]//*[contains(@id, 'Home')]</msg>
<status status="PASS" starttime="20220108 17:49:48.062" endtime="20220108 17:49:48.063"/>
</kw>
<kw name="Wait Until Element Is Visible" library="Selenium2Library">
<arg>${button}</arg>
<arg>${shortPeriodOfTime}</arg>
<arg>'${buttonID} Button Should Be Visible'</arg>
<doc>Waits until the element ``locator`` is visible.</doc>
<status status="PASS" starttime="20220108 17:49:48.063" endtime="20220108 17:49:48.082"/>
</kw>
<status status="PASS" starttime="20220108 17:49:48.062" endtime="20220108 17:49:48.082"/>
</kw>
<status status="PASS" starttime="20220108 17:49:48.062" endtime="20220108 17:49:48.082"/>
</iter>
<status status="PASS" starttime="20220108 17:49:48.061" endtime="20220108 17:49:48.083"/>
</for>
<status status="PASS" starttime="20220108 17:49:48.061" endtime="20220108 17:49:48.083"/>
</kw>
<status status="PASS" starttime="20220108 17:49:46.715" endtime="20220108 17:49:48.083"/>
</kw>
<kw name="Verify Index Page Is Visible" library="index">
<kw name="Index Page::Wait Until Index Page Is Visible" library="index">
<kw name="Wait Until Element Is Visible" library="Selenium2Library">
<arg>${categoryItem}</arg>
<doc>Waits until the element ``locator`` is visible.</doc>
<status status="PASS" starttime="20220108 17:49:48.083" endtime="20220108 17:49:48.102"/>
</kw>
<kw name="Wait Until Element Is Visible" library="Selenium2Library">
<arg>${categoryBadge}</arg>
<doc>Waits until the element ``locator`` is visible.</doc>
<status status="PASS" starttime="20220108 17:49:48.102" endtime="20220108 17:49:48.124"/>
</kw>
<kw name="Wait Until Element Is Visible" library="Selenium2Library">
<arg>${productCard}</arg>
<doc>Waits until the element ``locator`` is visible.</doc>
<status status="PASS" starttime="20220108 17:49:48.125" endtime="20220108 17:49:48.147"/>
</kw>
<kw name="Wait Until Element Is Visible" library="Selenium2Library">
<arg>${productCardImage}</arg>
<doc>Waits until the element ``locator`` is visible.</doc>
<status status="PASS" starttime="20220108 17:49:48.148" endtime="20220108 17:49:48.172"/>
</kw>
<kw name="Wait Until Element Is Visible" library="Selenium2Library">
<arg>${productCardBody}</arg>
<doc>Waits until the element ``locator`` is visible.</doc>
<status status="PASS" starttime="20220108 17:49:48.173" endtime="20220108 17:49:48.194"/>
</kw>
<status status="PASS" starttime="20220108 17:49:48.083" endtime="20220108 17:49:48.194"/>
</kw>
<status status="PASS" starttime="20220108 17:49:48.083" endtime="20220108 17:49:48.194"/>
</kw>
<kw name="Go To Home Page" library="common" type="TEARDOWN">
<kw name="Common::Click Navbar Button" library="common">
<arg>Home</arg>
<kw name="Common::Wait Until Navbar Button Is Visible" library="common">
<var>${button}</var>
<arg>${buttonID}</arg>
<kw name="Set Variable" library="BuiltIn">
<var>${button}</var>
<arg>//*[contains(@class, 'navbar')]//*[contains(@id, '${buttonID}')]</arg>
<doc>Returns the given values which can then be assigned to a variables.</doc>
<msg timestamp="20220108 17:49:48.196" level="INFO">${button} = //*[contains(@class, 'navbar')]//*[contains(@id, 'Home')]</msg>
<status status="PASS" starttime="20220108 17:49:48.196" endtime="20220108 17:49:48.196"/>
</kw>
<kw name="Wait Until Element Is Visible" library="Selenium2Library">
<arg>${button}</arg>
<arg>${shortPeriodOfTime}</arg>
<arg>'${buttonID} Button Should Be Visible'</arg>
<doc>Waits until the element ``locator`` is visible.</doc>
<status status="PASS" starttime="20220108 17:49:48.196" endtime="20220108 17:49:48.213"/>
</kw>
<msg timestamp="20220108 17:49:48.214" level="INFO">${button} = //*[contains(@class, 'navbar')]//*[contains(@id, 'Home')]</msg>
<status status="PASS" starttime="20220108 17:49:48.195" endtime="20220108 17:49:48.214"/>
</kw>
<kw name="Click Element" library="Selenium2Library">
<arg>${button}</arg>
<doc>Click the element identified by ``locator``.</doc>
<msg timestamp="20220108 17:49:48.214" level="INFO">Clicking element '//*[contains(@class, 'navbar')]//*[contains(@id, 'Home')]'.</msg>
<status status="PASS" starttime="20220108 17:49:48.214" endtime="20220108 17:49:49.228"/>
</kw>
<status status="PASS" starttime="20220108 17:49:48.195" endtime="20220108 17:49:49.228"/>
</kw>
<kw name="Common::Wait Until Navbar Contains" library="common">
<arg>Home</arg>
<for flavor="IN">
<var>${buttonName}</var>
<value>@{buttonNames}</value>
<iter>
<var name="${buttonName}">Home</var>
<kw name="Common::Wait Until Navbar Button Is Visible" library="common">
<arg>${buttonName}</arg>
<kw name="Set Variable" library="BuiltIn">
<var>${button}</var>
<arg>//*[contains(@class, 'navbar')]//*[contains(@id, '${buttonID}')]</arg>
<doc>Returns the given values which can then be assigned to a variables.</doc>
<msg timestamp="20220108 17:49:49.229" level="INFO">${button} = //*[contains(@class, 'navbar')]//*[contains(@id, 'Home')]</msg>
<status status="PASS" starttime="20220108 17:49:49.229" endtime="20220108 17:49:49.229"/>
</kw>
<kw name="Wait Until Element Is Visible" library="Selenium2Library">
<arg>${button}</arg>
<arg>${shortPeriodOfTime}</arg>
<arg>'${buttonID} Button Should Be Visible'</arg>
<doc>Waits until the element ``locator`` is visible.</doc>
<status status="PASS" starttime="20220108 17:49:49.229" endtime="20220108 17:49:49.252"/>
</kw>
<status status="PASS" starttime="20220108 17:49:49.229" endtime="20220108 17:49:49.252"/>
</kw>
<status status="PASS" starttime="20220108 17:49:49.229" endtime="20220108 17:49:49.252"/>
</iter>
<status status="PASS" starttime="20220108 17:49:49.229" endtime="20220108 17:49:49.252"/>
</for>
<status status="PASS" starttime="20220108 17:49:49.228" endtime="20220108 17:49:49.252"/>
</kw>
<status status="PASS" starttime="20220108 17:49:48.195" endtime="20220108 17:49:49.252"/>
</kw>
<tag>index</tag>
<status status="PASS" starttime="20220108 17:49:46.712" endtime="20220108 17:49:49.252"/>
</test>
<test id="s1-t2" name="Login Page">
<kw name="Go to Login Page" library="common" type="SETUP">
<kw name="Common::Click Navbar Button" library="common">
<arg>Login</arg>
<kw name="Common::Wait Until Navbar Button Is Visible" library="common">
<var>${button}</var>
<arg>${buttonID}</arg>
<kw name="Set Variable" library="BuiltIn">
<var>${button}</var>
<arg>//*[contains(@class, 'navbar')]//*[contains(@id, '${buttonID}')]</arg>
<doc>Returns the given values which can then be assigned to a variables.</doc>
<msg timestamp="20220108 17:49:49.254" level="INFO">${button} = //*[contains(@class, 'navbar')]//*[contains(@id, 'Login')]</msg>
<status status="PASS" starttime="20220108 17:49:49.254" endtime="20220108 17:49:49.254"/>
</kw>
<kw name="Wait Until Element Is Visible" library="Selenium2Library">
<arg>${button}</arg>
<arg>${shortPeriodOfTime}</arg>
<arg>'${buttonID} Button Should Be Visible'</arg>
<doc>Waits until the element ``locator`` is visible.</doc>
<status status="PASS" starttime="20220108 17:49:49.255" endtime="20220108 17:49:49.277"/>
</kw>
<msg timestamp="20220108 17:49:49.277" level="INFO">${button} = //*[contains(@class, 'navbar')]//*[contains(@id, 'Login')]</msg>
<status status="PASS" starttime="20220108 17:49:49.254" endtime="20220108 17:49:49.277"/>
</kw>
<kw name="Click Element" library="Selenium2Library">
<arg>${button}</arg>
<doc>Click the element identified by ``locator``.</doc>
<msg timestamp="20220108 17:49:49.278" level="INFO">Clicking element '//*[contains(@class, 'navbar')]//*[contains(@id, 'Login')]'.</msg>
<status status="PASS" starttime="20220108 17:49:49.277" endtime="20220108 17:49:49.400"/>
</kw>
<status status="PASS" starttime="20220108 17:49:49.254" endtime="20220108 17:49:49.400"/>
</kw>
<kw name="Common::Wait Until Navbar Contains" library="common">
<arg>Home</arg>
<arg>Login</arg>
<arg>SignUp</arg>
<for flavor="IN">
<var>${buttonName}</var>
<value>@{buttonNames}</value>
<iter>
<var name="${buttonName}">Home</var>
<kw name="Common::Wait Until Navbar Button Is Visible" library="common">
<arg>${buttonName}</arg>
<kw name="Set Variable" library="BuiltIn">
<var>${button}</var>
<arg>//*[contains(@class, 'navbar')]//*[contains(@id, '${buttonID}')]</arg>
<doc>Returns the given values which can then be assigned to a variables.</doc>
<msg timestamp="20220108 17:49:49.401" level="INFO">${button} = //*[contains(@class, 'navbar')]//*[contains(@id, 'Home')]</msg>
<status status="PASS" starttime="20220108 17:49:49.401" endtime="20220108 17:49:49.401"/>
</kw>
<kw name="Wait Until Element Is Visible" library="Selenium2Library">
<arg>${button}</arg>
<arg>${shortPeriodOfTime}</arg>
<arg>'${buttonID} Button Should Be Visible'</arg>
<doc>Waits until the element ``locator`` is visible.</doc>
<status status="PASS" starttime="20220108 17:49:49.401" endtime="20220108 17:49:49.433"/>
</kw>
<status status="PASS" starttime="20220108 17:49:49.401" endtime="20220108 17:49:49.433"/>
</kw>
<status status="PASS" starttime="20220108 17:49:49.400" endtime="20220108 17:49:49.433"/>
</iter>
<iter>
<var name="${buttonName}">Login</var>
<kw name="Common::Wait Until Navbar Button Is Visible" library="common">
<arg>${buttonName}</arg>
<kw name="Set Variable" library="BuiltIn">
<var>${button}</var>
<arg>//*[contains(@class, 'navbar')]//*[contains(@id, '${buttonID}')]</arg>
<doc>Returns the given values which can then be assigned to a variables.</doc>
<msg timestamp="20220108 17:49:49.434" level="INFO">${button} = //*[contains(@class, 'navbar')]//*[contains(@id, 'Login')]</msg>
<status status="PASS" starttime="20220108 17:49:49.434" endtime="20220108 17:49:49.434"/>
</kw>
<kw name="Wait Until Element Is Visible" library="Selenium2Library">
<arg>${button}</arg>
<arg>${shortPeriodOfTime}</arg>
<arg>'${buttonID} Button Should Be Visible'</arg>
<doc>Waits until the element ``locator`` is visible.</doc>
<status status="PASS" starttime="20220108 17:49:49.434" endtime="20220108 17:49:49.452"/>
</kw>
<status status="PASS" starttime="20220108 17:49:49.433" endtime="20220108 17:49:49.453"/>
</kw>
<status status="PASS" starttime="20220108 17:49:49.433" endtime="20220108 17:49:49.453"/>
</iter>
<iter>
<var name="${buttonName}">SignUp</var>
<kw name="Common::Wait Until Navbar Button Is Visible" library="common">
<arg>${buttonName}</arg>
<kw name="Set Variable" library="BuiltIn">
<var>${button}</var>
<arg>//*[contains(@class, 'navbar')]//*[contains(@id, '${buttonID}')]</arg>
<doc>Returns the given values which can then be assigned to a variables.</doc>
<msg timestamp="20220108 17:49:49.453" level="INFO">${button} = //*[contains(@class, 'navbar')]//*[contains(@id, 'SignUp')]</msg>
<status status="PASS" starttime="20220108 17:49:49.453" endtime="20220108 17:49:49.453"/>
</kw>
<kw name="Wait Until Element Is Visible" library="Selenium2Library">
<arg>${button}</arg>
<arg>${shortPeriodOfTime}</arg>
<arg>'${buttonID} Button Should Be Visible'</arg>
<doc>Waits until the element ``locator`` is visible.</doc>
<status status="PASS" starttime="20220108 17:49:49.453" endtime="20220108 17:49:49.471"/>
</kw>
<status status="PASS" starttime="20220108 17:49:49.453" endtime="20220108 17:49:49.471"/>
</kw>
<status status="PASS" starttime="20220108 17:49:49.453" endtime="20220108 17:49:49.471"/>
</iter>
<status status="PASS" starttime="20220108 17:49:49.400" endtime="20220108 17:49:49.471"/>
</for>
<status status="PASS" starttime="20220108 17:49:49.400" endtime="20220108 17:49:49.471"/>
</kw>
<status status="PASS" starttime="20220108 17:49:49.253" endtime="20220108 17:49:49.472"/>
</kw>
<kw name="Verify Login Form Is Visible" library="login">
<kw name="Login Page::Wait Until Login Form Is Visible" library="login">
<kw name="Wait Until Element Is Visible" library="Selenium2Library">
<arg>${loginTitle}</arg>
<arg>${normalPeriodOfTime}</arg>
<arg>'Login Title Should Be Visible'</arg>
<doc>Waits until the element ``locator`` is visible.</doc>
<status status="PASS" starttime="20220108 17:49:49.473" endtime="20220108 17:49:49.492"/>
</kw>
<kw name="Wait Until Element Is Visible" library="Selenium2Library">
<arg>${usernameField}</arg>
<arg>${normalPeriodOfTime}</arg>
<arg>'Username Field Should Be Visible'</arg>
<doc>Waits until the element ``locator`` is visible.</doc>
<status status="PASS" starttime="20220108 17:49:49.493" endtime="20220108 17:49:49.509"/>
</kw>
<kw name="Wait Until Element Is Visible" library="Selenium2Library">
<arg>${passwordField}</arg>
<arg>${normalPeriodOfTime}</arg>
<arg>'Password Field Should Be Visible'</arg>
<doc>Waits until the element ``locator`` is visible.</doc>
<status status="PASS" starttime="20220108 17:49:49.509" endtime="20220108 17:49:49.525"/>
</kw>
<kw name="Wait Until Element Is Visible" library="Selenium2Library">
<arg>${rememberMeCheckBox}</arg>
<arg>${normalPeriodOfTime}</arg>
<arg>'Remember Me Check Box Should Be Visible'</arg>
<doc>Waits until the element ``locator`` is visible.</doc>
<status status="PASS" starttime="20220108 17:49:49.526" endtime="20220108 17:49:49.542"/>
</kw>
<kw name="Wait Until Element Is Visible" library="Selenium2Library">
<arg>${loginButton}</arg>
<arg>${normalPeriodOfTime}</arg>
<arg>'Login Button Should Be Visible'</arg>
<doc>Waits until the element ``locator`` is visible.</doc>
<status status="PASS" starttime="20220108 17:49:49.542" endtime="20220108 17:49:49.559"/>
</kw>
<kw name="Wait Until Element Is Visible" library="Selenium2Library">
<arg>${doNotHaveAnAccountButton}</arg>
<arg>${normalPeriodOfTime}</arg>
<arg>'Do Not Have An Account Button Should Be Visible'</arg>
<doc>Waits until the element ``locator`` is visible.</doc>
<status status="PASS" starttime="20220108 17:49:49.560" endtime="20220108 17:49:49.580"/>
</kw>
<kw name="Wait Until Element Is Visible" library="Selenium2Library">
<arg>${forgotPasswordButton}</arg>
<arg>${normalPeriodOfTime}</arg>
<arg>'Forgot Password Button Should Be Visible'</arg>
<doc>Waits until the element ``locator`` is visible.</doc>
<status status="PASS" starttime="20220108 17:49:49.581" endtime="20220108 17:49:49.598"/>
</kw>
<status status="PASS" starttime="20220108 17:49:49.472" endtime="20220108 17:49:49.598"/>
</kw>
<status status="PASS" starttime="20220108 17:49:49.472" endtime="20220108 17:49:49.598"/>
</kw>
<kw name="Verify &quot;Do not Have An Account&quot; Button" library="login">
<kw name="Login Page::Wait Until Login Form Is Visible" library="login">
<kw name="Wait Until Element Is Visible" library="Selenium2Library">
<arg>${loginTitle}</arg>
<arg>${normalPeriodOfTime}</arg>
<arg>'Login Title Should Be Visible'</arg>
<doc>Waits until the element ``locator`` is visible.</doc>
<status status="PASS" starttime="20220108 17:49:49.599" endtime="20220108 17:49:49.616"/>
</kw>
<kw name="Wait Until Element Is Visible" library="Selenium2Library">
<arg>${usernameField}</arg>
<arg>${normalPeriodOfTime}</arg>
<arg>'Username Field Should Be Visible'</arg>
<doc>Waits until the element ``locator`` is visible.</doc>
<status status="PASS" starttime="20220108 17:49:49.616" endtime="20220108 17:49:49.632"/>
</kw>
<kw name="Wait Until Element Is Visible" library="Selenium2Library">
<arg>${passwordField}</arg>
<arg>${normalPeriodOfTime}</arg>
<arg>'Password Field Should Be Visible'</arg>
<doc>Waits until the element ``locator`` is visible.</doc>
<status status="PASS" starttime="20220108 17:49:49.633" endtime="20220108 17:49:49.651"/>
</kw>
<kw name="Wait Until Element Is Visible" library="Selenium2Library">
<arg>${rememberMeCheckBox}</arg>
<arg>${normalPeriodOfTime}</arg>
<arg>'Remember Me Check Box Should Be Visible'</arg>
<doc>Waits until the element ``locator`` is visible.</doc>
<status status="PASS" starttime="20220108 17:49:49.651" endtime="20220108 17:49:49.664"/>
</kw>
<kw name="Wait Until Element Is Visible" library="Selenium2Library">
<arg>${loginButton}</arg>
<arg>${normalPeriodOfTime}</arg>
<arg>'Login Button Should Be Visible'</arg>
<doc>Waits until the element ``locator`` is visible.</doc>
<status status="PASS" starttime="20220108 17:49:49.664" endtime="20220108 17:49:49.677"/>
</kw>
<kw name="Wait Until Element Is Visible" library="Selenium2Library">
<arg>${doNotHaveAnAccountButton}</arg>
<arg>${normalPeriodOfTime}</arg>
<arg>'Do Not Have An Account Button Should Be Visible'</arg>
<doc>Waits until the element ``locator`` is visible.</doc>
<status status="PASS" starttime="20220108 17:49:49.677" endtime="20220108 17:49:49.689"/>
</kw>
<kw name="Wait Until Element Is Visible" library="Selenium2Library">
<arg>${forgotPasswordButton}</arg>
<arg>${normalPeriodOfTime}</arg>
<arg>'Forgot Password Button Should Be Visible'</arg>
<doc>Waits until the element ``locator`` is visible.</doc>
<status status="PASS" starttime="20220108 17:49:49.689" endtime="20220108 17:49:49.702"/>
</kw>
<status status="PASS" starttime="20220108 17:49:49.599" endtime="20220108 17:49:49.703"/>
</kw>
<kw name="Click Element" library="Selenium2Library">
<arg>${doNotHaveAnAccountButton}</arg>
<doc>Click the element identified by ``locator``.</doc>
<msg timestamp="20220108 17:49:49.703" level="INFO">Clicking element '//*[contains(@class, 'card')]//*[contains(@class, 'card-footer')]//*[normalize-space()='Do not have an account?']'.</msg>
<status status="PASS" starttime="20220108 17:49:49.703" endtime="20220108 17:49:49.804"/>
</kw>
<kw name="Register Page::Wait Until Register Form Is Visible" library="register">
<kw name="Wait Until Element Is Visible" library="Selenium2Library">
<arg>${registerTitle}</arg>
<arg>${normalPeriodOfTime}</arg>
<arg>'Register Title Should Be Visible'</arg>
<doc>Waits until the element ``locator`` is visible.</doc>
<status status="PASS" starttime="20220108 17:49:49.804" endtime="20220108 17:49:49.838"/>
</kw>
<kw name="Wait Until Element Is Visible" library="Selenium2Library">
<arg>${emailField}</arg>
<arg>${normalPeriodOfTime}</arg>
<arg>'Email Field Should Be Visible'</arg>
<doc>Waits until the element ``locator`` is visible.</doc>
<status status="PASS" starttime="20220108 17:49:49.839" endtime="20220108 17:49:49.860"/>
</kw>
<kw name="Wait Until Element Is Visible" library="Selenium2Library">
<arg>${usernameField}</arg>
<arg>${normalPeriodOfTime}</arg>
<arg>'Username Field Should Be Visible'</arg>
<doc>Waits until the element ``locator`` is visible.</doc>
<status status="PASS" starttime="20220108 17:49:49.860" endtime="20220108 17:49:49.877"/>
</kw>
<kw name="Wait Until Element Is Visible" library="Selenium2Library">
<arg>${passwordField}</arg>
<arg>${normalPeriodOfTime}</arg>
<arg>'Password Field Should Be Visible'</arg>
<doc>Waits until the element ``locator`` is visible.</doc>
<status status="PASS" starttime="20220108 17:49:49.877" endtime="20220108 17:49:49.893"/>
</kw>
<kw name="Wait Until Element Is Visible" library="Selenium2Library">
<arg>${confirmPasswordField}</arg>
<arg>${normalPeriodOfTime}</arg>
<arg>'Confirm Password Field Should Be Visible'</arg>
<doc>Waits until the element ``locator`` is visible.</doc>
<status status="PASS" starttime="20220108 17:49:49.893" endtime="20220108 17:49:49.911"/>
</kw>
<kw name="Wait Until Element Is Visible" library="Selenium2Library">
<arg>${firstNameField}</arg>
<arg>${normalPeriodOfTime}</arg>
<arg>'First Name Field Should Be Visible'</arg>
<doc>Waits until the element ``locator`` is visible.</doc>
<status status="PASS" starttime="20220108 17:49:49.912" endtime="20220108 17:49:49.931"/>
</kw>
<kw name="Wait Until Element Is Visible" library="Selenium2Library">
<arg>${lastNameField}</arg>
<arg>${normalPeriodOfTime}</arg>
<arg>'Last Name Field Should Be Visible'</arg>
<doc>Waits until the element ``locator`` is visible.</doc>
<status status="PASS" starttime="20220108 17:49:49.931" endtime="20220108 17:49:49.947"/>
</kw>
<kw name="Wait Until Element Is Visible" library="Selenium2Library">
<arg>${DOBDatePicker}</arg>
<arg>${normalPeriodOfTime}</arg>
<arg>'DOB Field Should Be Visible'</arg>
<doc>Waits until the element ``locator`` is visible.</doc>
<status status="PASS" starttime="20220108 17:49:49.947" endtime="20220108 17:49:49.962"/>
</kw>
<kw name="Wait Until Element Is Visible" library="Selenium2Library">
<arg>${registerButton}</arg>
<arg>${normalPeriodOfTime}</arg>
<arg>'Register Button Should Be Visible'</arg>
<doc>Waits until the element ``locator`` is visible.</doc>
<status status="PASS" starttime="20220108 17:49:49.962" endtime="20220108 17:49:49.980"/>
</kw>
<kw name="Wait Until Element Is Visible" library="Selenium2Library">
<arg>${alreadyHaveAnAccountButton}</arg>
<arg>${normalPeriodOfTime}</arg>
<arg>'Already Have An Account Button Should Be Visible'</arg>
<doc>Waits until the element ``locator`` is visible.</doc>
<status status="PASS" starttime="20220108 17:49:49.980" endtime="20220108 17:49:49.997"/>
</kw>
<status status="PASS" starttime="20220108 17:49:49.804" endtime="20220108 17:49:49.997"/>
</kw>
<kw name="Go to Login Page" library="common" type="TEARDOWN">
<kw name="Common::Click Navbar Button" library="common">
<arg>Login</arg>
<kw name="Common::Wait Until Navbar Button Is Visible" library="common">
<var>${button}</var>
<arg>${buttonID}</arg>
<kw name="Set Variable" library="BuiltIn">
<var>${button}</var>
<arg>//*[contains(@class, 'navbar')]//*[contains(@id, '${buttonID}')]</arg>
<doc>Returns the given values which can then be assigned to a variables.</doc>
<msg timestamp="20220108 17:49:49.999" level="INFO">${button} = //*[contains(@class, 'navbar')]//*[contains(@id, 'Login')]</msg>
<status status="PASS" starttime="20220108 17:49:49.999" endtime="20220108 17:49:49.999"/>
</kw>
<kw name="Wait Until Element Is Visible" library="Selenium2Library">
<arg>${button}</arg>
<arg>${shortPeriodOfTime}</arg>
<arg>'${buttonID} Button Should Be Visible'</arg>
<doc>Waits until the element ``locator`` is visible.</doc>
<status status="PASS" starttime="20220108 17:49:49.999" endtime="20220108 17:49:50.013"/>
</kw>
<msg timestamp="20220108 17:49:50.014" level="INFO">${button} = //*[contains(@class, 'navbar')]//*[contains(@id, 'Login')]</msg>
<status status="PASS" starttime="20220108 17:49:49.998" endtime="20220108 17:49:50.014"/>
</kw>
<kw name="Click Element" library="Selenium2Library">
<arg>${button}</arg>
<doc>Click the element identified by ``locator``.</doc>
<msg timestamp="20220108 17:49:50.014" level="INFO">Clicking element '//*[contains(@class, 'navbar')]//*[contains(@id, 'Login')]'.</msg>
<status status="PASS" starttime="20220108 17:49:50.014" endtime="20220108 17:49:50.120"/>
</kw>
<status status="PASS" starttime="20220108 17:49:49.998" endtime="20220108 17:49:50.120"/>
</kw>
<kw name="Common::Wait Until Navbar Contains" library="common">
<arg>Home</arg>
<arg>Login</arg>
<arg>SignUp</arg>
<for flavor="IN">
<var>${buttonName}</var>
<value>@{buttonNames}</value>
<iter>
<var name="${buttonName}">Home</var>
<kw name="Common::Wait Until Navbar Button Is Visible" library="common">
<arg>${buttonName}</arg>
<kw name="Set Variable" library="BuiltIn">
<var>${button}</var>
<arg>//*[contains(@class, 'navbar')]//*[contains(@id, '${buttonID}')]</arg>
<doc>Returns the given values which can then be assigned to a variables.</doc>
<msg timestamp="20220108 17:49:50.122" level="INFO">${button} = //*[contains(@class, 'navbar')]//*[contains(@id, 'Home')]</msg>
<status status="PASS" starttime="20220108 17:49:50.121" endtime="20220108 17:49:50.122"/>
</kw>
<kw name="Wait Until Element Is Visible" library="Selenium2Library">
<arg>${button}</arg>
<arg>${shortPeriodOfTime}</arg>
<arg>'${buttonID} Button Should Be Visible'</arg>
<doc>Waits until the element ``locator`` is visible.</doc>
<status status="PASS" starttime="20220108 17:49:50.122" endtime="20220108 17:49:50.150"/>
</kw>
<status status="PASS" starttime="20220108 17:49:50.121" endtime="20220108 17:49:50.150"/>
</kw>
<status status="PASS" starttime="20220108 17:49:50.121" endtime="20220108 17:49:50.150"/>
</iter>
<iter>
<var name="${buttonName}">Login</var>
<kw name="Common::Wait Until Navbar Button Is Visible" library="common">
<arg>${buttonName}</arg>
<kw name="Set Variable" library="BuiltIn">
<var>${button}</var>
<arg>//*[contains(@class, 'navbar')]//*[contains(@id, '${buttonID}')]</arg>
<doc>Returns the given values which can then be assigned to a variables.</doc>
<msg timestamp="20220108 17:49:50.151" level="INFO">${button} = //*[contains(@class, 'navbar')]//*[contains(@id, 'Login')]</msg>
<status status="PASS" starttime="20220108 17:49:50.151" endtime="20220108 17:49:50.151"/>
</kw>
<kw name="Wait Until Element Is Visible" library="Selenium2Library">
<arg>${button}</arg>
<arg>${shortPeriodOfTime}</arg>
<arg>'${buttonID} Button Should Be Visible'</arg>
<doc>Waits until the element ``locator`` is visible.</doc>
<status status="PASS" starttime="20220108 17:49:50.151" endtime="20220108 17:49:50.169"/>
</kw>
<status status="PASS" starttime="20220108 17:49:50.150" endtime="20220108 17:49:50.169"/>
</kw>
<status status="PASS" starttime="20220108 17:49:50.150" endtime="20220108 17:49:50.169"/>
</iter>
<iter>
<var name="${buttonName}">SignUp</var>
<kw name="Common::Wait Until Navbar Button Is Visible" library="common">
<arg>${buttonName}</arg>
<kw name="Set Variable" library="BuiltIn">
<var>${button}</var>
<arg>//*[contains(@class, 'navbar')]//*[contains(@id, '${buttonID}')]</arg>
<doc>Returns the given values which can then be assigned to a variables.</doc>
<msg timestamp="20220108 17:49:50.170" level="INFO">${button} = //*[contains(@class, 'navbar')]//*[contains(@id, 'SignUp')]</msg>
<status status="PASS" starttime="20220108 17:49:50.170" endtime="20220108 17:49:50.170"/>
</kw>
<kw name="Wait Until Element Is Visible" library="Selenium2Library">
<arg>${button}</arg>
<arg>${shortPeriodOfTime}</arg>
<arg>'${buttonID} Button Should Be Visible'</arg>
<doc>Waits until the element ``locator`` is visible.</doc>
<status status="PASS" starttime="20220108 17:49:50.170" endtime="20220108 17:49:50.186"/>
</kw>
<status status="PASS" starttime="20220108 17:49:50.169" endtime="20220108 17:49:50.187"/>
</kw>
<status status="PASS" starttime="20220108 17:49:50.169" endtime="20220108 17:49:50.187"/>
</iter>
<status status="PASS" starttime="20220108 17:49:50.121" endtime="20220108 17:49:50.187"/>
</for>
<status status="PASS" starttime="20220108 17:49:50.120" endtime="20220108 17:49:50.187"/>
</kw>
<status status="PASS" starttime="20220108 17:49:49.997" endtime="20220108 17:49:50.187"/>
</kw>
<status status="PASS" starttime="20220108 17:49:49.599" endtime="20220108 17:49:50.187"/>
</kw>
<kw name="Verify &quot;Forgot Password&quot; Button" library="login">
<kw name="Login Page::Wait Until Login Form Is Visible" library="login">
<kw name="Wait Until Element Is Visible" library="Selenium2Library">
<arg>${loginTitle}</arg>
<arg>${normalPeriodOfTime}</arg>
<arg>'Login Title Should Be Visible'</arg>
<doc>Waits until the element ``locator`` is visible.</doc>
<status status="PASS" starttime="20220108 17:49:50.188" endtime="20220108 17:49:50.206"/>
</kw>
<kw name="Wait Until Element Is Visible" library="Selenium2Library">
<arg>${usernameField}</arg>
<arg>${normalPeriodOfTime}</arg>
<arg>'Username Field Should Be Visible'</arg>
<doc>Waits until the element ``locator`` is visible.</doc>
<status status="PASS" starttime="20220108 17:49:50.207" endtime="20220108 17:49:50.225"/>
</kw>
<kw name="Wait Until Element Is Visible" library="Selenium2Library">
<arg>${passwordField}</arg>
<arg>${normalPeriodOfTime}</arg>
<arg>'Password Field Should Be Visible'</arg>
<doc>Waits until the element ``locator`` is visible.</doc>
<status status="PASS" starttime="20220108 17:49:50.226" endtime="20220108 17:49:50.240"/>
</kw>
<kw name="Wait Until Element Is Visible" library="Selenium2Library">
<arg>${rememberMeCheckBox}</arg>
<arg>${normalPeriodOfTime}</arg>
<arg>'Remember Me Check Box Should Be Visible'</arg>
<doc>Waits until the element ``locator`` is visible.</doc>
<status status="PASS" starttime="20220108 17:49:50.240" endtime="20220108 17:49:50.252"/>
</kw>
<kw name="Wait Until Element Is Visible" library="Selenium2Library">
<arg>${loginButton}</arg>
<arg>${normalPeriodOfTime}</arg>
<arg>'Login Button Should Be Visible'</arg>
<doc>Waits until the element ``locator`` is visible.</doc>
<status status="PASS" starttime="20220108 17:49:50.253" endtime="20220108 17:49:50.264"/>
</kw>
<kw name="Wait Until Element Is Visible" library="Selenium2Library">
<arg>${doNotHaveAnAccountButton}</arg>
<arg>${normalPeriodOfTime}</arg>
<arg>'Do Not Have An Account Button Should Be Visible'</arg>
<doc>Waits until the element ``locator`` is visible.</doc>
<status status="PASS" starttime="20220108 17:49:50.264" endtime="20220108 17:49:50.278"/>
</kw>
<kw name="Wait Until Element Is Visible" library="Selenium2Library">
<arg>${forgotPasswordButton}</arg>
<arg>${normalPeriodOfTime}</arg>
<arg>'Forgot Password Button Should Be Visible'</arg>
<doc>Waits until the element ``locator`` is visible.</doc>
<status status="PASS" starttime="20220108 17:49:50.278" endtime="20220108 17:49:50.291"/>
</kw>
<status status="PASS" starttime="20220108 17:49:50.188" endtime="20220108 17:49:50.291"/>
</kw>
<kw name="Click Element" library="Selenium2Library">
<arg>${forgotPasswordButton}</arg>
<doc>Click the element identified by ``locator``.</doc>
<msg timestamp="20220108 17:49:50.291" level="INFO">Clicking element '//*[contains(@class, 'card')]//*[contains(@class, 'card-footer')]//*[normalize-space()='Forgot Your Password?']'.</msg>
<status status="PASS" starttime="20220108 17:49:50.291" endtime="20220108 17:49:50.377"/>
</kw>
<kw name="Forgot Password Page::Wait Until Forgot Password Form Is Visible" library="forgotPassword">
<kw name="Wait Until Element Is Visible" library="Selenium2Library">
<arg>${forgotPasswordTitle}</arg>
<arg>${normalPeriodOfTime}</arg>
<arg>'Forgot Password Title Should Be Visible'</arg>
<doc>Waits until the element ``locator`` is visible.</doc>
<status status="PASS" starttime="20220108 17:49:50.378" endtime="20220108 17:49:50.401"/>
</kw>
<kw name="Wait Until Element Is Visible" library="Selenium2Library">
<arg>${emailField}</arg>
<arg>${normalPeriodOfTime}</arg>
<arg>'Email Field Should Be Visible'</arg>
<doc>Waits until the element ``locator`` is visible.</doc>
<status status="PASS" starttime="20220108 17:49:50.402" endtime="20220108 17:49:50.417"/>
</kw>
<kw name="Wait Until Element Is Visible" library="Selenium2Library">
<arg>${resetPasswordButton}</arg>
<arg>${normalPeriodOfTime}</arg>
<arg>'Forgot Password Button Should Be Visible'</arg>
<doc>Waits until the element ``locator`` is visible.</doc>
<status status="PASS" starttime="20220108 17:49:50.417" endtime="20220108 17:49:50.434"/>
</kw>
<status status="PASS" starttime="20220108 17:49:50.378" endtime="20220108 17:49:50.434"/>
</kw>
<kw name="Go to Login Page" library="common" type="TEARDOWN">
<kw name="Common::Click Navbar Button" library="common">
<arg>Login</arg>
<kw name="Common::Wait Until Navbar Button Is Visible" library="common">
<var>${button}</var>
<arg>${buttonID}</arg>
<kw name="Set Variable" library="BuiltIn">
<var>${button}</var>
<arg>//*[contains(@class, 'navbar')]//*[contains(@id, '${buttonID}')]</arg>
<doc>Returns the given values which can then be assigned to a variables.</doc>
<msg timestamp="20220108 17:49:50.436" level="INFO">${button} = //*[contains(@class, 'navbar')]//*[contains(@id, 'Login')]</msg>
<status status="PASS" starttime="20220108 17:49:50.435" endtime="20220108 17:49:50.436"/>
</kw>
<kw name="Wait Until Element Is Visible" library="Selenium2Library">
<arg>${button}</arg>
<arg>${shortPeriodOfTime}</arg>
<arg>'${buttonID} Button Should Be Visible'</arg>
<doc>Waits until the element ``locator`` is visible.</doc>
<status status="PASS" starttime="20220108 17:49:50.436" endtime="20220108 17:49:50.452"/>
</kw>
<msg timestamp="20220108 17:49:50.453" level="INFO">${button} = //*[contains(@class, 'navbar')]//*[contains(@id, 'Login')]</msg>
<status status="PASS" starttime="20220108 17:49:50.435" endtime="20220108 17:49:50.453"/>
</kw>
<kw name="Click Element" library="Selenium2Library">
<arg>${button}</arg>
<doc>Click the element identified by ``locator``.</doc>
<msg timestamp="20220108 17:49:50.453" level="INFO">Clicking element '//*[contains(@class, 'navbar')]//*[contains(@id, 'Login')]'.</msg>
<status status="PASS" starttime="20220108 17:49:50.453" endtime="20220108 17:49:50.563"/>
</kw>
<status status="PASS" starttime="20220108 17:49:50.435" endtime="20220108 17:49:50.563"/>
</kw>
<kw name="Common::Wait Until Navbar Contains" library="common">
<arg>Home</arg>
<arg>Login</arg>
<arg>SignUp</arg>
<for flavor="IN">
<var>${buttonName}</var>
<value>@{buttonNames}</value>
<iter>
<var name="${buttonName}">Home</var>
<kw name="Common::Wait Until Navbar Button Is Visible" library="common">
<arg>${buttonName}</arg>
<kw name="Set Variable" library="BuiltIn">
<var>${button}</var>
<arg>//*[contains(@class, 'navbar')]//*[contains(@id, '${buttonID}')]</arg>
<doc>Returns the given values which can then be assigned to a variables.</doc>
<msg timestamp="20220108 17:49:50.565" level="INFO">${button} = //*[contains(@class, 'navbar')]//*[contains(@id, 'Home')]</msg>
<status status="PASS" starttime="20220108 17:49:50.564" endtime="20220108 17:49:50.565"/>
</kw>
<kw name="Wait Until Element Is Visible" library="Selenium2Library">
<arg>${button}</arg>
<arg>${shortPeriodOfTime}</arg>
<arg>'${buttonID} Button Should Be Visible'</arg>
<doc>Waits until the element ``locator`` is visible.</doc>
<status status="PASS" starttime="20220108 17:49:50.565" endtime="20220108 17:49:50.592"/>
</kw>
<status status="PASS" starttime="20220108 17:49:50.564" endtime="20220108 17:49:50.592"/>
</kw>
<status status="PASS" starttime="20220108 17:49:50.564" endtime="20220108 17:49:50.592"/>
</iter>
<iter>
<var name="${buttonName}">Login</var>
<kw name="Common::Wait Until Navbar Button Is Visible" library="common">
<arg>${buttonName}</arg>
<kw name="Set Variable" library="BuiltIn">
<var>${button}</var>
<arg>//*[contains(@class, 'navbar')]//*[contains(@id, '${buttonID}')]</arg>
<doc>Returns the given values which can then be assigned to a variables.</doc>
<msg timestamp="20220108 17:49:50.593" level="INFO">${button} = //*[contains(@class, 'navbar')]//*[contains(@id, 'Login')]</msg>
<status status="PASS" starttime="20220108 17:49:50.593" endtime="20220108 17:49:50.593"/>
</kw>
<kw name="Wait Until Element Is Visible" library="Selenium2Library">
<arg>${button}</arg>
<arg>${shortPeriodOfTime}</arg>
<arg>'${buttonID} Button Should Be Visible'</arg>
<doc>Waits until the element ``locator`` is visible.</doc>
<status status="PASS" starttime="20220108 17:49:50.593" endtime="20220108 17:49:50.611"/>
</kw>
<status status="PASS" starttime="20220108 17:49:50.593" endtime="20220108 17:49:50.611"/>
</kw>
<status status="PASS" starttime="20220108 17:49:50.593" endtime="20220108 17:49:50.611"/>
</iter>
<iter>
<var name="${buttonName}">SignUp</var>
<kw name="Common::Wait Until Navbar Button Is Visible" library="common">
<arg>${buttonName}</arg>
<kw name="Set Variable" library="BuiltIn">
<var>${button}</var>
<arg>//*[contains(@class, 'navbar')]//*[contains(@id, '${buttonID}')]</arg>
<doc>Returns the given values which can then be assigned to a variables.</doc>
<msg timestamp="20220108 17:49:50.612" level="INFO">${button} = //*[contains(@class, 'navbar')]//*[contains(@id, 'SignUp')]</msg>
<status status="PASS" starttime="20220108 17:49:50.612" endtime="20220108 17:49:50.612"/>
</kw>
<kw name="Wait Until Element Is Visible" library="Selenium2Library">
<arg>${button}</arg>
<arg>${shortPeriodOfTime}</arg>
<arg>'${buttonID} Button Should Be Visible'</arg>
<doc>Waits until the element ``locator`` is visible.</doc>
<status status="PASS" starttime="20220108 17:49:50.613" endtime="20220108 17:49:50.628"/>
</kw>
<status status="PASS" starttime="20220108 17:49:50.612" endtime="20220108 17:49:50.629"/>
</kw>
<status status="PASS" starttime="20220108 17:49:50.612" endtime="20220108 17:49:50.629"/>
</iter>
<status status="PASS" starttime="20220108 17:49:50.563" endtime="20220108 17:49:50.629"/>
</for>
<status status="PASS" starttime="20220108 17:49:50.563" endtime="20220108 17:49:50.629"/>
</kw>
<status status="PASS" starttime="20220108 17:49:50.435" endtime="20220108 17:49:50.629"/>
</kw>
<status status="PASS" starttime="20220108 17:49:50.188" endtime="20220108 17:49:50.629"/>
</kw>
<kw name="Verify Login As Customer" library="login">
<kw name="Login Page::Wait Until Login Form Is Visible" library="login">
<kw name="Wait Until Element Is Visible" library="Selenium2Library">
<arg>${loginTitle}</arg>
<arg>${normalPeriodOfTime}</arg>
<arg>'Login Title Should Be Visible'</arg>
<doc>Waits until the element ``locator`` is visible.</doc>
<status status="PASS" starttime="20220108 17:49:50.630" endtime="20220108 17:49:50.645"/>
</kw>
<kw name="Wait Until Element Is Visible" library="Selenium2Library">
<arg>${usernameField}</arg>
<arg>${normalPeriodOfTime}</arg>
<arg>'Username Field Should Be Visible'</arg>
<doc>Waits until the element ``locator`` is visible.</doc>
<status status="PASS" starttime="20220108 17:49:50.645" endtime="20220108 17:49:50.663"/>
</kw>
<kw name="Wait Until Element Is Visible" library="Selenium2Library">
<arg>${passwordField}</arg>
<arg>${normalPeriodOfTime}</arg>
<arg>'Password Field Should Be Visible'</arg>
<doc>Waits until the element ``locator`` is visible.</doc>
<status status="PASS" starttime="20220108 17:49:50.663" endtime="20220108 17:49:50.679"/>
</kw>
<kw name="Wait Until Element Is Visible" library="Selenium2Library">
<arg>${rememberMeCheckBox}</arg>
<arg>${normalPeriodOfTime}</arg>
<arg>'Remember Me Check Box Should Be Visible'</arg>
<doc>Waits until the element ``locator`` is visible.</doc>
<status status="PASS" starttime="20220108 17:49:50.679" endtime="20220108 17:49:50.697"/>
</kw>
<kw name="Wait Until Element Is Visible" library="Selenium2Library">
<arg>${loginButton}</arg>
<arg>${normalPeriodOfTime}</arg>
<arg>'Login Button Should Be Visible'</arg>
<doc>Waits until the element ``locator`` is visible.</doc>
<status status="PASS" starttime="20220108 17:49:50.697" endtime="20220108 17:49:50.713"/>
</kw>
<kw name="Wait Until Element Is Visible" library="Selenium2Library">
<arg>${doNotHaveAnAccountButton}</arg>
<arg>${normalPeriodOfTime}</arg>
<arg>'Do Not Have An Account Button Should Be Visible'</arg>
<doc>Waits until the element ``locator`` is visible.</doc>
<status status="PASS" starttime="20220108 17:49:50.713" endtime="20220108 17:49:50.729"/>
</kw>
<kw name="Wait Until Element Is Visible" library="Selenium2Library">
<arg>${forgotPasswordButton}</arg>
<arg>${normalPeriodOfTime}</arg>
<arg>'Forgot Password Button Should Be Visible'</arg>
<doc>Waits until the element ``locator`` is visible.</doc>
<status status="PASS" starttime="20220108 17:49:50.729" endtime="20220108 17:49:50.746"/>
</kw>
<status status="PASS" starttime="20220108 17:49:50.630" endtime="20220108 17:49:50.746"/>
</kw>
<kw name="Login As" library="login">
<arg>username=customer</arg>
<arg>password=customer</arg>
<kw name="Input Text" library="Selenium2Library">
<arg>${usernameField}</arg>
<arg>${username}</arg>
<doc>Types the given ``text`` into the text field identified by ``locator``.</doc>
<msg timestamp="20220108 17:49:50.747" level="INFO">Typing text 'customer' into text field '//*[contains(@class, 'card')]//*[contains(@class, 'card-body')]//form//*[@id='username']'.</msg>
<status status="PASS" starttime="20220108 17:49:50.747" endtime="20220108 17:49:50.785"/>
</kw>
<kw name="Input Text" library="Selenium2Library">
<arg>${passwordField}</arg>
<arg>${password}</arg>
<doc>Types the given ``text`` into the text field identified by ``locator``.</doc>
<msg timestamp="20220108 17:49:50.786" level="INFO">Typing text 'customer' into text field '//*[contains(@class, 'card')]//*[contains(@class, 'card-body')]//form//*[@id='password']'.</msg>
<status status="PASS" starttime="20220108 17:49:50.786" endtime="20220108 17:49:50.811"/>
</kw>
<kw name="Run Keyword If" library="BuiltIn">
<arg>'${rememberMe}'=='${True}'</arg>
<arg>Click Element</arg>
<arg>${rememberMeCheckBox}</arg>
<doc>Runs the given keyword with the given arguments, if ``condition`` is true.</doc>
<status status="PASS" starttime="20220108 17:49:50.812" endtime="20220108 17:49:50.812"/>
</kw>
<kw name="Click Element" library="Selenium2Library">
<arg>${LoginButton}</arg>
<doc>Click the element identified by ``locator``.</doc>
<msg timestamp="20220108 17:49:50.813" level="INFO">Clicking element '//*[contains(@class, 'card')]//*[contains(@class, 'card-body')]//form//*[@id='submit']'.</msg>
<status status="PASS" starttime="20220108 17:49:50.812" endtime="20220108 17:49:52.080"/>
</kw>
<status status="PASS" starttime="20220108 17:49:50.746" endtime="20220108 17:49:52.080"/>
</kw>
<kw name="Flash::Wait Until Flash Message With Category Is Visible" library="common">
<arg>message=Login successful!</arg>
<arg>category=success</arg>
<kw name="Set Variable" library="BuiltIn">
<var>${flaskBox}</var>
<arg>//*[contains(@class, 'alert-${category}')]//*[contains(@class, 'flash')]</arg>
<doc>Returns the given values which can then be assigned to a variables.</doc>
<msg timestamp="20220108 17:49:52.081" level="INFO">${flaskBox} = //*[contains(@class, 'alert-success')]//*[contains(@class, 'flash')]</msg>
<status status="PASS" starttime="20220108 17:49:52.080" endtime="20220108 17:49:52.081"/>
</kw>
<kw name="Set Variable" library="BuiltIn">
<var>${flaskMessage}</var>
<arg>//*[contains(@class, 'alert')]//*[contains(@class, 'flash') and normalize-space()='${message}']</arg>
<doc>Returns the given values which can then be assigned to a variables.</doc>
<msg timestamp="20220108 17:49:52.081" level="INFO">${flaskMessage} = //*[contains(@class, 'alert')]//*[contains(@class, 'flash') and normalize-space()='Login successful!']</msg>
<status status="PASS" starttime="20220108 17:49:52.081" endtime="20220108 17:49:52.081"/>
</kw>
<kw name="Set Variable" library="BuiltIn">
<var>${flaskCloseButton}</var>
<arg>//*[contains(@class, 'alert')]//*[contains(@class, 'flash')]//button[contains(@class, 'btn-close')]</arg>
<doc>Returns the given values which can then be assigned to a variables.</doc>
<msg timestamp="20220108 17:49:52.082" level="INFO">${flaskCloseButton} = //*[contains(@class, 'alert')]//*[contains(@class, 'flash')]//button[contains(@class, 'btn-close')]</msg>
<status status="PASS" starttime="20220108 17:49:52.081" endtime="20220108 17:49:52.082"/>
</kw>
<kw name="Wait Until Element Is Visible" library="Selenium2Library">
<arg>${flaskBox}</arg>
<arg>${shortPeriodOfTime}</arg>
<arg>'Flash Box Should Be Visible'</arg>
<doc>Waits until the element ``locator`` is visible.</doc>
<status status="PASS" starttime="20220108 17:49:52.082" endtime="20220108 17:49:52.112"/>
</kw>
<kw name="Wait Until Element Is Visible" library="Selenium2Library">
<arg>${flaskMessage}</arg>
<arg>${shortPeriodOfTime}</arg>
<arg>'Flash Message Should Be Visible'</arg>
<doc>Waits until the element ``locator`` is visible.</doc>
<status status="PASS" starttime="20220108 17:49:52.113" endtime="20220108 17:49:52.131"/>
</kw>
<kw name="Wait Until Element Is Visible" library="Selenium2Library">
<arg>${flaskCloseButton}</arg>
<arg>${shortPeriodOfTime}</arg>
<arg>'Flash Close Button Should Be Visible'</arg>
<doc>Waits until the element ``locator`` is visible.</doc>
<status status="PASS" starttime="20220108 17:49:52.131" endtime="20220108 17:49:52.151"/>
</kw>
<status status="PASS" starttime="20220108 17:49:52.080" endtime="20220108 17:49:52.151"/>
</kw>
<kw name="Run Keywords" library="BuiltIn" type="TEARDOWN">
<arg>Logout</arg>
<arg>AND</arg>
<arg>Go to Login Page</arg>
<doc>Executes all the given keywords in a sequence.</doc>
<kw name="Logout" library="common">
<kw name="Common::Click Navbar Button" library="common">
<arg>Logout</arg>
<kw name="Common::Wait Until Navbar Button Is Visible" library="common">
<var>${button}</var>
<arg>${buttonID}</arg>
<kw name="Set Variable" library="BuiltIn">
<var>${button}</var>
<arg>//*[contains(@class, 'navbar')]//*[contains(@id, '${buttonID}')]</arg>
<doc>Returns the given values which can then be assigned to a variables.</doc>
<msg timestamp="20220108 17:49:52.154" level="INFO">${button} = //*[contains(@class, 'navbar')]//*[contains(@id, 'Logout')]</msg>
<status status="PASS" starttime="20220108 17:49:52.153" endtime="20220108 17:49:52.154"/>
</kw>
<kw name="Wait Until Element Is Visible" library="Selenium2Library">
<arg>${button}</arg>
<arg>${shortPeriodOfTime}</arg>
<arg>'${buttonID} Button Should Be Visible'</arg>
<doc>Waits until the element ``locator`` is visible.</doc>
<status status="PASS" starttime="20220108 17:49:52.154" endtime="20220108 17:49:52.181"/>
</kw>
<msg timestamp="20220108 17:49:52.181" level="INFO">${button} = //*[contains(@class, 'navbar')]//*[contains(@id, 'Logout')]</msg>
<status status="PASS" starttime="20220108 17:49:52.153" endtime="20220108 17:49:52.181"/>
</kw>
<kw name="Click Element" library="Selenium2Library">
<arg>${button}</arg>
<doc>Click the element identified by ``locator``.</doc>
<msg timestamp="20220108 17:49:52.181" level="INFO">Clicking element '//*[contains(@class, 'navbar')]//*[contains(@id, 'Logout')]'.</msg>
<status status="PASS" starttime="20220108 17:49:52.181" endtime="20220108 17:49:53.244"/>
</kw>
<status status="PASS" starttime="20220108 17:49:52.152" endtime="20220108 17:49:53.244"/>
</kw>
<kw name="Flash::Wait Until Flash Message With Category Is Visible" library="common">
<arg>Logout successful!</arg>
<arg>success</arg>
<kw name="Set Variable" library="BuiltIn">
<var>${flaskBox}</var>
<arg>//*[contains(@class, 'alert-${category}')]//*[contains(@class, 'flash')]</arg>
<doc>Returns the given values which can then be assigned to a variables.</doc>
<msg timestamp="20220108 17:49:53.245" level="INFO">${flaskBox} = //*[contains(@class, 'alert-success')]//*[contains(@class, 'flash')]</msg>
<status status="PASS" starttime="20220108 17:49:53.245" endtime="20220108 17:49:53.245"/>
</kw>
<kw name="Set Variable" library="BuiltIn">
<var>${flaskMessage}</var>
<arg>//*[contains(@class, 'alert')]//*[contains(@class, 'flash') and normalize-space()='${message}']</arg>
<doc>Returns the given values which can then be assigned to a variables.</doc>
<msg timestamp="20220108 17:49:53.245" level="INFO">${flaskMessage} = //*[contains(@class, 'alert')]//*[contains(@class, 'flash') and normalize-space()='Logout successful!']</msg>
<status status="PASS" starttime="20220108 17:49:53.245" endtime="20220108 17:49:53.245"/>
</kw>
<kw name="Set Variable" library="BuiltIn">
<var>${flaskCloseButton}</var>
<arg>//*[contains(@class, 'alert')]//*[contains(@class, 'flash')]//button[contains(@class, 'btn-close')]</arg>
<doc>Returns the given values which can then be assigned to a variables.</doc>
<msg timestamp="20220108 17:49:53.245" level="INFO">${flaskCloseButton} = //*[contains(@class, 'alert')]//*[contains(@class, 'flash')]//button[contains(@class, 'btn-close')]</msg>
<status status="PASS" starttime="20220108 17:49:53.245" endtime="20220108 17:49:53.245"/>
</kw>
<kw name="Wait Until Element Is Visible" library="Selenium2Library">
<arg>${flaskBox}</arg>
<arg>${shortPeriodOfTime}</arg>
<arg>'Flash Box Should Be Visible'</arg>
<doc>Waits until the element ``locator`` is visible.</doc>
<status status="PASS" starttime="20220108 17:49:53.246" endtime="20220108 17:49:53.264"/>
</kw>
<kw name="Wait Until Element Is Visible" library="Selenium2Library">
<arg>${flaskMessage}</arg>
<arg>${shortPeriodOfTime}</arg>
<arg>'Flash Message Should Be Visible'</arg>
<doc>Waits until the element ``locator`` is visible.</doc>
<status status="PASS" starttime="20220108 17:49:53.264" endtime="20220108 17:49:53.283"/>
</kw>
<kw name="Wait Until Element Is Visible" library="Selenium2Library">
<arg>${flaskCloseButton}</arg>
<arg>${shortPeriodOfTime}</arg>
<arg>'Flash Close Button Should Be Visible'</arg>
<doc>Waits until the element ``locator`` is visible.</doc>
<status status="PASS" starttime="20220108 17:49:53.283" endtime="20220108 17:49:53.300"/>
</kw>
<status status="PASS" starttime="20220108 17:49:53.244" endtime="20220108 17:49:53.300"/>
</kw>
<kw name="Common::Wait Until Navbar Contains" library="common">
<arg>Home</arg>
<arg>Login</arg>
<arg>SignUp</arg>
<for flavor="IN">
<var>${buttonName}</var>
<value>@{buttonNames}</value>
<iter>
<var name="${buttonName}">Home</var>
<kw name="Common::Wait Until Navbar Button Is Visible" library="common">
<arg>${buttonName}</arg>
<kw name="Set Variable" library="BuiltIn">
<var>${button}</var>
<arg>//*[contains(@class, 'navbar')]//*[contains(@id, '${buttonID}')]</arg>
<doc>Returns the given values which can then be assigned to a variables.</doc>
<msg timestamp="20220108 17:49:53.302" level="INFO">${button} = //*[contains(@class, 'navbar')]//*[contains(@id, 'Home')]</msg>
<status status="PASS" starttime="20220108 17:49:53.301" endtime="20220108 17:49:53.302"/>
</kw>
<kw name="Wait Until Element Is Visible" library="Selenium2Library">
<arg>${button}</arg>
<arg>${shortPeriodOfTime}</arg>
<arg>'${buttonID} Button Should Be Visible'</arg>
<doc>Waits until the element ``locator`` is visible.</doc>
<status status="PASS" starttime="20220108 17:49:53.302" endtime="20220108 17:49:53.318"/>
</kw>
<status status="PASS" starttime="20220108 17:49:53.301" endtime="20220108 17:49:53.318"/>
</kw>
<status status="PASS" starttime="20220108 17:49:53.301" endtime="20220108 17:49:53.318"/>
</iter>
<iter>
<var name="${buttonName}">Login</var>
<kw name="Common::Wait Until Navbar Button Is Visible" library="common">
<arg>${buttonName}</arg>
<kw name="Set Variable" library="BuiltIn">
<var>${button}</var>
<arg>//*[contains(@class, 'navbar')]//*[contains(@id, '${buttonID}')]</arg>
<doc>Returns the given values which can then be assigned to a variables.</doc>
<msg timestamp="20220108 17:49:53.319" level="INFO">${button} = //*[contains(@class, 'navbar')]//*[contains(@id, 'Login')]</msg>
<status status="PASS" starttime="20220108 17:49:53.319" endtime="20220108 17:49:53.319"/>
</kw>
<kw name="Wait Until Element Is Visible" library="Selenium2Library">
<arg>${button}</arg>
<arg>${shortPeriodOfTime}</arg>
<arg>'${buttonID} Button Should Be Visible'</arg>
<doc>Waits until the element ``locator`` is visible.</doc>
<status status="PASS" starttime="20220108 17:49:53.319" endtime="20220108 17:49:53.339"/>
</kw>
<status status="PASS" starttime="20220108 17:49:53.318" endtime="20220108 17:49:53.340"/>
</kw>
<status status="PASS" starttime="20220108 17:49:53.318" endtime="20220108 17:49:53.340"/>
</iter>
<iter>
<var name="${buttonName}">SignUp</var>
<kw name="Common::Wait Until Navbar Button Is Visible" library="common">
<arg>${buttonName}</arg>
<kw name="Set Variable" library="BuiltIn">
<var>${button}</var>
<arg>//*[contains(@class, 'navbar')]//*[contains(@id, '${buttonID}')]</arg>
<doc>Returns the given values which can then be assigned to a variables.</doc>
<msg timestamp="20220108 17:49:53.341" level="INFO">${button} = //*[contains(@class, 'navbar')]//*[contains(@id, 'SignUp')]</msg>
<status status="PASS" starttime="20220108 17:49:53.340" endtime="20220108 17:49:53.341"/>
</kw>
<kw name="Wait Until Element Is Visible" library="Selenium2Library">
<arg>${button}</arg>
<arg>${shortPeriodOfTime}</arg>
<arg>'${buttonID} Button Should Be Visible'</arg>
<doc>Waits until the element ``locator`` is visible.</doc>
<status status="PASS" starttime="20220108 17:49:53.341" endtime="20220108 17:49:53.362"/>
</kw>
<status status="PASS" starttime="20220108 17:49:53.340" endtime="20220108 17:49:53.362"/>
</kw>
<status status="PASS" starttime="20220108 17:49:53.340" endtime="20220108 17:49:53.362"/>
</iter>
<status status="PASS" starttime="20220108 17:49:53.301" endtime="20220108 17:49:53.362"/>
</for>
<status status="PASS" starttime="20220108 17:49:53.300" endtime="20220108 17:49:53.362"/>
</kw>
<status status="PASS" starttime="20220108 17:49:52.152" endtime="20220108 17:49:53.362"/>
</kw>
<kw name="Go to Login Page" library="common">
<kw name="Common::Click Navbar Button" library="common">
<arg>Login</arg>
<kw name="Common::Wait Until Navbar Button Is Visible" library="common">
<var>${button}</var>
<arg>${buttonID}</arg>
<kw name="Set Variable" library="BuiltIn">
<var>${button}</var>
<arg>//*[contains(@class, 'navbar')]//*[contains(@id, '${buttonID}')]</arg>
<doc>Returns the given values which can then be assigned to a variables.</doc>
<msg timestamp="20220108 17:49:53.364" level="INFO">${button} = //*[contains(@class, 'navbar')]//*[contains(@id, 'Login')]</msg>
<status status="PASS" starttime="20220108 17:49:53.364" endtime="20220108 17:49:53.364"/>
</kw>
<kw name="Wait Until Element Is Visible" library="Selenium2Library">
<arg>${button}</arg>
<arg>${shortPeriodOfTime}</arg>
<arg>'${buttonID} Button Should Be Visible'</arg>
<doc>Waits until the element ``locator`` is visible.</doc>
<status status="PASS" starttime="20220108 17:49:53.364" endtime="20220108 17:49:53.382"/>
</kw>
<msg timestamp="20220108 17:49:53.383" level="INFO">${button} = //*[contains(@class, 'navbar')]//*[contains(@id, 'Login')]</msg>
<status status="PASS" starttime="20220108 17:49:53.363" endtime="20220108 17:49:53.383"/>
</kw>
<kw name="Click Element" library="Selenium2Library">
<arg>${button}</arg>
<doc>Click the element identified by ``locator``.</doc>
<msg timestamp="20220108 17:49:53.383" level="INFO">Clicking element '//*[contains(@class, 'navbar')]//*[contains(@id, 'Login')]'.</msg>
<status status="PASS" starttime="20220108 17:49:53.383" endtime="20220108 17:49:53.515"/>
</kw>
<status status="PASS" starttime="20220108 17:49:53.363" endtime="20220108 17:49:53.515"/>
</kw>
<kw name="Common::Wait Until Navbar Contains" library="common">
<arg>Home</arg>
<arg>Login</arg>
<arg>SignUp</arg>
<for flavor="IN">
<var>${buttonName}</var>
<value>@{buttonNames}</value>
<iter>
<var name="${buttonName}">Home</var>
<kw name="Common::Wait Until Navbar Button Is Visible" library="common">
<arg>${buttonName}</arg>
<kw name="Set Variable" library="BuiltIn">
<var>${button}</var>
<arg>//*[contains(@class, 'navbar')]//*[contains(@id, '${buttonID}')]</arg>
<doc>Returns the given values which can then be assigned to a variables.</doc>
<msg timestamp="20220108 17:49:53.517" level="INFO">${button} = //*[contains(@class, 'navbar')]//*[contains(@id, 'Home')]</msg>
<status status="PASS" starttime="20220108 17:49:53.516" endtime="20220108 17:49:53.517"/>
</kw>
<kw name="Wait Until Element Is Visible" library="Selenium2Library">
<arg>${button}</arg>
<arg>${shortPeriodOfTime}</arg>
<arg>'${buttonID} Button Should Be Visible'</arg>
<doc>Waits until the element ``locator`` is visible.</doc>
<status status="PASS" starttime="20220108 17:49:53.517" endtime="20220108 17:49:53.539"/>
</kw>
<status status="PASS" starttime="20220108 17:49:53.516" endtime="20220108 17:49:53.539"/>
</kw>
<status status="PASS" starttime="20220108 17:49:53.516" endtime="20220108 17:49:53.539"/>
</iter>
<iter>
<var name="${buttonName}">Login</var>
<kw name="Common::Wait Until Navbar Button Is Visible" library="common">
<arg>${buttonName}</arg>
<kw name="Set Variable" library="BuiltIn">
<var>${button}</var>
<arg>//*[contains(@class, 'navbar')]//*[contains(@id, '${buttonID}')]</arg>
<doc>Returns the given values which can then be assigned to a variables.</doc>
<msg timestamp="20220108 17:49:53.540" level="INFO">${button} = //*[contains(@class, 'navbar')]//*[contains(@id, 'Login')]</msg>
<status status="PASS" starttime="20220108 17:49:53.540" endtime="20220108 17:49:53.540"/>
</kw>
<kw name="Wait Until Element Is Visible" library="Selenium2Library">
<arg>${button}</arg>
<arg>${shortPeriodOfTime}</arg>
<arg>'${buttonID} Button Should Be Visible'</arg>
<doc>Waits until the element ``locator`` is visible.</doc>
<status status="PASS" starttime="20220108 17:49:53.540" endtime="20220108 17:49:53.558"/>
</kw>
<status status="PASS" starttime="20220108 17:49:53.540" endtime="20220108 17:49:53.558"/>
</kw>
<status status="PASS" starttime="20220108 17:49:53.539" endtime="20220108 17:49:53.558"/>
</iter>
<iter>
<var name="${buttonName}">SignUp</var>
<kw name="Common::Wait Until Navbar Button Is Visible" library="common">
<arg>${buttonName}</arg>
<kw name="Set Variable" library="BuiltIn">
<var>${button}</var>
<arg>//*[contains(@class, 'navbar')]//*[contains(@id, '${buttonID}')]</arg>
<doc>Returns the given values which can then be assigned to a variables.</doc>
<msg timestamp="20220108 17:49:53.559" level="INFO">${button} = //*[contains(@class, 'navbar')]//*[contains(@id, 'SignUp')]</msg>
<status status="PASS" starttime="20220108 17:49:53.559" endtime="20220108 17:49:53.559"/>
</kw>
<kw name="Wait Until Element Is Visible" library="Selenium2Library">
<arg>${button}</arg>
<arg>${shortPeriodOfTime}</arg>
<arg>'${buttonID} Button Should Be Visible'</arg>
<doc>Waits until the element ``locator`` is visible.</doc>
<status status="PASS" starttime="20220108 17:49:53.559" endtime="20220108 17:49:53.577"/>
</kw>
<status status="PASS" starttime="20220108 17:49:53.558" endtime="20220108 17:49:53.577"/>
</kw>
<status status="PASS" starttime="20220108 17:49:53.558" endtime="20220108 17:49:53.577"/>
</iter>
<status status="PASS" starttime="20220108 17:49:53.515" endtime="20220108 17:49:53.577"/>
</for>
<status status="PASS" starttime="20220108 17:49:53.515" endtime="20220108 17:49:53.577"/>
</kw>
<status status="PASS" starttime="20220108 17:49:53.362" endtime="20220108 17:49:53.578"/>
</kw>
<status status="PASS" starttime="20220108 17:49:52.152" endtime="20220108 17:49:53.578"/>
</kw>
<status status="PASS" starttime="20220108 17:49:50.629" endtime="20220108 17:49:53.578"/>
</kw>
<kw name="Verify Login As Staff" library="login">
<kw name="Login Page::Wait Until Login Form Is Visible" library="login">
<kw name="Wait Until Element Is Visible" library="Selenium2Library">
<arg>${loginTitle}</arg>
<arg>${normalPeriodOfTime}</arg>
<arg>'Login Title Should Be Visible'</arg>
<doc>Waits until the element ``locator`` is visible.</doc>
<status status="PASS" starttime="20220108 17:49:53.579" endtime="20220108 17:49:53.596"/>
</kw>
<kw name="Wait Until Element Is Visible" library="Selenium2Library">
<arg>${usernameField}</arg>
<arg>${normalPeriodOfTime}</arg>
<arg>'Username Field Should Be Visible'</arg>
<doc>Waits until the element ``locator`` is visible.</doc>
<status status="PASS" starttime="20220108 17:49:53.596" endtime="20220108 17:49:53.612"/>
</kw>
<kw name="Wait Until Element Is Visible" library="Selenium2Library">
<arg>${passwordField}</arg>
<arg>${normalPeriodOfTime}</arg>
<arg>'Password Field Should Be Visible'</arg>
<doc>Waits until the element ``locator`` is visible.</doc>
<status status="PASS" starttime="20220108 17:49:53.613" endtime="20220108 17:49:53.630"/>
</kw>
<kw name="Wait Until Element Is Visible" library="Selenium2Library">
<arg>${rememberMeCheckBox}</arg>
<arg>${normalPeriodOfTime}</arg>
<arg>'Remember Me Check Box Should Be Visible'</arg>
<doc>Waits until the element ``locator`` is visible.</doc>
<status status="PASS" starttime="20220108 17:49:53.630" endtime="20220108 17:49:53.648"/>
</kw>
<kw name="Wait Until Element Is Visible" library="Selenium2Library">
<arg>${loginButton}</arg>
<arg>${normalPeriodOfTime}</arg>
<arg>'Login Button Should Be Visible'</arg>
<doc>Waits until the element ``locator`` is visible.</doc>
<status status="PASS" starttime="20220108 17:49:53.648" endtime="20220108 17:49:53.663"/>
</kw>
<kw name="Wait Until Element Is Visible" library="Selenium2Library">
<arg>${doNotHaveAnAccountButton}</arg>
<arg>${normalPeriodOfTime}</arg>
<arg>'Do Not Have An Account Button Should Be Visible'</arg>
<doc>Waits until the element ``locator`` is visible.</doc>
<status status="PASS" starttime="20220108 17:49:53.663" endtime="20220108 17:49:53.678"/>
</kw>
<kw name="Wait Until Element Is Visible" library="Selenium2Library">
<arg>${forgotPasswordButton}</arg>
<arg>${normalPeriodOfTime}</arg>
<arg>'Forgot Password Button Should Be Visible'</arg>
<doc>Waits until the element ``locator`` is visible.</doc>
<status status="PASS" starttime="20220108 17:49:53.678" endtime="20220108 17:49:53.692"/>
</kw>
<status status="PASS" starttime="20220108 17:49:53.579" endtime="20220108 17:49:53.692"/>
</kw>
<kw name="Login As" library="login">
<arg>username=staff</arg>
<arg>password=staff</arg>
<kw name="Input Text" library="Selenium2Library">
<arg>${usernameField}</arg>
<arg>${username}</arg>
<doc>Types the given ``text`` into the text field identified by ``locator``.</doc>
<msg timestamp="20220108 17:49:53.693" level="INFO">Typing text 'staff' into text field '//*[contains(@class, 'card')]//*[contains(@class, 'card-body')]//form//*[@id='username']'.</msg>
<status status="PASS" starttime="20220108 17:49:53.692" endtime="20220108 17:49:53.716"/>
</kw>
<kw name="Input Text" library="Selenium2Library">
<arg>${passwordField}</arg>
<arg>${password}</arg>
<doc>Types the given ``text`` into the text field identified by ``locator``.</doc>
<msg timestamp="20220108 17:49:53.717" level="INFO">Typing text 'staff' into text field '//*[contains(@class, 'card')]//*[contains(@class, 'card-body')]//form//*[@id='password']'.</msg>
<status status="PASS" starttime="20220108 17:49:53.717" endtime="20220108 17:49:53.736"/>
</kw>
<kw name="Run Keyword If" library="BuiltIn">
<arg>'${rememberMe}'=='${True}'</arg>
<arg>Click Element</arg>
<arg>${rememberMeCheckBox}</arg>
<doc>Runs the given keyword with the given arguments, if ``condition`` is true.</doc>
<status status="PASS" starttime="20220108 17:49:53.736" endtime="20220108 17:49:53.736"/>
</kw>
<kw name="Click Element" library="Selenium2Library">
<arg>${LoginButton}</arg>
<doc>Click the element identified by ``locator``.</doc>
<msg timestamp="20220108 17:49:53.737" level="INFO">Clicking element '//*[contains(@class, 'card')]//*[contains(@class, 'card-body')]//form//*[@id='submit']'.</msg>
<status status="PASS" starttime="20220108 17:49:53.736" endtime="20220108 17:49:54.986"/>
</kw>
<status status="PASS" starttime="20220108 17:49:53.692" endtime="20220108 17:49:54.986"/>
</kw>
<kw name="Flash::Wait Until Flash Message With Category Is Visible" library="common">
<arg>message=Login successful!</arg>
<arg>category=success</arg>
<kw name="Set Variable" library="BuiltIn">
<var>${flaskBox}</var>
<arg>//*[contains(@class, 'alert-${category}')]//*[contains(@class, 'flash')]</arg>
<doc>Returns the given values which can then be assigned to a variables.</doc>
<msg timestamp="20220108 17:49:54.987" level="INFO">${flaskBox} = //*[contains(@class, 'alert-success')]//*[contains(@class, 'flash')]</msg>
<status status="PASS" starttime="20220108 17:49:54.986" endtime="20220108 17:49:54.987"/>
</kw>
<kw name="Set Variable" library="BuiltIn">
<var>${flaskMessage}</var>
<arg>//*[contains(@class, 'alert')]//*[contains(@class, 'flash') and normalize-space()='${message}']</arg>
<doc>Returns the given values which can then be assigned to a variables.</doc>
<msg timestamp="20220108 17:49:54.987" level="INFO">${flaskMessage} = //*[contains(@class, 'alert')]//*[contains(@class, 'flash') and normalize-space()='Login successful!']</msg>
<status status="PASS" starttime="20220108 17:49:54.987" endtime="20220108 17:49:54.987"/>
</kw>
<kw name="Set Variable" library="BuiltIn">
<var>${flaskCloseButton}</var>
<arg>//*[contains(@class, 'alert')]//*[contains(@class, 'flash')]//button[contains(@class, 'btn-close')]</arg>
<doc>Returns the given values which can then be assigned to a variables.</doc>
<msg timestamp="20220108 17:49:54.988" level="INFO">${flaskCloseButton} = //*[contains(@class, 'alert')]//*[contains(@class, 'flash')]//button[contains(@class, 'btn-close')]</msg>
<status status="PASS" starttime="20220108 17:49:54.988" endtime="20220108 17:49:54.988"/>
</kw>
<kw name="Wait Until Element Is Visible" library="Selenium2Library">
<arg>${flaskBox}</arg>
<arg>${shortPeriodOfTime}</arg>
<arg>'Flash Box Should Be Visible'</arg>
<doc>Waits until the element ``locator`` is visible.</doc>
<status status="PASS" starttime="20220108 17:49:54.988" endtime="20220108 17:49:55.012"/>
</kw>
<kw name="Wait Until Element Is Visible" library="Selenium2Library">
<arg>${flaskMessage}</arg>
<arg>${shortPeriodOfTime}</arg>
<arg>'Flash Message Should Be Visible'</arg>
<doc>Waits until the element ``locator`` is visible.</doc>
<status status="PASS" starttime="20220108 17:49:55.012" endtime="20220108 17:49:55.029"/>
</kw>
<kw name="Wait Until Element Is Visible" library="Selenium2Library">
<arg>${flaskCloseButton}</arg>
<arg>${shortPeriodOfTime}</arg>
<arg>'Flash Close Button Should Be Visible'</arg>
<doc>Waits until the element ``locator`` is visible.</doc>
<status status="PASS" starttime="20220108 17:49:55.029" endtime="20220108 17:49:55.047"/>
</kw>
<status status="PASS" starttime="20220108 17:49:54.986" endtime="20220108 17:49:55.048"/>
</kw>
<kw name="Run Keywords" library="BuiltIn" type="TEARDOWN">
<arg>Logout</arg>
<arg>AND</arg>
<arg>Go to Login Page</arg>
<doc>Executes all the given keywords in a sequence.</doc>
<kw name="Logout" library="common">
<kw name="Common::Click Navbar Button" library="common">
<arg>Logout</arg>
<kw name="Common::Wait Until Navbar Button Is Visible" library="common">
<var>${button}</var>
<arg>${buttonID}</arg>
<kw name="Set Variable" library="BuiltIn">
<var>${button}</var>
<arg>//*[contains(@class, 'navbar')]//*[contains(@id, '${buttonID}')]</arg>
<doc>Returns the given values which can then be assigned to a variables.</doc>
<msg timestamp="20220108 17:49:55.049" level="INFO">${button} = //*[contains(@class, 'navbar')]//*[contains(@id, 'Logout')]</msg>
<status status="PASS" starttime="20220108 17:49:55.049" endtime="20220108 17:49:55.050"/>
</kw>
<kw name="Wait Until Element Is Visible" library="Selenium2Library">
<arg>${button}</arg>
<arg>${shortPeriodOfTime}</arg>
<arg>'${buttonID} Button Should Be Visible'</arg>
<doc>Waits until the element ``locator`` is visible.</doc>
<status status="PASS" starttime="20220108 17:49:55.050" endtime="20220108 17:49:55.067"/>
</kw>
<msg timestamp="20220108 17:49:55.067" level="INFO">${button} = //*[contains(@class, 'navbar')]//*[contains(@id, 'Logout')]</msg>
<status status="PASS" starttime="20220108 17:49:55.049" endtime="20220108 17:49:55.067"/>
</kw>
<kw name="Click Element" library="Selenium2Library">
<arg>${button}</arg>
<doc>Click the element identified by ``locator``.</doc>
<msg timestamp="20220108 17:49:55.068" level="INFO">Clicking element '//*[contains(@class, 'navbar')]//*[contains(@id, 'Logout')]'.</msg>
<status status="PASS" starttime="20220108 17:49:55.068" endtime="20220108 17:49:56.046"/>
</kw>
<status status="PASS" starttime="20220108 17:49:55.048" endtime="20220108 17:49:56.046"/>
</kw>
<kw name="Flash::Wait Until Flash Message With Category Is Visible" library="common">
<arg>Logout successful!</arg>
<arg>success</arg>
<kw name="Set Variable" library="BuiltIn">
<var>${flaskBox}</var>
<arg>//*[contains(@class, 'alert-${category}')]//*[contains(@class, 'flash')]</arg>
<doc>Returns the given values which can then be assigned to a variables.</doc>
<msg timestamp="20220108 17:49:56.047" level="INFO">${flaskBox} = //*[contains(@class, 'alert-success')]//*[contains(@class, 'flash')]</msg>
<status status="PASS" starttime="20220108 17:49:56.046" endtime="20220108 17:49:56.047"/>
</kw>
<kw name="Set Variable" library="BuiltIn">
<var>${flaskMessage}</var>
<arg>//*[contains(@class, 'alert')]//*[contains(@class, 'flash') and normalize-space()='${message}']</arg>
<doc>Returns the given values which can then be assigned to a variables.</doc>
<msg timestamp="20220108 17:49:56.047" level="INFO">${flaskMessage} = //*[contains(@class, 'alert')]//*[contains(@class, 'flash') and normalize-space()='Logout successful!']</msg>
<status status="PASS" starttime="20220108 17:49:56.047" endtime="20220108 17:49:56.047"/>
</kw>
<kw name="Set Variable" library="BuiltIn">
<var>${flaskCloseButton}</var>
<arg>//*[contains(@class, 'alert')]//*[contains(@class, 'flash')]//button[contains(@class, 'btn-close')]</arg>
<doc>Returns the given values which can then be assigned to a variables.</doc>
<msg timestamp="20220108 17:49:56.047" level="INFO">${flaskCloseButton} = //*[contains(@class, 'alert')]//*[contains(@class, 'flash')]//button[contains(@class, 'btn-close')]</msg>
<status status="PASS" starttime="20220108 17:49:56.047" endtime="20220108 17:49:56.047"/>
</kw>
<kw name="Wait Until Element Is Visible" library="Selenium2Library">
<arg>${flaskBox}</arg>
<arg>${shortPeriodOfTime}</arg>
<arg>'Flash Box Should Be Visible'</arg>
<doc>Waits until the element ``locator`` is visible.</doc>
<status status="PASS" starttime="20220108 17:49:56.047" endtime="20220108 17:49:56.089"/>
</kw>
<kw name="Wait Until Element Is Visible" library="Selenium2Library">
<arg>${flaskMessage}</arg>
<arg>${shortPeriodOfTime}</arg>
<arg>'Flash Message Should Be Visible'</arg>
<doc>Waits until the element ``locator`` is visible.</doc>
<status status="PASS" starttime="20220108 17:49:56.090" endtime="20220108 17:49:56.111"/>
</kw>
<kw name="Wait Until Element Is Visible" library="Selenium2Library">
<arg>${flaskCloseButton}</arg>
<arg>${shortPeriodOfTime}</arg>
<arg>'Flash Close Button Should Be Visible'</arg>
<doc>Waits until the element ``locator`` is visible.</doc>
<status status="PASS" starttime="20220108 17:49:56.111" endtime="20220108 17:49:56.128"/>
</kw>
<status status="PASS" starttime="20220108 17:49:56.046" endtime="20220108 17:49:56.128"/>
</kw>
<kw name="Common::Wait Until Navbar Contains" library="common">
<arg>Home</arg>
<arg>Login</arg>
<arg>SignUp</arg>
<for flavor="IN">
<var>${buttonName}</var>
<value>@{buttonNames}</value>
<iter>
<var name="${buttonName}">Home</var>
<kw name="Common::Wait Until Navbar Button Is Visible" library="common">
<arg>${buttonName}</arg>
<kw name="Set Variable" library="BuiltIn">
<var>${button}</var>
<arg>//*[contains(@class, 'navbar')]//*[contains(@id, '${buttonID}')]</arg>
<doc>Returns the given values which can then be assigned to a variables.</doc>
<msg timestamp="20220108 17:49:56.130" level="INFO">${button} = //*[contains(@class, 'navbar')]//*[contains(@id, 'Home')]</msg>
<status status="PASS" starttime="20220108 17:49:56.129" endtime="20220108 17:49:56.130"/>
</kw>
<kw name="Wait Until Element Is Visible" library="Selenium2Library">
<arg>${button}</arg>
<arg>${shortPeriodOfTime}</arg>
<arg>'${buttonID} Button Should Be Visible'</arg>
<doc>Waits until the element ``locator`` is visible.</doc>
<status status="PASS" starttime="20220108 17:49:56.130" endtime="20220108 17:49:56.145"/>
</kw>
<status status="PASS" starttime="20220108 17:49:56.129" endtime="20220108 17:49:56.145"/>
</kw>
<status status="PASS" starttime="20220108 17:49:56.129" endtime="20220108 17:49:56.145"/>
</iter>
<iter>
<var name="${buttonName}">Login</var>
<kw name="Common::Wait Until Navbar Button Is Visible" library="common">
<arg>${buttonName}</arg>
<kw name="Set Variable" library="BuiltIn">
<var>${button}</var>
<arg>//*[contains(@class, 'navbar')]//*[contains(@id, '${buttonID}')]</arg>
<doc>Returns the given values which can then be assigned to a variables.</doc>
<msg timestamp="20220108 17:49:56.146" level="INFO">${button} = //*[contains(@class, 'navbar')]//*[contains(@id, 'Login')]</msg>
<status status="PASS" starttime="20220108 17:49:56.146" endtime="20220108 17:49:56.146"/>
</kw>
<kw name="Wait Until Element Is Visible" library="Selenium2Library">
<arg>${button}</arg>
<arg>${shortPeriodOfTime}</arg>
<arg>'${buttonID} Button Should Be Visible'</arg>
<doc>Waits until the element ``locator`` is visible.</doc>
<status status="PASS" starttime="20220108 17:49:56.146" endtime="20220108 17:49:56.163"/>
</kw>
<status status="PASS" starttime="20220108 17:49:56.146" endtime="20220108 17:49:56.163"/>
</kw>
<status status="PASS" starttime="20220108 17:49:56.145" endtime="20220108 17:49:56.163"/>
</iter>
<iter>
<var name="${buttonName}">SignUp</var>
<kw name="Common::Wait Until Navbar Button Is Visible" library="common">
<arg>${buttonName}</arg>
<kw name="Set Variable" library="BuiltIn">
<var>${button}</var>
<arg>//*[contains(@class, 'navbar')]//*[contains(@id, '${buttonID}')]</arg>
<doc>Returns the given values which can then be assigned to a variables.</doc>
<msg timestamp="20220108 17:49:56.164" level="INFO">${button} = //*[contains(@class, 'navbar')]//*[contains(@id, 'SignUp')]</msg>
<status status="PASS" starttime="20220108 17:49:56.164" endtime="20220108 17:49:56.164"/>
</kw>
<kw name="Wait Until Element Is Visible" library="Selenium2Library">
<arg>${button}</arg>
<arg>${shortPeriodOfTime}</arg>
<arg>'${buttonID} Button Should Be Visible'</arg>
<doc>Waits until the element ``locator`` is visible.</doc>
<status status="PASS" starttime="20220108 17:49:56.164" endtime="20220108 17:49:56.180"/>
</kw>
<status status="PASS" starttime="20220108 17:49:56.163" endtime="20220108 17:49:56.180"/>
</kw>
<status status="PASS" starttime="20220108 17:49:56.163" endtime="20220108 17:49:56.180"/>
</iter>
<status status="PASS" starttime="20220108 17:49:56.129" endtime="20220108 17:49:56.180"/>
</for>
<status status="PASS" starttime="20220108 17:49:56.129" endtime="20220108 17:49:56.180"/>
</kw>
<status status="PASS" starttime="20220108 17:49:55.048" endtime="20220108 17:49:56.180"/>
</kw>
<kw name="Go to Login Page" library="common">
<kw name="Common::Click Navbar Button" library="common">
<arg>Login</arg>
<kw name="Common::Wait Until Navbar Button Is Visible" library="common">
<var>${button}</var>
<arg>${buttonID}</arg>
<kw name="Set Variable" library="BuiltIn">
<var>${button}</var>
<arg>//*[contains(@class, 'navbar')]//*[contains(@id, '${buttonID}')]</arg>
<doc>Returns the given values which can then be assigned to a variables.</doc>
<msg timestamp="20220108 17:49:56.181" level="INFO">${button} = //*[contains(@class, 'navbar')]//*[contains(@id, 'Login')]</msg>
<status status="PASS" starttime="20220108 17:49:56.181" endtime="20220108 17:49:56.181"/>
</kw>
<kw name="Wait Until Element Is Visible" library="Selenium2Library">
<arg>${button}</arg>
<arg>${shortPeriodOfTime}</arg>
<arg>'${buttonID} Button Should Be Visible'</arg>
<doc>Waits until the element ``locator`` is visible.</doc>
<status status="PASS" starttime="20220108 17:49:56.182" endtime="20220108 17:49:56.200"/>
</kw>
<msg timestamp="20220108 17:49:56.200" level="INFO">${button} = //*[contains(@class, 'navbar')]//*[contains(@id, 'Login')]</msg>
<status status="PASS" starttime="20220108 17:49:56.181" endtime="20220108 17:49:56.200"/>
</kw>
<kw name="Click Element" library="Selenium2Library">
<arg>${button}</arg>
<doc>Click the element identified by ``locator``.</doc>
<msg timestamp="20220108 17:49:56.201" level="INFO">Clicking element '//*[contains(@class, 'navbar')]//*[contains(@id, 'Login')]'.</msg>
<status status="PASS" starttime="20220108 17:49:56.200" endtime="20220108 17:49:56.317"/>
</kw>
<status status="PASS" starttime="20220108 17:49:56.181" endtime="20220108 17:49:56.317"/>
</kw>
<kw name="Common::Wait Until Navbar Contains" library="common">
<arg>Home</arg>
<arg>Login</arg>
<arg>SignUp</arg>
<for flavor="IN">
<var>${buttonName}</var>
<value>@{buttonNames}</value>
<iter>
<var name="${buttonName}">Home</var>
<kw name="Common::Wait Until Navbar Button Is Visible" library="common">
<arg>${buttonName}</arg>
<kw name="Set Variable" library="BuiltIn">
<var>${button}</var>
<arg>//*[contains(@class, 'navbar')]//*[contains(@id, '${buttonID}')]</arg>
<doc>Returns the given values which can then be assigned to a variables.</doc>
<msg timestamp="20220108 17:49:56.319" level="INFO">${button} = //*[contains(@class, 'navbar')]//*[contains(@id, 'Home')]</msg>
<status status="PASS" starttime="20220108 17:49:56.319" endtime="20220108 17:49:56.319"/>
</kw>
<kw name="Wait Until Element Is Visible" library="Selenium2Library">
<arg>${button}</arg>
<arg>${shortPeriodOfTime}</arg>
<arg>'${buttonID} Button Should Be Visible'</arg>
<doc>Waits until the element ``locator`` is visible.</doc>
<status status="PASS" starttime="20220108 17:49:56.319" endtime="20220108 17:49:56.367"/>
</kw>
<status status="PASS" starttime="20220108 17:49:56.318" endtime="20220108 17:49:56.368"/>
</kw>
<status status="PASS" starttime="20220108 17:49:56.318" endtime="20220108 17:49:56.368"/>
</iter>
<iter>
<var name="${buttonName}">Login</var>
<kw name="Common::Wait Until Navbar Button Is Visible" library="common">
<arg>${buttonName}</arg>
<kw name="Set Variable" library="BuiltIn">
<var>${button}</var>
[...]
<msg timestamp="20220108 17:50:12.819" level="INFO">${button} = //*[contains(@class, 'navbar')]//*[contains(@id, 'Login')]</msg>
<status status="PASS" starttime="20220108 17:50:12.819" endtime="20220108 17:50:12.819"/>
</kw>
<kw name="Wait Until Element Is Visible" library="Selenium2Library">
<arg>${button}</arg>
<arg>${shortPeriodOfTime}</arg>
<arg>'${buttonID} Button Should Be Visible'</arg>
<doc>Waits until the element ``locator`` is visible.</doc>
<status status="PASS" starttime="20220108 17:50:12.819" endtime="20220108 17:50:12.841"/>
</kw>
<status status="PASS" starttime="20220108 17:50:12.818" endtime="20220108 17:50:12.841"/>
</kw>
<status status="PASS" starttime="20220108 17:50:12.818" endtime="20220108 17:50:12.841"/>
</iter>
<iter>
<var name="${buttonName}">SignUp</var>
<kw name="Common::Wait Until Navbar Button Is Visible" library="common">
<arg>${buttonName}</arg>
<kw name="Set Variable" library="BuiltIn">
<var>${button}</var>
<arg>//*[contains(@class, 'navbar')]//*[contains(@id, '${buttonID}')]</arg>
<doc>Returns the given values which can then be assigned to a variables.</doc>
<msg timestamp="20220108 17:50:12.842" level="INFO">${button} = //*[contains(@class, 'navbar')]//*[contains(@id, 'SignUp')]</msg>
<status status="PASS" starttime="20220108 17:50:12.842" endtime="20220108 17:50:12.842"/>
</kw>
<kw name="Wait Until Element Is Visible" library="Selenium2Library">
<arg>${button}</arg>
<arg>${shortPeriodOfTime}</arg>
<arg>'${buttonID} Button Should Be Visible'</arg>
<doc>Waits until the element ``locator`` is visible.</doc>
<status status="PASS" starttime="20220108 17:50:12.842" endtime="20220108 17:50:12.859"/>
</kw>
<status status="PASS" starttime="20220108 17:50:12.841" endtime="20220108 17:50:12.860"/>
</kw>
<status status="PASS" starttime="20220108 17:50:12.841" endtime="20220108 17:50:12.860"/>
</iter>
<status status="PASS" starttime="20220108 17:50:12.799" endtime="20220108 17:50:12.860"/>
</for>
<status status="PASS" starttime="20220108 17:50:12.799" endtime="20220108 17:50:12.860"/>
</kw>
<status status="PASS" starttime="20220108 17:50:12.648" endtime="20220108 17:50:12.861"/>
</kw>
<kw name="Login As" library="login">
<arg>username=staff</arg>
<arg>password=staff</arg>
<kw name="Input Text" library="Selenium2Library">
<arg>${usernameField}</arg>
<arg>${username}</arg>
<doc>Types the given ``text`` into the text field identified by ``locator``.</doc>
<msg timestamp="20220108 17:50:12.863" level="INFO">Typing text 'staff' into text field '//*[contains(@class, 'card')]//*[contains(@class, 'card-body')]//form//*[@id='username']'.</msg>
<status status="PASS" starttime="20220108 17:50:12.862" endtime="20220108 17:50:12.900"/>
</kw>
<kw name="Input Text" library="Selenium2Library">
<arg>${passwordField}</arg>
<arg>${password}</arg>
<doc>Types the given ``text`` into the text field identified by ``locator``.</doc>
<msg timestamp="20220108 17:50:12.900" level="INFO">Typing text 'staff' into text field '//*[contains(@class, 'card')]//*[contains(@class, 'card-body')]//form//*[@id='password']'.</msg>
<status status="PASS" starttime="20220108 17:50:12.900" endtime="20220108 17:50:12.928"/>
</kw>
<kw name="Run Keyword If" library="BuiltIn">
<arg>'${rememberMe}'=='${True}'</arg>
<arg>Click Element</arg>
<arg>${rememberMeCheckBox}</arg>
<doc>Runs the given keyword with the given arguments, if ``condition`` is true.</doc>
<status status="PASS" starttime="20220108 17:50:12.928" endtime="20220108 17:50:12.929"/>
</kw>
<kw name="Click Element" library="Selenium2Library">
<arg>${LoginButton}</arg>
<doc>Click the element identified by ``locator``.</doc>
<msg timestamp="20220108 17:50:12.929" level="INFO">Clicking element '//*[contains(@class, 'card')]//*[contains(@class, 'card-body')]//form//*[@id='submit']'.</msg>
<status status="PASS" starttime="20220108 17:50:12.929" endtime="20220108 17:50:13.595"/>
</kw>
<status status="PASS" starttime="20220108 17:50:12.861" endtime="20220108 17:50:13.595"/>
</kw>
<kw name="Go To Manage Products Page" library="common">
<kw name="Common::Click Navbar Button" library="common">
<arg>ManageProduct</arg>
<kw name="Common::Wait Until Navbar Button Is Visible" library="common">
<var>${button}</var>
<arg>${buttonID}</arg>
<kw name="Set Variable" library="BuiltIn">
<var>${button}</var>
<arg>//*[contains(@class, 'navbar')]//*[contains(@id, '${buttonID}')]</arg>
<doc>Returns the given values which can then be assigned to a variables.</doc>
<msg timestamp="20220108 17:50:13.597" level="INFO">${button} = //*[contains(@class, 'navbar')]//*[contains(@id, 'ManageProduct')]</msg>
<status status="PASS" starttime="20220108 17:50:13.597" endtime="20220108 17:50:13.597"/>
</kw>
<kw name="Wait Until Element Is Visible" library="Selenium2Library">
<arg>${button}</arg>
<arg>${shortPeriodOfTime}</arg>
<arg>'${buttonID} Button Should Be Visible'</arg>
<doc>Waits until the element ``locator`` is visible.</doc>
<status status="PASS" starttime="20220108 17:50:13.597" endtime="20220108 17:50:13.617"/>
</kw>
<msg timestamp="20220108 17:50:13.617" level="INFO">${button} = //*[contains(@class, 'navbar')]//*[contains(@id, 'ManageProduct')]</msg>
<status status="PASS" starttime="20220108 17:50:13.596" endtime="20220108 17:50:13.617"/>
</kw>
<kw name="Click Element" library="Selenium2Library">
<arg>${button}</arg>
<doc>Click the element identified by ``locator``.</doc>
<msg timestamp="20220108 17:50:13.617" level="INFO">Clicking element '//*[contains(@class, 'navbar')]//*[contains(@id, 'ManageProduct')]'.</msg>
<status status="PASS" starttime="20220108 17:50:13.617" endtime="20220108 17:50:14.717"/>
</kw>
<status status="PASS" starttime="20220108 17:50:13.596" endtime="20220108 17:50:14.717"/>
</kw>
<kw name="Common::Wait Until Navbar Contains" library="common">
<arg>Home</arg>
<arg>ManageProduct</arg>
<arg>ManagePromotions</arg>
<arg>ManageOrders</arg>
<arg>UserProfile</arg>
<arg>Logout</arg>
<for flavor="IN">
<var>${buttonName}</var>
<value>@{buttonNames}</value>
<iter>
<var name="${buttonName}">Home</var>
<kw name="Common::Wait Until Navbar Button Is Visible" library="common">
<arg>${buttonName}</arg>
<kw name="Set Variable" library="BuiltIn">
<var>${button}</var>
<arg>//*[contains(@class, 'navbar')]//*[contains(@id, '${buttonID}')]</arg>
<doc>Returns the given values which can then be assigned to a variables.</doc>
<msg timestamp="20220108 17:50:14.718" level="INFO">${button} = //*[contains(@class, 'navbar')]//*[contains(@id, 'Home')]</msg>
<status status="PASS" starttime="20220108 17:50:14.718" endtime="20220108 17:50:14.718"/>
</kw>
<kw name="Wait Until Element Is Visible" library="Selenium2Library">
<arg>${button}</arg>
<arg>${shortPeriodOfTime}</arg>
<arg>'${buttonID} Button Should Be Visible'</arg>
<doc>Waits until the element ``locator`` is visible.</doc>
<status status="PASS" starttime="20220108 17:50:14.718" endtime="20220108 17:50:14.748"/>
</kw>
<status status="PASS" starttime="20220108 17:50:14.718" endtime="20220108 17:50:14.748"/>
</kw>
<status status="PASS" starttime="20220108 17:50:14.717" endtime="20220108 17:50:14.748"/>
</iter>
<iter>
<var name="${buttonName}">ManageProduct</var>
<kw name="Common::Wait Until Navbar Button Is Visible" library="common">
<arg>${buttonName}</arg>
<kw name="Set Variable" library="BuiltIn">
<var>${button}</var>
<arg>//*[contains(@class, 'navbar')]//*[contains(@id, '${buttonID}')]</arg>
<doc>Returns the given values which can then be assigned to a variables.</doc>
<msg timestamp="20220108 17:50:14.749" level="INFO">${button} = //*[contains(@class, 'navbar')]//*[contains(@id, 'ManageProduct')]</msg>
<status status="PASS" starttime="20220108 17:50:14.748" endtime="20220108 17:50:14.749"/>
</kw>
<kw name="Wait Until Element Is Visible" library="Selenium2Library">
<arg>${button}</arg>
<arg>${shortPeriodOfTime}</arg>
<arg>'${buttonID} Button Should Be Visible'</arg>
<doc>Waits until the element ``locator`` is visible.</doc>
<status status="PASS" starttime="20220108 17:50:14.749" endtime="20220108 17:50:14.769"/>
</kw>
<status status="PASS" starttime="20220108 17:50:14.748" endtime="20220108 17:50:14.770"/>
</kw>
<status status="PASS" starttime="20220108 17:50:14.748" endtime="20220108 17:50:14.770"/>
</iter>
<iter>
<var name="${buttonName}">ManagePromotions</var>
<kw name="Common::Wait Until Navbar Button Is Visible" library="common">
<arg>${buttonName}</arg>
<kw name="Set Variable" library="BuiltIn">
<var>${button}</var>
<arg>//*[contains(@class, 'navbar')]//*[contains(@id, '${buttonID}')]</arg>
<doc>Returns the given values which can then be assigned to a variables.</doc>
<msg timestamp="20220108 17:50:14.771" level="INFO">${button} = //*[contains(@class, 'navbar')]//*[contains(@id, 'ManagePromotions')]</msg>
<status status="PASS" starttime="20220108 17:50:14.770" endtime="20220108 17:50:14.771"/>
</kw>
<kw name="Wait Until Element Is Visible" library="Selenium2Library">
<arg>${button}</arg>
<arg>${shortPeriodOfTime}</arg>
<arg>'${buttonID} Button Should Be Visible'</arg>
<doc>Waits until the element ``locator`` is visible.</doc>
<status status="PASS" starttime="20220108 17:50:14.771" endtime="20220108 17:50:14.792"/>
</kw>
<status status="PASS" starttime="20220108 17:50:14.770" endtime="20220108 17:50:14.793"/>
</kw>
<status status="PASS" starttime="20220108 17:50:14.770" endtime="20220108 17:50:14.793"/>
</iter>
<iter>
<var name="${buttonName}">ManageOrders</var>
<kw name="Common::Wait Until Navbar Button Is Visible" library="common">
<arg>${buttonName}</arg>
<kw name="Set Variable" library="BuiltIn">
<var>${button}</var>
<arg>//*[contains(@class, 'navbar')]//*[contains(@id, '${buttonID}')]</arg>
<doc>Returns the given values which can then be assigned to a variables.</doc>
<msg timestamp="20220108 17:50:14.794" level="INFO">${button} = //*[contains(@class, 'navbar')]//*[contains(@id, 'ManageOrders')]</msg>
<status status="PASS" starttime="20220108 17:50:14.794" endtime="20220108 17:50:14.794"/>
</kw>
<kw name="Wait Until Element Is Visible" library="Selenium2Library">
<arg>${button}</arg>
<arg>${shortPeriodOfTime}</arg>
<arg>'${buttonID} Button Should Be Visible'</arg>
<doc>Waits until the element ``locator`` is visible.</doc>
<status status="PASS" starttime="20220108 17:50:14.794" endtime="20220108 17:50:14.814"/>
</kw>
<status status="PASS" starttime="20220108 17:50:14.793" endtime="20220108 17:50:14.815"/>
</kw>
<status status="PASS" starttime="20220108 17:50:14.793" endtime="20220108 17:50:14.815"/>
</iter>
<iter>
<var name="${buttonName}">UserProfile</var>
<kw name="Common::Wait Until Navbar Button Is Visible" library="common">
<arg>${buttonName}</arg>
<kw name="Set Variable" library="BuiltIn">
<var>${button}</var>
<arg>//*[contains(@class, 'navbar')]//*[contains(@id, '${buttonID}')]</arg>
<doc>Returns the given values which can then be assigned to a variables.</doc>
<msg timestamp="20220108 17:50:14.816" level="INFO">${button} = //*[contains(@class, 'navbar')]//*[contains(@id, 'UserProfile')]</msg>
<status status="PASS" starttime="20220108 17:50:14.815" endtime="20220108 17:50:14.816"/>
</kw>
<kw name="Wait Until Element Is Visible" library="Selenium2Library">
<arg>${button}</arg>
<arg>${shortPeriodOfTime}</arg>
<arg>'${buttonID} Button Should Be Visible'</arg>
<doc>Waits until the element ``locator`` is visible.</doc>
<status status="PASS" starttime="20220108 17:50:14.816" endtime="20220108 17:50:14.834"/>
</kw>
<status status="PASS" starttime="20220108 17:50:14.815" endtime="20220108 17:50:14.834"/>
</kw>
<status status="PASS" starttime="20220108 17:50:14.815" endtime="20220108 17:50:14.834"/>
</iter>
<iter>
<var name="${buttonName}">Logout</var>
<kw name="Common::Wait Until Navbar Button Is Visible" library="common">
<arg>${buttonName}</arg>
<kw name="Set Variable" library="BuiltIn">
<var>${button}</var>
<arg>//*[contains(@class, 'navbar')]//*[contains(@id, '${buttonID}')]</arg>
<doc>Returns the given values which can then be assigned to a variables.</doc>
<msg timestamp="20220108 17:50:14.835" level="INFO">${button} = //*[contains(@class, 'navbar')]//*[contains(@id, 'Logout')]</msg>
<status status="PASS" starttime="20220108 17:50:14.835" endtime="20220108 17:50:14.835"/>
</kw>
<kw name="Wait Until Element Is Visible" library="Selenium2Library">
<arg>${button}</arg>
<arg>${shortPeriodOfTime}</arg>
<arg>'${buttonID} Button Should Be Visible'</arg>
<doc>Waits until the element ``locator`` is visible.</doc>
<status status="PASS" starttime="20220108 17:50:14.835" endtime="20220108 17:50:14.852"/>
</kw>
<status status="PASS" starttime="20220108 17:50:14.834" endtime="20220108 17:50:14.853"/>
</kw>
<status status="PASS" starttime="20220108 17:50:14.834" endtime="20220108 17:50:14.853"/>
</iter>
<status status="PASS" starttime="20220108 17:50:14.717" endtime="20220108 17:50:14.853"/>
</for>
<status status="PASS" starttime="20220108 17:50:14.717" endtime="20220108 17:50:14.853"/>
</kw>
<status status="PASS" starttime="20220108 17:50:13.596" endtime="20220108 17:50:14.853"/>
</kw>
<status status="PASS" starttime="20220108 17:50:12.648" endtime="20220108 17:50:14.853"/>
</kw>
<kw name="Verify Manage Product Page Is Visible" library="manageProduct">
<kw name="Manage Product Page::Wait Until Manage Product Page Is Visible" library="manageProduct">
<kw name="Index Page::Wait Until Index Page Is Visible" library="index">
<kw name="Wait Until Element Is Visible" library="Selenium2Library">
<arg>${categoryItem}</arg>
<doc>Waits until the element ``locator`` is visible.</doc>
<status status="PASS" starttime="20220108 17:50:14.854" endtime="20220108 17:50:14.878"/>
</kw>
<kw name="Wait Until Element Is Visible" library="Selenium2Library">
<arg>${categoryBadge}</arg>
<doc>Waits until the element ``locator`` is visible.</doc>
<status status="PASS" starttime="20220108 17:50:14.878" endtime="20220108 17:50:14.896"/>
</kw>
<kw name="Wait Until Element Is Visible" library="Selenium2Library">
<arg>${productCard}</arg>
<doc>Waits until the element ``locator`` is visible.</doc>
<status status="PASS" starttime="20220108 17:50:14.897" endtime="20220108 17:50:14.922"/>
</kw>
<kw name="Wait Until Element Is Visible" library="Selenium2Library">
<arg>${productCardImage}</arg>
<doc>Waits until the element ``locator`` is visible.</doc>
<status status="PASS" starttime="20220108 17:50:14.922" endtime="20220108 17:50:14.947"/>
</kw>
<kw name="Wait Until Element Is Visible" library="Selenium2Library">
<arg>${productCardBody}</arg>
<doc>Waits until the element ``locator`` is visible.</doc>
<status status="PASS" starttime="20220108 17:50:14.947" endtime="20220108 17:50:14.963"/>
</kw>
<status status="PASS" starttime="20220108 17:50:14.854" endtime="20220108 17:50:14.964"/>
</kw>
<kw name="Wait Until Element Is Visible" library="Selenium2Library">
<arg>${addNewCategoryButton}</arg>
<doc>Waits until the element ``locator`` is visible.</doc>
<status status="PASS" starttime="20220108 17:50:14.964" endtime="20220108 17:50:14.980"/>
</kw>
<kw name="Wait Until Element Is Visible" library="Selenium2Library">
<arg>${deleteCategoryButton}</arg>
<doc>Waits until the element ``locator`` is visible.</doc>
<status status="PASS" starttime="20220108 17:50:14.981" endtime="20220108 17:50:14.997"/>
</kw>
<kw name="Wait Until Element Is Visible" library="Selenium2Library">
<arg>${addNewProductCard}</arg>
<doc>Waits until the element ``locator`` is visible.</doc>
<status status="PASS" starttime="20220108 17:50:14.998" endtime="20220108 17:50:15.014"/>
</kw>
<status status="PASS" starttime="20220108 17:50:14.854" endtime="20220108 17:50:15.014"/>
</kw>
<status status="PASS" starttime="20220108 17:50:14.853" endtime="20220108 17:50:15.014"/>
</kw>
<kw name="Go To Home Page" library="common" type="TEARDOWN">
<kw name="Common::Click Navbar Button" library="common">
<arg>Home</arg>
<kw name="Common::Wait Until Navbar Button Is Visible" library="common">
<var>${button}</var>
<arg>${buttonID}</arg>
<kw name="Set Variable" library="BuiltIn">
<var>${button}</var>
<arg>//*[contains(@class, 'navbar')]//*[contains(@id, '${buttonID}')]</arg>
<doc>Returns the given values which can then be assigned to a variables.</doc>
<msg timestamp="20220108 17:50:15.016" level="INFO">${button} = //*[contains(@class, 'navbar')]//*[contains(@id, 'Home')]</msg>
<status status="PASS" starttime="20220108 17:50:15.015" endtime="20220108 17:50:15.016"/>
</kw>
<kw name="Wait Until Element Is Visible" library="Selenium2Library">
<arg>${button}</arg>
<arg>${shortPeriodOfTime}</arg>
<arg>'${buttonID} Button Should Be Visible'</arg>
<doc>Waits until the element ``locator`` is visible.</doc>
<status status="PASS" starttime="20220108 17:50:15.016" endtime="20220108 17:50:15.032"/>
</kw>
<msg timestamp="20220108 17:50:15.032" level="INFO">${button} = //*[contains(@class, 'navbar')]//*[contains(@id, 'Home')]</msg>
<status status="PASS" starttime="20220108 17:50:15.015" endtime="20220108 17:50:15.033"/>
</kw>
<kw name="Click Element" library="Selenium2Library">
<arg>${button}</arg>
<doc>Click the element identified by ``locator``.</doc>
<msg timestamp="20220108 17:50:15.033" level="INFO">Clicking element '//*[contains(@class, 'navbar')]//*[contains(@id, 'Home')]'.</msg>
<status status="PASS" starttime="20220108 17:50:15.033" endtime="20220108 17:50:15.493"/>
</kw>
<status status="PASS" starttime="20220108 17:50:15.015" endtime="20220108 17:50:15.493"/>
</kw>
<kw name="Common::Wait Until Navbar Contains" library="common">
<arg>Home</arg>
<for flavor="IN">
<var>${buttonName}</var>
<value>@{buttonNames}</value>
<iter>
<var name="${buttonName}">Home</var>
<kw name="Common::Wait Until Navbar Button Is Visible" library="common">
<arg>${buttonName}</arg>
<kw name="Set Variable" library="BuiltIn">
<var>${button}</var>
<arg>//*[contains(@class, 'navbar')]//*[contains(@id, '${buttonID}')]</arg>
<doc>Returns the given values which can then be assigned to a variables.</doc>
<msg timestamp="20220108 17:50:15.495" level="INFO">${button} = //*[contains(@class, 'navbar')]//*[contains(@id, 'Home')]</msg>
<status status="PASS" starttime="20220108 17:50:15.495" endtime="20220108 17:50:15.495"/>
</kw>
<kw name="Wait Until Element Is Visible" library="Selenium2Library">
<arg>${button}</arg>
<arg>${shortPeriodOfTime}</arg>
<arg>'${buttonID} Button Should Be Visible'</arg>
<doc>Waits until the element ``locator`` is visible.</doc>
<status status="PASS" starttime="20220108 17:50:15.496" endtime="20220108 17:50:15.519"/>
</kw>
<status status="PASS" starttime="20220108 17:50:15.495" endtime="20220108 17:50:15.519"/>
</kw>
<status status="PASS" starttime="20220108 17:50:15.494" endtime="20220108 17:50:15.519"/>
</iter>
<status status="PASS" starttime="20220108 17:50:15.494" endtime="20220108 17:50:15.520"/>
</for>
<status status="PASS" starttime="20220108 17:50:15.494" endtime="20220108 17:50:15.520"/>
</kw>
<status status="PASS" starttime="20220108 17:50:15.015" endtime="20220108 17:50:15.520"/>
</kw>
<tag>manage_product</tag>
<tag>UIR-05</tag>
<status status="PASS" starttime="20220108 17:50:12.647" endtime="20220108 17:50:15.520"/>
</test>
<kw name="Close Browser" library="Selenium2Library" type="TEARDOWN">
<doc>Closes the current browser.</doc>
<status status="PASS" starttime="20220108 17:50:15.521" endtime="20220108 17:50:16.058"/>
</kw>
<status status="PASS" starttime="20220108 17:49:42.348" endtime="20220108 17:50:16.058"/>
</suite>
<statistics>
<total>
<stat pass="5" fail="0" skip="0">All Tests</stat>
</total>
<tag>
<stat pass="1" fail="0" skip="0">forgotPassword</stat>
<stat pass="1" fail="0" skip="0">index</stat>
<stat pass="1" fail="0" skip="0">login</stat>
<stat pass="1" fail="0" skip="0">manage_product</stat>
<stat pass="1" fail="0" skip="0">register</stat>
<stat pass="1" fail="0" skip="0">UIR-03</stat>
<stat pass="1" fail="0" skip="0">UIR-04</stat>
<stat pass="1" fail="0" skip="0">UIR-05</stat>
</tag>
<suite>
<stat pass="5" fail="0" skip="0" id="s1" name="FeatureTests">FeatureTests</stat>
</suite>
</statistics>
<errors>
</errors>
</robot>
